2023-09-19 20:54:14,505 DEBUG: Code execution started
2023-09-19 20:54:14,506 DEBUG: Code execution started
2023-09-19 20:54:14,513 INFO: [31m[1mWARNING: This is a development server. Do not use it in a production deployment. Use a production WSGI server instead.[0m
 * Running on http://127.0.0.1:5000
2023-09-19 20:54:14,513 INFO: [33mPress CTRL+C to quit[0m
2023-09-19 20:54:34,232 INFO: 127.0.0.1 - - [19/Sep/2023 20:54:34] "GET / HTTP/1.1" 200 -
2023-09-19 20:54:34,400 INFO: 127.0.0.1 - - [19/Sep/2023 20:54:34] "[36mGET /static/css/style.css HTTP/1.1[0m" 304 -
2023-09-19 20:54:34,408 INFO: 127.0.0.1 - - [19/Sep/2023 20:54:34] "[36mGET /static/js/script.js HTTP/1.1[0m" 304 -
2023-09-19 20:54:38,199 INFO: 127.0.0.1 - - [19/Sep/2023 20:54:38] "GET / HTTP/1.1" 200 -
2023-09-19 20:54:38,212 INFO: 127.0.0.1 - - [19/Sep/2023 20:54:38] "[36mGET /static/css/style.css HTTP/1.1[0m" 304 -
2023-09-19 20:54:38,214 INFO: 127.0.0.1 - - [19/Sep/2023 20:54:38] "[36mGET /static/js/script.js HTTP/1.1[0m" 304 -
2023-09-19 20:54:46,881 DEBUG: Python code executed, output: Hello:^
2023-09-19 20:54:46,881 INFO: 127.0.0.1 - - [19/Sep/2023 20:54:46] "POST /runcode HTTP/1.1" 200 -
2023-09-19 21:00:24,239 DEBUG: Code execution started
2023-09-19 21:00:24,247 INFO: [31m[1mWARNING: This is a development server. Do not use it in a production deployment. Use a production WSGI server instead.[0m
 * Running on http://127.0.0.1:5000
2023-09-19 21:00:24,247 INFO: [33mPress CTRL+C to quit[0m
2023-09-19 21:00:51,457 INFO: 127.0.0.1 - - [19/Sep/2023 21:00:51] "GET / HTTP/1.1" 200 -
2023-09-19 21:00:51,600 INFO: 127.0.0.1 - - [19/Sep/2023 21:00:51] "[36mGET /static/js/script.js HTTP/1.1[0m" 304 -
2023-09-19 21:00:51,604 INFO: 127.0.0.1 - - [19/Sep/2023 21:00:51] "[36mGET /static/css/style.css HTTP/1.1[0m" 304 -
2023-09-19 21:01:01,205 DEBUG: Code file created at builds/js/code.js
2023-09-19 21:01:01,254 DEBUG: Code compiled with command: node builds/js/code.js -o builds/js/code
2023-09-19 21:01:01,255 INFO: 127.0.0.1 - - [19/Sep/2023 21:01:01] "POST /runcode HTTP/1.1" 200 -
2023-09-19 21:03:50,884 DEBUG: Code execution started
2023-09-19 21:03:50,893 INFO: [31m[1mWARNING: This is a development server. Do not use it in a production deployment. Use a production WSGI server instead.[0m
 * Running on http://127.0.0.1:5000
2023-09-19 21:03:50,894 INFO: [33mPress CTRL+C to quit[0m
2023-09-19 21:03:54,284 INFO: 127.0.0.1 - - [19/Sep/2023 21:03:54] "GET / HTTP/1.1" 200 -
2023-09-19 21:03:54,422 INFO: 127.0.0.1 - - [19/Sep/2023 21:03:54] "[36mGET /static/css/style.css HTTP/1.1[0m" 304 -
2023-09-19 21:03:54,425 INFO: 127.0.0.1 - - [19/Sep/2023 21:03:54] "[36mGET /static/js/script.js HTTP/1.1[0m" 304 -
2023-09-19 21:04:04,754 INFO: 127.0.0.1 - - [19/Sep/2023 21:04:04] "GET / HTTP/1.1" 200 -
2023-09-19 21:04:04,764 INFO: 127.0.0.1 - - [19/Sep/2023 21:04:04] "[36mGET /static/css/style.css HTTP/1.1[0m" 304 -
2023-09-19 21:04:04,767 INFO: 127.0.0.1 - - [19/Sep/2023 21:04:04] "[36mGET /static/js/script.js HTTP/1.1[0m" 304 -
2023-09-19 21:04:20,177 INFO: 127.0.0.1 - - [19/Sep/2023 21:04:20] "GET / HTTP/1.1" 200 -
2023-09-19 21:04:20,195 INFO: 127.0.0.1 - - [19/Sep/2023 21:04:20] "[36mGET /static/css/style.css HTTP/1.1[0m" 304 -
2023-09-19 21:04:20,201 INFO: 127.0.0.1 - - [19/Sep/2023 21:04:20] "[36mGET /static/js/script.js HTTP/1.1[0m" 304 -
2023-09-19 21:04:27,799 DEBUG: Code file created at builds/js/code.js
2023-09-19 21:04:27,855 DEBUG: Code compiled with command: node builds/js/code.js -o builds/js/code
2023-09-19 21:04:27,857 INFO: 127.0.0.1 - - [19/Sep/2023 21:04:27] "POST /runcode HTTP/1.1" 200 -
2023-09-19 21:09:50,027 DEBUG: Code execution started
2023-09-19 21:09:50,034 INFO: [31m[1mWARNING: This is a development server. Do not use it in a production deployment. Use a production WSGI server instead.[0m
 * Running on http://127.0.0.1:5000
2023-09-19 21:09:50,034 INFO: [33mPress CTRL+C to quit[0m
2023-09-19 21:09:52,940 INFO: 127.0.0.1 - - [19/Sep/2023 21:09:52] "GET / HTTP/1.1" 200 -
2023-09-19 21:09:53,078 INFO: 127.0.0.1 - - [19/Sep/2023 21:09:53] "[36mGET /static/css/style.css HTTP/1.1[0m" 304 -
2023-09-19 21:09:53,082 INFO: 127.0.0.1 - - [19/Sep/2023 21:09:53] "GET /static/js/script.js HTTP/1.1" 200 -
2023-09-19 21:10:00,028 DEBUG: Code file created at builds/js/code.js
2023-09-19 21:10:00,078 DEBUG: Code compiled with command: node builds/js/code.js -o builds/js/code
2023-09-19 21:10:00,079 INFO: 127.0.0.1 - - [19/Sep/2023 21:10:00] "POST /runcode HTTP/1.1" 200 -
2023-09-19 21:12:00,462 DEBUG: Code execution started
2023-09-19 21:12:00,478 INFO: [31m[1mWARNING: This is a development server. Do not use it in a production deployment. Use a production WSGI server instead.[0m
 * Running on http://127.0.0.1:5000
2023-09-19 21:12:00,478 INFO: [33mPress CTRL+C to quit[0m
2023-09-19 21:12:23,328 DEBUG: Code file created at builds/js/code.js
2023-09-19 21:12:23,379 DEBUG: Code compiled with command: node builds/js/code.js -o builds/js/code
2023-09-19 21:12:23,381 INFO: 127.0.0.1 - - [19/Sep/2023 21:12:23] "POST /runcode HTTP/1.1" 200 -
2023-09-19 21:12:29,065 INFO: 127.0.0.1 - - [19/Sep/2023 21:12:29] "GET / HTTP/1.1" 200 -
2023-09-19 21:12:29,081 INFO: 127.0.0.1 - - [19/Sep/2023 21:12:29] "[36mGET /static/css/style.css HTTP/1.1[0m" 304 -
2023-09-19 21:12:29,081 INFO: 127.0.0.1 - - [19/Sep/2023 21:12:29] "[36mGET /static/js/script.js HTTP/1.1[0m" 304 -
2023-09-19 21:12:37,606 DEBUG: Code file created at builds/js/code.js
2023-09-19 21:12:37,652 DEBUG: Code compiled with command: node builds/js/code.js -o builds/js/code
2023-09-19 21:12:37,654 INFO: 127.0.0.1 - - [19/Sep/2023 21:12:37] "POST /runcode HTTP/1.1" 200 -
2023-09-19 21:12:49,060 DEBUG: Code execution started
2023-09-19 21:12:49,076 INFO: [31m[1mWARNING: This is a development server. Do not use it in a production deployment. Use a production WSGI server instead.[0m
 * Running on http://127.0.0.1:5000
2023-09-19 21:12:49,077 INFO: [33mPress CTRL+C to quit[0m
2023-09-19 21:12:54,458 DEBUG: Code file created at builds/js/code.js
2023-09-19 21:12:54,508 DEBUG: Code compiled with command: node builds/js/code.js -o builds/js/code
2023-09-19 21:12:54,509 INFO: 127.0.0.1 - - [19/Sep/2023 21:12:54] "POST /runcode HTTP/1.1" 200 -
2023-09-19 21:13:22,210 INFO: 127.0.0.1 - - [19/Sep/2023 21:13:22] "[36mGET /static/css/style.css HTTP/1.1[0m" 304 -
2023-09-19 21:17:41,451 DEBUG: Code execution started
2023-09-19 21:17:41,467 INFO: [31m[1mWARNING: This is a development server. Do not use it in a production deployment. Use a production WSGI server instead.[0m
 * Running on http://127.0.0.1:5000
2023-09-19 21:17:41,467 INFO: [33mPress CTRL+C to quit[0m
2023-09-19 21:17:46,048 INFO: 127.0.0.1 - - [19/Sep/2023 21:17:46] "GET / HTTP/1.1" 200 -
2023-09-19 21:17:46,066 INFO: 127.0.0.1 - - [19/Sep/2023 21:17:46] "GET /static/css/style.css HTTP/1.1" 200 -
2023-09-19 21:17:46,068 INFO: 127.0.0.1 - - [19/Sep/2023 21:17:46] "[36mGET /static/js/script.js HTTP/1.1[0m" 304 -
2023-09-19 21:18:00,982 INFO: 127.0.0.1 - - [19/Sep/2023 21:18:00] "GET / HTTP/1.1" 200 -
2023-09-19 21:18:00,996 INFO: 127.0.0.1 - - [19/Sep/2023 21:18:00] "[36mGET /static/css/style.css HTTP/1.1[0m" 304 -
2023-09-19 21:18:00,996 INFO: 127.0.0.1 - - [19/Sep/2023 21:18:00] "[36mGET /static/js/script.js HTTP/1.1[0m" 304 -
2023-09-19 21:18:02,360 INFO: 127.0.0.1 - - [19/Sep/2023 21:18:02] "GET / HTTP/1.1" 200 -
2023-09-19 21:18:02,374 INFO: 127.0.0.1 - - [19/Sep/2023 21:18:02] "[36mGET /static/css/style.css HTTP/1.1[0m" 304 -
2023-09-19 21:18:02,375 INFO: 127.0.0.1 - - [19/Sep/2023 21:18:02] "[36mGET /static/js/script.js HTTP/1.1[0m" 304 -
2023-09-19 21:18:03,742 INFO: 127.0.0.1 - - [19/Sep/2023 21:18:03] "GET / HTTP/1.1" 200 -
2023-09-19 21:18:03,752 INFO: 127.0.0.1 - - [19/Sep/2023 21:18:03] "[36mGET /static/css/style.css HTTP/1.1[0m" 304 -
2023-09-19 21:18:03,755 INFO: 127.0.0.1 - - [19/Sep/2023 21:18:03] "[36mGET /static/js/script.js HTTP/1.1[0m" 304 -
2023-09-19 21:18:06,162 INFO: 127.0.0.1 - - [19/Sep/2023 21:18:06] "GET / HTTP/1.1" 200 -
2023-09-19 21:18:06,185 INFO: 127.0.0.1 - - [19/Sep/2023 21:18:06] "[36mGET /static/css/style.css HTTP/1.1[0m" 304 -
2023-09-19 21:18:06,187 INFO: 127.0.0.1 - - [19/Sep/2023 21:18:06] "[36mGET /static/js/script.js HTTP/1.1[0m" 304 -
2023-09-19 21:18:15,587 DEBUG: Code execution started
2023-09-19 21:18:15,602 INFO: [31m[1mWARNING: This is a development server. Do not use it in a production deployment. Use a production WSGI server instead.[0m
 * Running on http://127.0.0.1:5000
2023-09-19 21:18:15,603 INFO: [33mPress CTRL+C to quit[0m
2023-09-19 21:18:35,326 INFO: 127.0.0.1 - - [19/Sep/2023 21:18:35] "GET / HTTP/1.1" 200 -
2023-09-19 21:18:35,368 INFO: 127.0.0.1 - - [19/Sep/2023 21:18:35] "[36mGET /static/css/style.css HTTP/1.1[0m" 304 -
2023-09-19 21:18:35,372 INFO: 127.0.0.1 - - [19/Sep/2023 21:18:35] "[36mGET /static/js/script.js HTTP/1.1[0m" 304 -
2023-09-19 21:18:37,453 INFO: 127.0.0.1 - - [19/Sep/2023 21:18:37] "[36mGET /static/css/style.css HTTP/1.1[0m" 304 -
2023-09-19 21:18:50,390 DEBUG: Code file created at builds/js/code.js
2023-09-19 21:18:50,441 DEBUG: Code compiled with command: node builds/js/code.js -o builds/js/code
2023-09-19 21:18:50,443 INFO: 127.0.0.1 - - [19/Sep/2023 21:18:50] "POST /runcode HTTP/1.1" 200 -
2023-09-19 21:18:51,585 DEBUG: Code file created at builds/js/code.js
2023-09-19 21:18:51,631 DEBUG: Code compiled with command: node builds/js/code.js -o builds/js/code
2023-09-19 21:18:51,633 INFO: 127.0.0.1 - - [19/Sep/2023 21:18:51] "POST /runcode HTTP/1.1" 200 -
2023-09-19 21:18:51,986 DEBUG: Code file created at builds/js/code.js
2023-09-19 21:18:52,034 DEBUG: Code compiled with command: node builds/js/code.js -o builds/js/code
2023-09-19 21:18:52,035 INFO: 127.0.0.1 - - [19/Sep/2023 21:18:52] "POST /runcode HTTP/1.1" 200 -
2023-09-19 21:19:50,201 DEBUG: Code execution started
2023-09-19 21:19:50,218 INFO: [31m[1mWARNING: This is a development server. Do not use it in a production deployment. Use a production WSGI server instead.[0m
 * Running on http://127.0.0.1:5000
2023-09-19 21:19:50,218 INFO: [33mPress CTRL+C to quit[0m
2023-09-19 21:19:52,415 DEBUG: Code file created at builds/js/code.js
2023-09-19 21:19:52,463 DEBUG: Code compiled with command: node builds/js/code.js -o builds/js/code
2023-09-19 21:19:52,465 INFO: 127.0.0.1 - - [19/Sep/2023 21:19:52] "POST /runcode HTTP/1.1" 200 -
2023-09-19 21:19:57,063 DEBUG: Code file created at builds/js/code.js
2023-09-19 21:19:57,108 DEBUG: Code compiled with command: node builds/js/code.js -o builds/js/code
2023-09-19 21:19:57,109 INFO: 127.0.0.1 - - [19/Sep/2023 21:19:57] "POST /runcode HTTP/1.1" 200 -
2023-09-19 21:20:02,638 INFO: 127.0.0.1 - - [19/Sep/2023 21:20:02] "GET / HTTP/1.1" 200 -
2023-09-19 21:20:02,653 INFO: 127.0.0.1 - - [19/Sep/2023 21:20:02] "[36mGET /static/css/style.css HTTP/1.1[0m" 304 -
2023-09-19 21:20:02,655 INFO: 127.0.0.1 - - [19/Sep/2023 21:20:02] "[36mGET /static/js/script.js HTTP/1.1[0m" 304 -
2023-09-19 21:20:08,275 DEBUG: Code file created at builds/js/code.js
2023-09-19 21:20:08,332 DEBUG: Code compiled with command: node builds/js/code.js -o builds/js/code
2023-09-19 21:20:08,333 INFO: 127.0.0.1 - - [19/Sep/2023 21:20:08] "POST /runcode HTTP/1.1" 200 -
2023-09-19 21:20:40,018 DEBUG: Code execution started
2023-09-19 21:20:40,055 INFO: [31m[1mWARNING: This is a development server. Do not use it in a production deployment. Use a production WSGI server instead.[0m
 * Running on http://127.0.0.1:5000
2023-09-19 21:20:40,055 INFO: [33mPress CTRL+C to quit[0m
2023-09-19 21:20:40,060 INFO:  * Restarting with stat
2023-09-19 21:20:40,373 DEBUG: Code execution started
2023-09-19 21:20:40,379 WARNING:  * Debugger is active!
2023-09-19 21:20:40,525 INFO:  * Debugger PIN: 149-708-726
2023-09-19 21:20:43,667 INFO: 127.0.0.1 - - [19/Sep/2023 21:20:43] "GET / HTTP/1.1" 200 -
2023-09-19 21:20:43,683 INFO: 127.0.0.1 - - [19/Sep/2023 21:20:43] "[36mGET /static/css/style.css HTTP/1.1[0m" 304 -
2023-09-19 21:20:43,685 INFO: 127.0.0.1 - - [19/Sep/2023 21:20:43] "[36mGET /static/js/script.js HTTP/1.1[0m" 304 -
2023-09-19 21:20:48,775 DEBUG: Code file created at builds/js/code.js
2023-09-19 21:20:48,827 DEBUG: Code compiled with command: node builds/js/code.js -o builds/js/code
2023-09-19 21:20:48,830 INFO: 127.0.0.1 - - [19/Sep/2023 21:20:48] "POST /runcode HTTP/1.1" 200 -
2023-09-19 21:21:41,633 DEBUG: Code execution started
2023-09-19 21:21:41,649 INFO: [31m[1mWARNING: This is a development server. Do not use it in a production deployment. Use a production WSGI server instead.[0m
 * Running on http://127.0.0.1:5000
2023-09-19 21:21:41,649 INFO: [33mPress CTRL+C to quit[0m
2023-09-19 21:22:09,618 DEBUG: Code file created at builds/js/code.js
2023-09-19 21:22:09,665 DEBUG: Code compiled with command: node builds/js/code.js -o builds/js/code
2023-09-19 21:22:09,667 INFO: 127.0.0.1 - - [19/Sep/2023 21:22:09] "POST /runcode HTTP/1.1" 200 -
2023-09-19 21:24:04,341 INFO:  * Detected change in 'E:\\VSCodeProject\\OPC\\main.py', reloading
2023-09-19 21:24:04,383 INFO:  * Restarting with stat
2023-09-19 21:24:04,759 DEBUG: Code execution started
2023-09-19 21:24:04,767 WARNING:  * Debugger is active!
2023-09-19 21:24:04,774 INFO:  * Debugger PIN: 149-708-726
2023-09-19 21:24:14,895 INFO:  * Detected change in 'E:\\VSCodeProject\\OPC\\utils\\execute.py', reloading
2023-09-19 21:24:14,944 INFO:  * Restarting with stat
2023-09-19 21:24:15,300 DEBUG: Code execution started
2023-09-19 21:24:15,315 WARNING:  * Debugger is active!
2023-09-19 21:24:15,333 INFO:  * Debugger PIN: 149-708-726
2023-09-19 21:24:31,571 INFO:  * Detected change in 'E:\\VSCodeProject\\OPC\\main.py', reloading
2023-09-19 21:24:31,608 INFO:  * Restarting with stat
2023-09-19 21:24:31,951 DEBUG: Code execution started
2023-09-19 21:24:31,959 WARNING:  * Debugger is active!
2023-09-19 21:24:31,965 INFO:  * Debugger PIN: 149-708-726
2023-09-19 21:24:35,372 DEBUG: Code execution started
2023-09-19 21:24:35,389 INFO: [31m[1mWARNING: This is a development server. Do not use it in a production deployment. Use a production WSGI server instead.[0m
 * Running on http://127.0.0.1:5000
2023-09-19 21:24:35,389 INFO: [33mPress CTRL+C to quit[0m
2023-09-19 21:24:37,449 INFO: 127.0.0.1 - - [19/Sep/2023 21:24:37] "GET / HTTP/1.1" 200 -
2023-09-19 21:24:37,464 INFO: 127.0.0.1 - - [19/Sep/2023 21:24:37] "[36mGET /static/css/style.css HTTP/1.1[0m" 304 -
2023-09-19 21:24:37,468 INFO: 127.0.0.1 - - [19/Sep/2023 21:24:37] "[36mGET /static/js/script.js HTTP/1.1[0m" 304 -
2023-09-19 21:24:43,534 DEBUG: Python code executed, output: 23
2023-09-19 21:24:43,534 INFO: 127.0.0.1 - - [19/Sep/2023 21:24:43] "POST /runcode HTTP/1.1" 200 -
2023-09-19 21:25:04,161 DEBUG: Code file created at builds/cpp/code.cpp
2023-09-19 21:25:04,739 DEBUG: Code compiled with command: g++ builds/cpp/code.cpp -o builds/cpp/code
2023-09-19 21:25:04,805 DEBUG: Code executed, stdout: 23, stderr: None
2023-09-19 21:25:04,806 INFO: 127.0.0.1 - - [19/Sep/2023 21:25:04] "POST /runcode HTTP/1.1" 200 -
2023-09-19 21:25:07,895 DEBUG: Code file created at builds/cpp/code.cpp
2023-09-19 21:25:08,306 DEBUG: Code compiled with command: g++ builds/cpp/code.cpp -o builds/cpp/code
2023-09-19 21:25:08,358 DEBUG: Code executed, stdout: 2433, stderr: None
2023-09-19 21:25:08,358 INFO: 127.0.0.1 - - [19/Sep/2023 21:25:08] "POST /runcode HTTP/1.1" 200 -
2023-09-19 21:25:16,338 DEBUG: Code file created at builds/js/code.js
2023-09-19 21:25:16,387 DEBUG: Code compiled with command: node builds/js/code.js -o builds/js/code
2023-09-19 21:25:16,388 INFO: 127.0.0.1 - - [19/Sep/2023 21:25:16] "POST /runcode HTTP/1.1" 200 -
2023-09-19 21:26:16,841 INFO:  * Detected change in 'E:\\VSCodeProject\\OPC\\utils\\execute.py', reloading
2023-09-19 21:26:16,891 INFO:  * Restarting with stat
2023-09-19 21:26:17,318 DEBUG: Code execution started
2023-09-19 21:26:17,327 WARNING:  * Debugger is active!
2023-09-19 21:26:17,331 INFO:  * Debugger PIN: 149-708-726
2023-09-19 21:27:04,803 INFO:  * Detected change in 'E:\\VSCodeProject\\OPC\\utils\\execute.py', reloading
2023-09-19 21:27:04,844 INFO:  * Restarting with stat
2023-09-19 21:27:05,174 DEBUG: Code execution started
2023-09-19 21:27:05,185 WARNING:  * Debugger is active!
2023-09-19 21:27:05,190 INFO:  * Debugger PIN: 149-708-726
2023-09-19 21:27:46,531 INFO:  * Detected change in 'E:\\VSCodeProject\\OPC\\utils\\execute.py', reloading
2023-09-19 21:27:46,579 INFO:  * Restarting with stat
2023-09-19 21:27:46,986 DEBUG: Code execution started
2023-09-19 21:27:46,995 WARNING:  * Debugger is active!
2023-09-19 21:27:46,999 INFO:  * Debugger PIN: 149-708-726
2023-09-19 21:27:54,892 DEBUG: Code execution started
2023-09-19 21:27:54,909 INFO: [31m[1mWARNING: This is a development server. Do not use it in a production deployment. Use a production WSGI server instead.[0m
 * Running on http://127.0.0.1:5000
2023-09-19 21:27:54,909 INFO: [33mPress CTRL+C to quit[0m
2023-09-19 21:27:56,780 INFO: 127.0.0.1 - - [19/Sep/2023 21:27:56] "GET / HTTP/1.1" 200 -
2023-09-19 21:27:56,798 INFO: 127.0.0.1 - - [19/Sep/2023 21:27:56] "[36mGET /static/css/style.css HTTP/1.1[0m" 304 -
2023-09-19 21:27:56,801 INFO: 127.0.0.1 - - [19/Sep/2023 21:27:56] "[36mGET /static/js/script.js HTTP/1.1[0m" 304 -
2023-09-19 21:28:01,856 INFO: 127.0.0.1 - - [19/Sep/2023 21:28:01] "GET / HTTP/1.1" 200 -
2023-09-19 21:28:01,867 INFO: 127.0.0.1 - - [19/Sep/2023 21:28:01] "[36mGET /static/css/style.css HTTP/1.1[0m" 304 -
2023-09-19 21:28:01,870 INFO: 127.0.0.1 - - [19/Sep/2023 21:28:01] "[36mGET /static/js/script.js HTTP/1.1[0m" 304 -
2023-09-19 21:28:38,642 DEBUG: Python code executed, output: 2
2023-09-19 21:28:38,642 INFO: 127.0.0.1 - - [19/Sep/2023 21:28:38] "POST /runcode HTTP/1.1" 200 -
2023-09-19 21:28:57,236 DEBUG: Code file created at builds/cpp/code.cpp
2023-09-19 21:28:57,646 DEBUG: Code compiled with command: g++ builds/cpp/code.cpp -o builds/cpp/code
2023-09-19 21:28:57,702 DEBUG: Code executed, stdout: 2, stderr: None
2023-09-19 21:28:57,703 INFO: 127.0.0.1 - - [19/Sep/2023 21:28:57] "POST /runcode HTTP/1.1" 200 -
2023-09-19 21:28:59,503 DEBUG: Code file created at builds/cpp/code.cpp
2023-09-19 21:28:59,913 DEBUG: Code compiled with command: g++ builds/cpp/code.cpp -o builds/cpp/code
2023-09-19 21:28:59,967 DEBUG: Code executed, stdout: 4, stderr: None
2023-09-19 21:28:59,968 INFO: 127.0.0.1 - - [19/Sep/2023 21:28:59] "POST /runcode HTTP/1.1" 200 -
2023-09-19 21:31:13,772 DEBUG: Code execution started
2023-09-19 21:31:13,795 INFO: [31m[1mWARNING: This is a development server. Do not use it in a production deployment. Use a production WSGI server instead.[0m
 * Running on http://127.0.0.1:5000
2023-09-19 21:31:13,795 INFO: [33mPress CTRL+C to quit[0m
2023-09-19 21:31:18,674 INFO: 127.0.0.1 - - [19/Sep/2023 21:31:18] "GET / HTTP/1.1" 200 -
2023-09-19 21:31:18,696 INFO: 127.0.0.1 - - [19/Sep/2023 21:31:18] "[36mGET /static/css/style.css HTTP/1.1[0m" 304 -
2023-09-19 21:31:18,697 INFO: 127.0.0.1 - - [19/Sep/2023 21:31:18] "[36mGET /static/js/script.js HTTP/1.1[0m" 304 -
2023-09-19 21:32:21,666 INFO: 127.0.0.1 - - [19/Sep/2023 21:32:21] "GET / HTTP/1.1" 200 -
2023-09-19 21:32:21,687 INFO: 127.0.0.1 - - [19/Sep/2023 21:32:21] "[36mGET /static/css/style.css HTTP/1.1[0m" 304 -
2023-09-19 21:32:21,694 INFO: 127.0.0.1 - - [19/Sep/2023 21:32:21] "[36mGET /static/js/script.js HTTP/1.1[0m" 304 -
2023-09-19 21:32:32,590 INFO: 127.0.0.1 - - [19/Sep/2023 21:32:32] "GET / HTTP/1.1" 200 -
2023-09-19 21:32:32,598 INFO: 127.0.0.1 - - [19/Sep/2023 21:32:32] "GET /static/css/style.css HTTP/1.1" 200 -
2023-09-19 21:32:32,600 INFO: 127.0.0.1 - - [19/Sep/2023 21:32:32] "GET /static/js/script.js HTTP/1.1" 200 -
2023-09-19 21:32:32,788 INFO: 127.0.0.1 - - [19/Sep/2023 21:32:32] "[33mGET /favicon.ico HTTP/1.1[0m" 404 -
2023-09-19 21:32:56,701 INFO: 127.0.0.1 - - [19/Sep/2023 21:32:56] "GET / HTTP/1.1" 200 -
2023-09-19 21:32:56,715 INFO: 127.0.0.1 - - [19/Sep/2023 21:32:56] "[36mGET /static/css/style.css HTTP/1.1[0m" 304 -
2023-09-19 21:32:56,718 INFO: 127.0.0.1 - - [19/Sep/2023 21:32:56] "[36mGET /static/js/script.js HTTP/1.1[0m" 304 -
2023-09-19 21:33:11,241 DEBUG: Code execution started
2023-09-19 21:33:11,259 INFO: [31m[1mWARNING: This is a development server. Do not use it in a production deployment. Use a production WSGI server instead.[0m
 * Running on http://127.0.0.1:5000
2023-09-19 21:33:11,259 INFO: [33mPress CTRL+C to quit[0m
2023-09-19 21:33:12,188 INFO: 127.0.0.1 - - [19/Sep/2023 21:33:12] "GET / HTTP/1.1" 200 -
2023-09-19 21:33:12,200 INFO: 127.0.0.1 - - [19/Sep/2023 21:33:12] "[36mGET /static/css/style.css HTTP/1.1[0m" 304 -
2023-09-19 21:33:12,204 INFO: 127.0.0.1 - - [19/Sep/2023 21:33:12] "[36mGET /static/js/script.js HTTP/1.1[0m" 304 -
2023-09-19 21:33:12,987 INFO: 127.0.0.1 - - [19/Sep/2023 21:33:12] "GET / HTTP/1.1" 200 -
2023-09-19 21:33:13,002 INFO: 127.0.0.1 - - [19/Sep/2023 21:33:13] "[36mGET /static/css/style.css HTTP/1.1[0m" 304 -
2023-09-19 21:33:13,005 INFO: 127.0.0.1 - - [19/Sep/2023 21:33:13] "[36mGET /static/js/script.js HTTP/1.1[0m" 304 -
2023-09-19 21:33:13,613 INFO: 127.0.0.1 - - [19/Sep/2023 21:33:13] "GET / HTTP/1.1" 200 -
2023-09-19 21:33:13,624 INFO: 127.0.0.1 - - [19/Sep/2023 21:33:13] "[36mGET /static/css/style.css HTTP/1.1[0m" 304 -
2023-09-19 21:33:13,627 INFO: 127.0.0.1 - - [19/Sep/2023 21:33:13] "[36mGET /static/js/script.js HTTP/1.1[0m" 304 -
2023-09-19 21:33:14,160 INFO: 127.0.0.1 - - [19/Sep/2023 21:33:14] "GET / HTTP/1.1" 200 -
2023-09-19 21:33:14,170 INFO: 127.0.0.1 - - [19/Sep/2023 21:33:14] "[36mGET /static/css/style.css HTTP/1.1[0m" 304 -
2023-09-19 21:33:14,171 INFO: 127.0.0.1 - - [19/Sep/2023 21:33:14] "[36mGET /static/js/script.js HTTP/1.1[0m" 304 -
2023-09-19 21:33:56,707 INFO: 127.0.0.1 - - [19/Sep/2023 21:33:56] "GET / HTTP/1.1" 200 -
2023-09-19 21:33:56,727 INFO: 127.0.0.1 - - [19/Sep/2023 21:33:56] "[36mGET /static/css/style.css HTTP/1.1[0m" 304 -
2023-09-19 21:33:56,729 INFO: 127.0.0.1 - - [19/Sep/2023 21:33:56] "[36mGET /static/js/script.js HTTP/1.1[0m" 304 -
2023-09-19 21:34:20,836 DEBUG: Code file created at builds/c/code.c
2023-09-19 21:34:21,047 DEBUG: Code compiled with command: gcc builds/c/code.c -o builds/c/code
2023-09-19 21:34:21,092 DEBUG: Code executed, stdout: Hello, World!, stderr: None
2023-09-19 21:34:21,093 INFO: 127.0.0.1 - - [19/Sep/2023 21:34:21] "POST /runcode HTTP/1.1" 200 -
2023-09-19 21:34:27,648 DEBUG: Code file created at builds/js/code.js
2023-09-19 21:34:27,699 DEBUG: Code compiled with command: node builds/js/code.js -o builds/js/code
2023-09-19 21:34:27,700 INFO: 127.0.0.1 - - [19/Sep/2023 21:34:27] "POST /runcode HTTP/1.1" 200 -
2023-09-19 21:35:11,595 INFO:  * Detected change in 'E:\\VSCodeProject\\OPC\\utils\\execute.py', reloading
2023-09-19 21:35:11,650 INFO:  * Restarting with stat
2023-09-19 21:35:12,004 DEBUG: Code execution started
2023-09-19 21:35:12,016 WARNING:  * Debugger is active!
2023-09-19 21:35:12,021 INFO:  * Debugger PIN: 149-708-726
2023-09-19 21:35:12,385 DEBUG: Code execution started
2023-09-19 21:35:12,408 INFO: [31m[1mWARNING: This is a development server. Do not use it in a production deployment. Use a production WSGI server instead.[0m
 * Running on http://127.0.0.1:5000
2023-09-19 21:35:12,408 INFO: [33mPress CTRL+C to quit[0m
2023-09-19 21:35:15,399 INFO: 127.0.0.1 - - [19/Sep/2023 21:35:15] "GET / HTTP/1.1" 200 -
2023-09-19 21:35:15,417 INFO: 127.0.0.1 - - [19/Sep/2023 21:35:15] "[36mGET /static/css/style.css HTTP/1.1[0m" 304 -
2023-09-19 21:35:15,419 INFO: 127.0.0.1 - - [19/Sep/2023 21:35:15] "[36mGET /static/js/script.js HTTP/1.1[0m" 304 -
2023-09-19 21:35:24,222 DEBUG: Code file created at builds/js/code.js
2023-09-19 21:35:24,274 DEBUG: Code compiled with command: node builds/js/code.js -o builds/js/code
2023-09-19 21:35:24,275 INFO: 127.0.0.1 - - [19/Sep/2023 21:35:24] "POST /runcode HTTP/1.1" 200 -
2023-09-19 21:35:39,208 DEBUG: Code file created at builds/js/code.js
2023-09-19 21:35:39,281 DEBUG: Code compiled with command: node builds/js/code.js -o builds/js/code
2023-09-19 21:35:39,285 INFO: 127.0.0.1 - - [19/Sep/2023 21:35:39] "POST /runcode HTTP/1.1" 200 -
2023-09-19 21:35:41,428 DEBUG: Code file created at builds/js/code.js
2023-09-19 21:35:41,499 DEBUG: Code compiled with command: node builds/js/code.js -o builds/js/code
2023-09-19 21:35:41,501 INFO: 127.0.0.1 - - [19/Sep/2023 21:35:41] "POST /runcode HTTP/1.1" 200 -
2023-09-19 21:35:41,743 DEBUG: Code file created at builds/js/code.js
2023-09-19 21:35:41,803 DEBUG: Code compiled with command: node builds/js/code.js -o builds/js/code
2023-09-19 21:35:41,805 INFO: 127.0.0.1 - - [19/Sep/2023 21:35:41] "POST /runcode HTTP/1.1" 200 -
2023-09-19 21:35:43,633 INFO: 127.0.0.1 - - [19/Sep/2023 21:35:43] "POST /runcode HTTP/1.1" 200 -
2023-09-19 21:36:03,272 DEBUG: Code execution started
2023-09-19 21:36:03,292 INFO: [31m[1mWARNING: This is a development server. Do not use it in a production deployment. Use a production WSGI server instead.[0m
 * Running on http://127.0.0.1:5000
2023-09-19 21:36:03,292 INFO: [33mPress CTRL+C to quit[0m
2023-09-19 21:36:07,197 INFO: 127.0.0.1 - - [19/Sep/2023 21:36:07] "GET / HTTP/1.1" 200 -
2023-09-19 21:36:07,346 INFO: 127.0.0.1 - - [19/Sep/2023 21:36:07] "GET /static/js/script.js?v=2 HTTP/1.1" 200 -
2023-09-19 21:36:07,349 INFO: 127.0.0.1 - - [19/Sep/2023 21:36:07] "GET /static/css/style.css?v=2 HTTP/1.1" 200 -
2023-09-19 21:36:19,427 INFO: 127.0.0.1 - - [19/Sep/2023 21:36:19] "[36mGET /static/css/style.css?v=2 HTTP/1.1[0m" 304 -
2023-09-19 21:38:03,837 INFO: 127.0.0.1 - - [19/Sep/2023 21:38:03] "GET / HTTP/1.1" 200 -
2023-09-19 21:38:03,860 INFO: 127.0.0.1 - - [19/Sep/2023 21:38:03] "[36mGET /static/js/script.js?v=2 HTTP/1.1[0m" 304 -
2023-09-19 21:38:03,861 INFO: 127.0.0.1 - - [19/Sep/2023 21:38:03] "GET /static/css/style.css?v=2 HTTP/1.1" 200 -
2023-09-19 21:38:28,981 INFO: 127.0.0.1 - - [19/Sep/2023 21:38:28] "GET / HTTP/1.1" 200 -
2023-09-19 21:38:28,996 INFO: 127.0.0.1 - - [19/Sep/2023 21:38:28] "GET /static/css/style.css?v=2 HTTP/1.1" 200 -
2023-09-19 21:38:28,998 INFO: 127.0.0.1 - - [19/Sep/2023 21:38:28] "[36mGET /static/js/script.js?v=2 HTTP/1.1[0m" 304 -
2023-09-19 21:38:44,704 INFO: 127.0.0.1 - - [19/Sep/2023 21:38:44] "GET / HTTP/1.1" 200 -
2023-09-19 21:38:44,718 INFO: 127.0.0.1 - - [19/Sep/2023 21:38:44] "GET /static/css/style.css?v=2 HTTP/1.1" 200 -
2023-09-19 21:38:44,720 INFO: 127.0.0.1 - - [19/Sep/2023 21:38:44] "[36mGET /static/js/script.js?v=2 HTTP/1.1[0m" 304 -
2023-09-19 21:38:55,607 INFO: 127.0.0.1 - - [19/Sep/2023 21:38:55] "GET / HTTP/1.1" 200 -
2023-09-19 21:38:55,622 INFO: 127.0.0.1 - - [19/Sep/2023 21:38:55] "GET /static/css/style.css?v=2 HTTP/1.1" 200 -
2023-09-19 21:38:55,624 INFO: 127.0.0.1 - - [19/Sep/2023 21:38:55] "[36mGET /static/js/script.js?v=2 HTTP/1.1[0m" 304 -
2023-09-19 21:39:04,299 INFO: 127.0.0.1 - - [19/Sep/2023 21:39:04] "GET / HTTP/1.1" 200 -
2023-09-19 21:39:04,320 INFO: 127.0.0.1 - - [19/Sep/2023 21:39:04] "GET /static/css/style.css?v=2 HTTP/1.1" 200 -
2023-09-19 21:39:04,322 INFO: 127.0.0.1 - - [19/Sep/2023 21:39:04] "[36mGET /static/js/script.js?v=2 HTTP/1.1[0m" 304 -
2023-09-19 21:39:14,516 INFO: 127.0.0.1 - - [19/Sep/2023 21:39:14] "GET / HTTP/1.1" 200 -
2023-09-19 21:39:14,529 INFO: 127.0.0.1 - - [19/Sep/2023 21:39:14] "GET /static/css/style.css?v=2 HTTP/1.1" 200 -
2023-09-19 21:39:14,534 INFO: 127.0.0.1 - - [19/Sep/2023 21:39:14] "[36mGET /static/js/script.js?v=2 HTTP/1.1[0m" 304 -
2023-09-19 21:39:55,666 INFO: 127.0.0.1 - - [19/Sep/2023 21:39:55] "GET / HTTP/1.1" 200 -
2023-09-19 21:39:55,680 INFO: 127.0.0.1 - - [19/Sep/2023 21:39:55] "GET /static/css/style.css?v=2 HTTP/1.1" 200 -
2023-09-19 21:39:55,684 INFO: 127.0.0.1 - - [19/Sep/2023 21:39:55] "[36mGET /static/js/script.js?v=2 HTTP/1.1[0m" 304 -
2023-09-19 21:40:02,631 INFO: 127.0.0.1 - - [19/Sep/2023 21:40:02] "GET / HTTP/1.1" 200 -
2023-09-19 21:40:02,648 INFO: 127.0.0.1 - - [19/Sep/2023 21:40:02] "GET /static/css/style.css?v=2 HTTP/1.1" 200 -
2023-09-19 21:40:02,650 INFO: 127.0.0.1 - - [19/Sep/2023 21:40:02] "[36mGET /static/js/script.js?v=2 HTTP/1.1[0m" 304 -
2023-09-19 21:40:20,406 INFO: 127.0.0.1 - - [19/Sep/2023 21:40:20] "GET / HTTP/1.1" 200 -
2023-09-19 21:40:20,428 INFO: 127.0.0.1 - - [19/Sep/2023 21:40:20] "GET /static/css/style.css?v=2 HTTP/1.1" 200 -
2023-09-19 21:40:20,429 INFO: 127.0.0.1 - - [19/Sep/2023 21:40:20] "[36mGET /static/js/script.js?v=2 HTTP/1.1[0m" 304 -
2023-09-19 21:40:28,254 INFO: 127.0.0.1 - - [19/Sep/2023 21:40:28] "GET / HTTP/1.1" 200 -
2023-09-19 21:40:28,267 INFO: 127.0.0.1 - - [19/Sep/2023 21:40:28] "GET /static/css/style.css?v=2 HTTP/1.1" 200 -
2023-09-19 21:40:28,270 INFO: 127.0.0.1 - - [19/Sep/2023 21:40:28] "[36mGET /static/js/script.js?v=2 HTTP/1.1[0m" 304 -
2023-09-19 21:40:32,489 INFO: 127.0.0.1 - - [19/Sep/2023 21:40:32] "GET / HTTP/1.1" 200 -
2023-09-19 21:40:32,503 INFO: 127.0.0.1 - - [19/Sep/2023 21:40:32] "GET /static/css/style.css?v=2 HTTP/1.1" 200 -
2023-09-19 21:40:32,505 INFO: 127.0.0.1 - - [19/Sep/2023 21:40:32] "[36mGET /static/js/script.js?v=2 HTTP/1.1[0m" 304 -
2023-09-19 21:40:49,252 INFO: 127.0.0.1 - - [19/Sep/2023 21:40:49] "GET / HTTP/1.1" 200 -
2023-09-19 21:40:49,267 INFO: 127.0.0.1 - - [19/Sep/2023 21:40:49] "GET /static/css/style.css?v=2 HTTP/1.1" 200 -
2023-09-19 21:40:49,273 INFO: 127.0.0.1 - - [19/Sep/2023 21:40:49] "[36mGET /static/js/script.js?v=2 HTTP/1.1[0m" 304 -
2023-09-19 21:41:10,111 INFO: 127.0.0.1 - - [19/Sep/2023 21:41:10] "GET / HTTP/1.1" 200 -
2023-09-19 21:41:10,125 INFO: 127.0.0.1 - - [19/Sep/2023 21:41:10] "GET /static/css/style.css?v=2 HTTP/1.1" 200 -
2023-09-19 21:41:10,127 INFO: 127.0.0.1 - - [19/Sep/2023 21:41:10] "[36mGET /static/js/script.js?v=2 HTTP/1.1[0m" 304 -
2023-09-19 21:41:33,165 INFO: 127.0.0.1 - - [19/Sep/2023 21:41:33] "GET / HTTP/1.1" 200 -
2023-09-19 21:41:33,185 INFO: 127.0.0.1 - - [19/Sep/2023 21:41:33] "GET /static/css/style.css?v=2 HTTP/1.1" 200 -
2023-09-19 21:41:33,187 INFO: 127.0.0.1 - - [19/Sep/2023 21:41:33] "[36mGET /static/js/script.js?v=2 HTTP/1.1[0m" 304 -
2023-09-19 21:42:07,237 INFO: 127.0.0.1 - - [19/Sep/2023 21:42:07] "GET / HTTP/1.1" 200 -
2023-09-19 21:42:07,254 INFO: 127.0.0.1 - - [19/Sep/2023 21:42:07] "GET /static/css/style.css?v=2 HTTP/1.1" 200 -
2023-09-19 21:42:07,259 INFO: 127.0.0.1 - - [19/Sep/2023 21:42:07] "[36mGET /static/js/script.js?v=2 HTTP/1.1[0m" 304 -
2023-09-19 21:42:16,949 INFO: 127.0.0.1 - - [19/Sep/2023 21:42:16] "GET / HTTP/1.1" 200 -
2023-09-19 21:42:16,963 INFO: 127.0.0.1 - - [19/Sep/2023 21:42:16] "GET /static/css/style.css?v=2 HTTP/1.1" 200 -
2023-09-19 21:42:16,967 INFO: 127.0.0.1 - - [19/Sep/2023 21:42:16] "[36mGET /static/js/script.js?v=2 HTTP/1.1[0m" 304 -
2023-09-19 21:42:24,456 INFO: 127.0.0.1 - - [19/Sep/2023 21:42:24] "GET / HTTP/1.1" 200 -
2023-09-19 21:42:24,469 INFO: 127.0.0.1 - - [19/Sep/2023 21:42:24] "GET /static/css/style.css?v=2 HTTP/1.1" 200 -
2023-09-19 21:42:24,474 INFO: 127.0.0.1 - - [19/Sep/2023 21:42:24] "[36mGET /static/js/script.js?v=2 HTTP/1.1[0m" 304 -
2023-09-19 21:42:36,951 INFO: 127.0.0.1 - - [19/Sep/2023 21:42:36] "GET / HTTP/1.1" 200 -
2023-09-19 21:42:36,972 INFO: 127.0.0.1 - - [19/Sep/2023 21:42:36] "GET /static/css/style.css?v=2 HTTP/1.1" 200 -
2023-09-19 21:42:36,974 INFO: 127.0.0.1 - - [19/Sep/2023 21:42:36] "[36mGET /static/js/script.js?v=2 HTTP/1.1[0m" 304 -
2023-09-19 21:42:58,123 INFO: 127.0.0.1 - - [19/Sep/2023 21:42:58] "GET / HTTP/1.1" 200 -
2023-09-19 21:42:58,137 INFO: 127.0.0.1 - - [19/Sep/2023 21:42:58] "GET /static/css/style.css?v=2 HTTP/1.1" 200 -
2023-09-19 21:42:58,142 INFO: 127.0.0.1 - - [19/Sep/2023 21:42:58] "[36mGET /static/js/script.js?v=2 HTTP/1.1[0m" 304 -
2023-09-19 21:43:45,929 INFO: 127.0.0.1 - - [19/Sep/2023 21:43:45] "GET / HTTP/1.1" 200 -
2023-09-19 21:43:45,953 INFO: 127.0.0.1 - - [19/Sep/2023 21:43:45] "GET /static/css/style.css?v=2 HTTP/1.1" 200 -
2023-09-19 21:43:45,955 INFO: 127.0.0.1 - - [19/Sep/2023 21:43:45] "[36mGET /static/js/script.js?v=2 HTTP/1.1[0m" 304 -
2023-09-19 21:44:21,728 INFO: 127.0.0.1 - - [19/Sep/2023 21:44:21] "GET / HTTP/1.1" 200 -
2023-09-19 21:44:21,744 INFO: 127.0.0.1 - - [19/Sep/2023 21:44:21] "GET /static/css/style.css?v=2 HTTP/1.1" 200 -
2023-09-19 21:44:21,748 INFO: 127.0.0.1 - - [19/Sep/2023 21:44:21] "[36mGET /static/js/script.js?v=2 HTTP/1.1[0m" 304 -
2023-09-19 21:44:35,535 INFO: 127.0.0.1 - - [19/Sep/2023 21:44:35] "GET / HTTP/1.1" 200 -
2023-09-19 21:44:35,548 INFO: 127.0.0.1 - - [19/Sep/2023 21:44:35] "GET /static/css/style.css?v=2 HTTP/1.1" 200 -
2023-09-19 21:44:35,553 INFO: 127.0.0.1 - - [19/Sep/2023 21:44:35] "[36mGET /static/js/script.js?v=2 HTTP/1.1[0m" 304 -
2023-09-19 21:44:38,241 INFO: 127.0.0.1 - - [19/Sep/2023 21:44:38] "GET / HTTP/1.1" 200 -
2023-09-19 21:44:38,256 INFO: 127.0.0.1 - - [19/Sep/2023 21:44:38] "GET /static/css/style.css?v=2 HTTP/1.1" 200 -
2023-09-19 21:44:38,259 INFO: 127.0.0.1 - - [19/Sep/2023 21:44:38] "[36mGET /static/js/script.js?v=2 HTTP/1.1[0m" 304 -
2023-09-19 21:44:45,980 INFO: 127.0.0.1 - - [19/Sep/2023 21:44:45] "GET / HTTP/1.1" 200 -
2023-09-19 21:44:46,000 INFO: 127.0.0.1 - - [19/Sep/2023 21:44:46] "GET /static/css/style.css?v=2 HTTP/1.1" 200 -
2023-09-19 21:44:46,002 INFO: 127.0.0.1 - - [19/Sep/2023 21:44:46] "[36mGET /static/js/script.js?v=2 HTTP/1.1[0m" 304 -
2023-09-19 21:45:08,227 INFO: 127.0.0.1 - - [19/Sep/2023 21:45:08] "GET / HTTP/1.1" 200 -
2023-09-19 21:45:08,239 INFO: 127.0.0.1 - - [19/Sep/2023 21:45:08] "GET /static/css/style.css?v=2 HTTP/1.1" 200 -
2023-09-19 21:45:08,242 INFO: 127.0.0.1 - - [19/Sep/2023 21:45:08] "[36mGET /static/js/script.js?v=2 HTTP/1.1[0m" 304 -
2023-09-19 21:45:43,416 INFO: 127.0.0.1 - - [19/Sep/2023 21:45:43] "GET / HTTP/1.1" 200 -
2023-09-19 21:45:43,431 INFO: 127.0.0.1 - - [19/Sep/2023 21:45:43] "GET /static/css/style.css?v=2 HTTP/1.1" 200 -
2023-09-19 21:45:43,434 INFO: 127.0.0.1 - - [19/Sep/2023 21:45:43] "[36mGET /static/js/script.js?v=2 HTTP/1.1[0m" 304 -
2023-09-19 21:45:51,538 INFO: 127.0.0.1 - - [19/Sep/2023 21:45:51] "GET / HTTP/1.1" 200 -
2023-09-19 21:45:51,559 INFO: 127.0.0.1 - - [19/Sep/2023 21:45:51] "GET /static/css/style.css?v=2 HTTP/1.1" 200 -
2023-09-19 21:45:51,560 INFO: 127.0.0.1 - - [19/Sep/2023 21:45:51] "[36mGET /static/js/script.js?v=2 HTTP/1.1[0m" 304 -
2023-09-19 21:46:11,697 INFO: 127.0.0.1 - - [19/Sep/2023 21:46:11] "GET / HTTP/1.1" 200 -
2023-09-19 21:46:11,711 INFO: 127.0.0.1 - - [19/Sep/2023 21:46:11] "GET /static/css/style.css?v=2 HTTP/1.1" 200 -
2023-09-19 21:46:11,714 INFO: 127.0.0.1 - - [19/Sep/2023 21:46:11] "[36mGET /static/js/script.js?v=2 HTTP/1.1[0m" 304 -
2023-09-19 21:46:14,545 INFO: 127.0.0.1 - - [19/Sep/2023 21:46:14] "GET / HTTP/1.1" 200 -
2023-09-19 21:46:14,559 INFO: 127.0.0.1 - - [19/Sep/2023 21:46:14] "[36mGET /static/css/style.css?v=2 HTTP/1.1[0m" 304 -
2023-09-19 21:46:14,565 INFO: 127.0.0.1 - - [19/Sep/2023 21:46:14] "[36mGET /static/js/script.js?v=2 HTTP/1.1[0m" 304 -
2023-09-19 21:46:57,629 INFO: 127.0.0.1 - - [19/Sep/2023 21:46:57] "GET / HTTP/1.1" 200 -
2023-09-19 21:46:57,649 INFO: 127.0.0.1 - - [19/Sep/2023 21:46:57] "GET /static/css/style.css?v=2 HTTP/1.1" 200 -
2023-09-19 21:46:57,651 INFO: 127.0.0.1 - - [19/Sep/2023 21:46:57] "[36mGET /static/js/script.js?v=2 HTTP/1.1[0m" 304 -
2023-09-19 21:47:51,951 INFO: 127.0.0.1 - - [19/Sep/2023 21:47:51] "GET / HTTP/1.1" 200 -
2023-09-19 21:47:51,968 INFO: 127.0.0.1 - - [19/Sep/2023 21:47:51] "GET /static/css/style.css?v=2 HTTP/1.1" 200 -
2023-09-19 21:47:51,973 INFO: 127.0.0.1 - - [19/Sep/2023 21:47:51] "[36mGET /static/js/script.js?v=2 HTTP/1.1[0m" 304 -
2023-09-19 21:48:03,730 INFO: 127.0.0.1 - - [19/Sep/2023 21:48:03] "GET / HTTP/1.1" 200 -
2023-09-19 21:48:03,751 INFO: 127.0.0.1 - - [19/Sep/2023 21:48:03] "GET /static/css/style.css?v=2 HTTP/1.1" 200 -
2023-09-19 21:48:03,752 INFO: 127.0.0.1 - - [19/Sep/2023 21:48:03] "[36mGET /static/js/script.js?v=2 HTTP/1.1[0m" 304 -
2023-09-19 21:48:43,012 INFO: 127.0.0.1 - - [19/Sep/2023 21:48:43] "GET / HTTP/1.1" 200 -
2023-09-19 21:48:43,028 INFO: 127.0.0.1 - - [19/Sep/2023 21:48:43] "GET /static/css/style.css?v=2 HTTP/1.1" 200 -
2023-09-19 21:48:43,034 INFO: 127.0.0.1 - - [19/Sep/2023 21:48:43] "[36mGET /static/js/script.js?v=2 HTTP/1.1[0m" 304 -
2023-09-19 21:49:25,463 INFO: 127.0.0.1 - - [19/Sep/2023 21:49:25] "GET / HTTP/1.1" 200 -
2023-09-19 21:49:25,485 INFO: 127.0.0.1 - - [19/Sep/2023 21:49:25] "[36mGET /static/css/style.css?v=2 HTTP/1.1[0m" 304 -
2023-09-19 21:49:25,487 INFO: 127.0.0.1 - - [19/Sep/2023 21:49:25] "[36mGET /static/js/script.js?v=2 HTTP/1.1[0m" 304 -
2023-09-19 21:50:50,418 INFO: 127.0.0.1 - - [19/Sep/2023 21:50:50] "GET / HTTP/1.1" 200 -
2023-09-19 21:50:50,436 INFO: 127.0.0.1 - - [19/Sep/2023 21:50:50] "GET /static/css/style.css?v=2 HTTP/1.1" 200 -
2023-09-19 21:50:50,444 INFO: 127.0.0.1 - - [19/Sep/2023 21:50:50] "[36mGET /static/js/script.js?v=2 HTTP/1.1[0m" 304 -
2023-09-19 21:50:56,197 DEBUG: Code execution started
2023-09-19 21:50:56,216 INFO: [31m[1mWARNING: This is a development server. Do not use it in a production deployment. Use a production WSGI server instead.[0m
 * Running on http://127.0.0.1:5000
2023-09-19 21:50:56,216 INFO: [33mPress CTRL+C to quit[0m
2023-09-19 21:50:57,991 INFO: 127.0.0.1 - - [19/Sep/2023 21:50:57] "GET / HTTP/1.1" 200 -
2023-09-19 21:50:58,176 INFO: 127.0.0.1 - - [19/Sep/2023 21:50:58] "[36mGET /static/css/style.css?v=2 HTTP/1.1[0m" 304 -
2023-09-19 21:50:58,184 INFO: 127.0.0.1 - - [19/Sep/2023 21:50:58] "[36mGET /static/js/script.js?v=2 HTTP/1.1[0m" 304 -
2023-09-19 21:53:20,165 DEBUG: Code execution started
2023-09-19 21:53:20,184 INFO: [31m[1mWARNING: This is a development server. Do not use it in a production deployment. Use a production WSGI server instead.[0m
 * Running on http://127.0.0.1:5000
2023-09-19 21:53:20,184 INFO: [33mPress CTRL+C to quit[0m
2023-09-19 21:53:24,614 INFO: 127.0.0.1 - - [19/Sep/2023 21:53:24] "GET / HTTP/1.1" 200 -
2023-09-19 21:53:24,796 INFO: 127.0.0.1 - - [19/Sep/2023 21:53:24] "[36mGET /static/js/script.js?v=2 HTTP/1.1[0m" 304 -
2023-09-19 21:53:24,801 INFO: 127.0.0.1 - - [19/Sep/2023 21:53:24] "GET /static/css/style.css?v=2 HTTP/1.1" 200 -
2023-09-19 21:53:33,632 INFO: 127.0.0.1 - - [19/Sep/2023 21:53:33] "GET / HTTP/1.1" 200 -
2023-09-19 21:53:33,647 INFO: 127.0.0.1 - - [19/Sep/2023 21:53:33] "[36mGET /static/css/style.css?v=2 HTTP/1.1[0m" 304 -
2023-09-19 21:53:33,649 INFO: 127.0.0.1 - - [19/Sep/2023 21:53:33] "[36mGET /static/js/script.js?v=2 HTTP/1.1[0m" 304 -
2023-09-19 21:54:14,534 INFO: 127.0.0.1 - - [19/Sep/2023 21:54:14] "GET / HTTP/1.1" 200 -
2023-09-19 21:54:14,551 INFO: 127.0.0.1 - - [19/Sep/2023 21:54:14] "GET /static/css/style.css?v=2 HTTP/1.1" 200 -
2023-09-19 21:54:14,552 INFO: 127.0.0.1 - - [19/Sep/2023 21:54:14] "[36mGET /static/js/script.js?v=2 HTTP/1.1[0m" 304 -
2023-09-19 21:54:20,133 DEBUG: Code execution started
2023-09-19 21:54:20,151 INFO: [31m[1mWARNING: This is a development server. Do not use it in a production deployment. Use a production WSGI server instead.[0m
 * Running on http://127.0.0.1:5000
2023-09-19 21:54:20,151 INFO: [33mPress CTRL+C to quit[0m
2023-09-19 21:54:23,769 INFO: 127.0.0.1 - - [19/Sep/2023 21:54:23] "GET / HTTP/1.1" 200 -
2023-09-19 21:54:23,944 INFO: 127.0.0.1 - - [19/Sep/2023 21:54:23] "[36mGET /static/css/style.css?v=2 HTTP/1.1[0m" 304 -
2023-09-19 21:54:23,948 INFO: 127.0.0.1 - - [19/Sep/2023 21:54:23] "[36mGET /static/js/script.js?v=2 HTTP/1.1[0m" 304 -
2023-09-19 21:55:05,054 INFO: 127.0.0.1 - - [19/Sep/2023 21:55:05] "GET / HTTP/1.1" 200 -
2023-09-19 21:55:05,070 INFO: 127.0.0.1 - - [19/Sep/2023 21:55:05] "GET /static/css/style.css?v=2 HTTP/1.1" 200 -
2023-09-19 21:55:05,071 INFO: 127.0.0.1 - - [19/Sep/2023 21:55:05] "[36mGET /static/js/script.js?v=2 HTTP/1.1[0m" 304 -
2023-09-19 21:58:14,804 INFO: 127.0.0.1 - - [19/Sep/2023 21:58:14] "GET / HTTP/1.1" 200 -
2023-09-19 21:58:14,824 INFO: 127.0.0.1 - - [19/Sep/2023 21:58:14] "GET /static/css/style.css?v=2 HTTP/1.1" 200 -
2023-09-19 21:58:14,825 INFO: 127.0.0.1 - - [19/Sep/2023 21:58:14] "[36mGET /static/js/script.js?v=2 HTTP/1.1[0m" 304 -
2023-09-19 21:58:26,217 INFO: 127.0.0.1 - - [19/Sep/2023 21:58:26] "GET / HTTP/1.1" 200 -
2023-09-19 21:58:26,230 INFO: 127.0.0.1 - - [19/Sep/2023 21:58:26] "[36mGET /static/css/style.css?v=2 HTTP/1.1[0m" 304 -
2023-09-19 21:58:26,236 INFO: 127.0.0.1 - - [19/Sep/2023 21:58:26] "[36mGET /static/js/script.js?v=2 HTTP/1.1[0m" 304 -
2023-09-19 21:58:49,298 INFO: 127.0.0.1 - - [19/Sep/2023 21:58:49] "GET / HTTP/1.1" 200 -
2023-09-19 21:58:49,315 INFO: 127.0.0.1 - - [19/Sep/2023 21:58:49] "GET /static/css/style.css?v=2 HTTP/1.1" 200 -
2023-09-19 21:58:49,317 INFO: 127.0.0.1 - - [19/Sep/2023 21:58:49] "[36mGET /static/js/script.js?v=2 HTTP/1.1[0m" 304 -
2023-09-19 21:58:54,874 INFO: 127.0.0.1 - - [19/Sep/2023 21:58:54] "GET / HTTP/1.1" 200 -
2023-09-19 21:58:54,888 INFO: 127.0.0.1 - - [19/Sep/2023 21:58:54] "GET /static/css/style.css?v=2 HTTP/1.1" 200 -
2023-09-19 21:58:54,892 INFO: 127.0.0.1 - - [19/Sep/2023 21:58:54] "[36mGET /static/js/script.js?v=2 HTTP/1.1[0m" 304 -
2023-09-19 21:59:44,151 INFO: 127.0.0.1 - - [19/Sep/2023 21:59:44] "GET / HTTP/1.1" 200 -
2023-09-19 21:59:44,175 INFO: 127.0.0.1 - - [19/Sep/2023 21:59:44] "GET /static/css/style.css?v=2 HTTP/1.1" 200 -
2023-09-19 21:59:44,176 INFO: 127.0.0.1 - - [19/Sep/2023 21:59:44] "[36mGET /static/js/script.js?v=2 HTTP/1.1[0m" 304 -
2023-09-19 22:01:26,291 INFO: 127.0.0.1 - - [19/Sep/2023 22:01:26] "GET / HTTP/1.1" 200 -
2023-09-19 22:01:26,310 INFO: 127.0.0.1 - - [19/Sep/2023 22:01:26] "GET /static/css/style.css?v=2 HTTP/1.1" 200 -
2023-09-19 22:01:26,315 INFO: 127.0.0.1 - - [19/Sep/2023 22:01:26] "[36mGET /static/js/script.js?v=2 HTTP/1.1[0m" 304 -
2023-09-19 22:01:50,408 INFO: 127.0.0.1 - - [19/Sep/2023 22:01:50] "GET / HTTP/1.1" 200 -
2023-09-19 22:01:50,421 INFO: 127.0.0.1 - - [19/Sep/2023 22:01:50] "GET /static/css/style.css?v=2 HTTP/1.1" 200 -
2023-09-19 22:01:50,425 INFO: 127.0.0.1 - - [19/Sep/2023 22:01:50] "[36mGET /static/js/script.js?v=2 HTTP/1.1[0m" 304 -
2023-09-19 22:03:25,290 INFO: 127.0.0.1 - - [19/Sep/2023 22:03:25] "GET / HTTP/1.1" 200 -
2023-09-19 22:03:25,314 INFO: 127.0.0.1 - - [19/Sep/2023 22:03:25] "GET /static/css/style.css?v=2 HTTP/1.1" 200 -
2023-09-19 22:03:25,316 INFO: 127.0.0.1 - - [19/Sep/2023 22:03:25] "[36mGET /static/js/script.js?v=2 HTTP/1.1[0m" 304 -
2023-09-19 22:04:21,533 INFO: 127.0.0.1 - - [19/Sep/2023 22:04:21] "GET / HTTP/1.1" 200 -
2023-09-19 22:04:21,547 INFO: 127.0.0.1 - - [19/Sep/2023 22:04:21] "GET /static/css/style.css?v=2 HTTP/1.1" 200 -
2023-09-19 22:04:21,551 INFO: 127.0.0.1 - - [19/Sep/2023 22:04:21] "[36mGET /static/js/script.js?v=2 HTTP/1.1[0m" 304 -
2023-09-19 22:04:52,151 INFO: start executing python code
2023-09-19 22:04:52,151 DEBUG: Python code executed, output: 234
2023-09-19 22:04:55,950 INFO: 127.0.0.1 - - [19/Sep/2023 22:04:55] "POST /runcode HTTP/1.1" 200 -
2023-09-19 22:04:57,386 INFO: start executing python code
2023-09-19 22:04:57,386 DEBUG: Python code executed, output: 234
2023-09-19 22:04:57,387 INFO: 127.0.0.1 - - [19/Sep/2023 22:04:57] "POST /runcode HTTP/1.1" 200 -
2023-09-19 22:06:20,814 INFO: 127.0.0.1 - - [19/Sep/2023 22:06:20] "GET / HTTP/1.1" 200 -
2023-09-19 22:06:20,832 INFO: 127.0.0.1 - - [19/Sep/2023 22:06:20] "GET /static/css/style.css?v=2 HTTP/1.1" 200 -
2023-09-19 22:06:20,836 INFO: 127.0.0.1 - - [19/Sep/2023 22:06:20] "[36mGET /static/js/script.js?v=2 HTTP/1.1[0m" 304 -
2023-09-19 22:06:37,122 INFO: start executing javascript code
2023-09-19 22:06:37,122 DEBUG: Code file created at builds/js/code.js
2023-09-19 22:07:03,559 INFO: Code executed, stdout: 23, stderr: None
2023-09-19 22:07:15,208 INFO: 127.0.0.1 - - [19/Sep/2023 22:07:15] "POST /runcode HTTP/1.1" 200 -
2023-09-19 22:07:56,934 INFO: 127.0.0.1 - - [19/Sep/2023 22:07:56] "GET / HTTP/1.1" 200 -
2023-09-19 22:07:56,953 INFO: 127.0.0.1 - - [19/Sep/2023 22:07:56] "GET /static/css/style.css?v=2 HTTP/1.1" 200 -
2023-09-19 22:07:56,960 INFO: 127.0.0.1 - - [19/Sep/2023 22:07:56] "[36mGET /static/js/script.js?v=2 HTTP/1.1[0m" 304 -
2023-09-19 22:08:07,476 INFO: 127.0.0.1 - - [19/Sep/2023 22:08:07] "GET / HTTP/1.1" 200 -
2023-09-19 22:08:07,488 INFO: 127.0.0.1 - - [19/Sep/2023 22:08:07] "[36mGET /static/css/style.css?v=2 HTTP/1.1[0m" 304 -
2023-09-19 22:08:07,492 INFO: 127.0.0.1 - - [19/Sep/2023 22:08:07] "[36mGET /static/js/script.js?v=2 HTTP/1.1[0m" 304 -
2023-09-19 22:10:23,453 INFO: 127.0.0.1 - - [19/Sep/2023 22:10:23] "GET / HTTP/1.1" 200 -
2023-09-19 22:10:23,475 INFO: 127.0.0.1 - - [19/Sep/2023 22:10:23] "[36mGET /static/css/style.css?v=2 HTTP/1.1[0m" 304 -
2023-09-19 22:10:23,479 INFO: 127.0.0.1 - - [19/Sep/2023 22:10:23] "[36mGET /static/js/script.js?v=2 HTTP/1.1[0m" 304 -
2023-09-19 22:10:24,813 INFO: 127.0.0.1 - - [19/Sep/2023 22:10:24] "GET / HTTP/1.1" 200 -
2023-09-19 22:10:24,829 INFO: 127.0.0.1 - - [19/Sep/2023 22:10:24] "[36mGET /static/css/style.css?v=2 HTTP/1.1[0m" 304 -
2023-09-19 22:10:24,832 INFO: 127.0.0.1 - - [19/Sep/2023 22:10:24] "[36mGET /static/js/script.js?v=2 HTTP/1.1[0m" 304 -
2023-09-19 22:10:33,412 INFO: 127.0.0.1 - - [19/Sep/2023 22:10:33] "GET / HTTP/1.1" 200 -
2023-09-19 22:10:33,427 INFO: 127.0.0.1 - - [19/Sep/2023 22:10:33] "[36mGET /static/css/style.css?v=2 HTTP/1.1[0m" 304 -
2023-09-19 22:10:33,429 INFO: 127.0.0.1 - - [19/Sep/2023 22:10:33] "[36mGET /static/js/script.js?v=2 HTTP/1.1[0m" 304 -
2023-09-19 22:10:38,153 DEBUG: Code execution started
2023-09-19 22:10:38,172 INFO: [31m[1mWARNING: This is a development server. Do not use it in a production deployment. Use a production WSGI server instead.[0m
 * Running on http://127.0.0.1:5000
2023-09-19 22:10:38,172 INFO: [33mPress CTRL+C to quit[0m
2023-09-19 22:10:43,475 INFO: 127.0.0.1 - - [19/Sep/2023 22:10:43] "GET / HTTP/1.1" 200 -
2023-09-19 22:10:43,668 INFO: 127.0.0.1 - - [19/Sep/2023 22:10:43] "[36mGET /static/js/script.js?v=2 HTTP/1.1[0m" 304 -
2023-09-19 22:10:43,673 INFO: 127.0.0.1 - - [19/Sep/2023 22:10:43] "[36mGET /static/css/style.css?v=2 HTTP/1.1[0m" 304 -
2023-09-19 22:11:01,579 INFO: 127.0.0.1 - - [19/Sep/2023 22:11:01] "GET / HTTP/1.1" 200 -
2023-09-19 22:11:01,595 INFO: 127.0.0.1 - - [19/Sep/2023 22:11:01] "GET /static/css/style.css?v=2 HTTP/1.1" 200 -
2023-09-19 22:11:01,597 INFO: 127.0.0.1 - - [19/Sep/2023 22:11:01] "[36mGET /static/js/script.js?v=2 HTTP/1.1[0m" 304 -
2023-09-19 22:12:18,113 INFO: 127.0.0.1 - - [19/Sep/2023 22:12:18] "GET / HTTP/1.1" 200 -
2023-09-19 22:12:18,137 INFO: 127.0.0.1 - - [19/Sep/2023 22:12:18] "[36mGET /static/css/style.css?v=2 HTTP/1.1[0m" 304 -
2023-09-19 22:12:18,138 INFO: 127.0.0.1 - - [19/Sep/2023 22:12:18] "[36mGET /static/js/script.js?v=2 HTTP/1.1[0m" 304 -
2023-09-19 22:13:02,185 INFO: 127.0.0.1 - - [19/Sep/2023 22:13:02] "GET / HTTP/1.1" 200 -
2023-09-19 22:13:02,199 INFO: 127.0.0.1 - - [19/Sep/2023 22:13:02] "[36mGET /static/css/style.css?v=2 HTTP/1.1[0m" 304 -
2023-09-19 22:13:02,201 INFO: 127.0.0.1 - - [19/Sep/2023 22:13:02] "[36mGET /static/js/script.js?v=2 HTTP/1.1[0m" 304 -
2023-09-19 22:18:05,278 INFO: 127.0.0.1 - - [19/Sep/2023 22:18:05] "GET / HTTP/1.1" 200 -
2023-09-19 22:18:05,295 INFO: 127.0.0.1 - - [19/Sep/2023 22:18:05] "[36mGET /static/css/style.css?v=2 HTTP/1.1[0m" 304 -
2023-09-19 22:18:05,300 INFO: 127.0.0.1 - - [19/Sep/2023 22:18:05] "[36mGET /static/js/script.js?v=2 HTTP/1.1[0m" 304 -
2023-09-19 22:18:12,719 DEBUG: Code execution started
2023-09-19 22:18:12,735 INFO: [31m[1mWARNING: This is a development server. Do not use it in a production deployment. Use a production WSGI server instead.[0m
 * Running on http://127.0.0.1:5000
2023-09-19 22:18:12,735 INFO: [33mPress CTRL+C to quit[0m
2023-09-19 22:18:14,496 INFO: 127.0.0.1 - - [19/Sep/2023 22:18:14] "GET / HTTP/1.1" 200 -
2023-09-19 22:18:14,648 INFO: 127.0.0.1 - - [19/Sep/2023 22:18:14] "[36mGET /static/js/script.js?v=2 HTTP/1.1[0m" 304 -
2023-09-19 22:18:14,650 INFO: 127.0.0.1 - - [19/Sep/2023 22:18:14] "[36mGET /static/css/style.css?v=2 HTTP/1.1[0m" 304 -
2023-09-19 22:34:53,874 DEBUG: Code execution started
2023-09-19 22:34:53,892 INFO: [31m[1mWARNING: This is a development server. Do not use it in a production deployment. Use a production WSGI server instead.[0m
 * Running on http://127.0.0.1:5000
2023-09-19 22:34:53,892 INFO: [33mPress CTRL+C to quit[0m
2023-09-19 22:37:14,470 DEBUG: Code execution started
2023-09-19 22:37:14,491 INFO: [31m[1mWARNING: This is a development server. Do not use it in a production deployment. Use a production WSGI server instead.[0m
 * Running on http://127.0.0.1:5000
2023-09-19 22:37:14,492 INFO: [33mPress CTRL+C to quit[0m
2023-09-19 22:37:32,333 INFO: start executing c# code
2023-09-19 22:37:32,334 DEBUG: Code file created at builds/cs/code.cs
2023-09-19 22:37:33,441 INFO: start executing c# code
2023-09-19 22:37:33,441 DEBUG: Code file created at builds/cs/code.cs
2023-09-19 22:37:33,925 ERROR: Exception on /runcode [POST]
Traceback (most recent call last):
  File "E:\VSCodeProject\OPC\main.py", line 93, in run_code
    output, error = execute_code({'lang': language, 'code': code})
                    ^^^^^^^^^^^^^^^^^^^^^^^^^^^^^^^^^^^^^^^^^^^^^^
  File "E:\VSCodeProject\OPC\utils\execute.py", line 35, in execute_code
    return execute_cs_code(params)
           ^^^^^^^^^^^^^^^^^^^^^^^
  File "E:\VSCodeProject\OPC\utils\execute.py", line 67, in execute_cs_code
    subprocess.run(['dotnet', 'new', 'console', '-o', path], check=True)
  File "C:\Program Files\WindowsApps\PythonSoftwareFoundation.Python.3.11_3.11.1520.0_x64__qbz5n2kfra8p0\Lib\subprocess.py", line 571, in run
    raise CalledProcessError(retcode, process.args,
subprocess.CalledProcessError: Command '['dotnet', 'new', 'console', '-o', 'builds/cs']' returned non-zero exit status 73.

During handling of the above exception, another exception occurred:

Traceback (most recent call last):
  File "E:\VSCodeProject\OPC\venv\Lib\site-packages\flask\app.py", line 2190, in wsgi_app
    response = self.full_dispatch_request()
               ^^^^^^^^^^^^^^^^^^^^^^^^^^^^
  File "E:\VSCodeProject\OPC\venv\Lib\site-packages\flask\app.py", line 1486, in full_dispatch_request
    rv = self.handle_user_exception(e)
         ^^^^^^^^^^^^^^^^^^^^^^^^^^^^^
  File "E:\VSCodeProject\OPC\venv\Lib\site-packages\flask\app.py", line 1484, in full_dispatch_request
    rv = self.dispatch_request()
         ^^^^^^^^^^^^^^^^^^^^^^^
  File "E:\VSCodeProject\OPC\venv\Lib\site-packages\flask\app.py", line 1469, in dispatch_request
    return self.ensure_sync(self.view_functions[rule.endpoint])(**view_args)
           ^^^^^^^^^^^^^^^^^^^^^^^^^^^^^^^^^^^^^^^^^^^^^^^^^^^^^^^^^^^^^^^^^
  File "E:\VSCodeProject\OPC\main.py", line 96, in run_code
    error = e.stderr.strip() or str(e)
            ^^^^^^^^^^^^^^
AttributeError: 'NoneType' object has no attribute 'strip'
2023-09-19 22:37:33,933 INFO: 127.0.0.1 - - [19/Sep/2023 22:37:33] "[35m[1mPOST /runcode HTTP/1.1[0m" 500 -
2023-09-19 22:37:39,124 ERROR: Exception on /runcode [POST]
Traceback (most recent call last):
  File "E:\VSCodeProject\OPC\main.py", line 93, in run_code
    output, error = execute_code({'lang': language, 'code': code})
                    ^^^^^^^^^^^^^^^^^^^^^^^^^^^^^^^^^^^^^^^^^^^^^^
  File "E:\VSCodeProject\OPC\utils\execute.py", line 35, in execute_code
    return execute_cs_code(params)
           ^^^^^^^^^^^^^^^^^^^^^^^
  File "E:\VSCodeProject\OPC\utils\execute.py", line 71, in execute_cs_code
    subprocess.run(cmd, check=True)
  File "C:\Program Files\WindowsApps\PythonSoftwareFoundation.Python.3.11_3.11.1520.0_x64__qbz5n2kfra8p0\Lib\subprocess.py", line 571, in run
    raise CalledProcessError(retcode, process.args,
subprocess.CalledProcessError: Command '['dotnet', 'build', 'builds/cs']' returned non-zero exit status 1.

During handling of the above exception, another exception occurred:

Traceback (most recent call last):
  File "E:\VSCodeProject\OPC\venv\Lib\site-packages\flask\app.py", line 2190, in wsgi_app
    response = self.full_dispatch_request()
               ^^^^^^^^^^^^^^^^^^^^^^^^^^^^
  File "E:\VSCodeProject\OPC\venv\Lib\site-packages\flask\app.py", line 1486, in full_dispatch_request
    rv = self.handle_user_exception(e)
         ^^^^^^^^^^^^^^^^^^^^^^^^^^^^^
  File "E:\VSCodeProject\OPC\venv\Lib\site-packages\flask\app.py", line 1484, in full_dispatch_request
    rv = self.dispatch_request()
         ^^^^^^^^^^^^^^^^^^^^^^^
  File "E:\VSCodeProject\OPC\venv\Lib\site-packages\flask\app.py", line 1469, in dispatch_request
    return self.ensure_sync(self.view_functions[rule.endpoint])(**view_args)
           ^^^^^^^^^^^^^^^^^^^^^^^^^^^^^^^^^^^^^^^^^^^^^^^^^^^^^^^^^^^^^^^^^
  File "E:\VSCodeProject\OPC\main.py", line 96, in run_code
    error = e.stderr.strip() or str(e)
            ^^^^^^^^^^^^^^
AttributeError: 'NoneType' object has no attribute 'strip'
2023-09-19 22:37:39,127 INFO: 127.0.0.1 - - [19/Sep/2023 22:37:39] "[35m[1mPOST /runcode HTTP/1.1[0m" 500 -
2023-09-19 22:38:20,573 DEBUG: Code execution started
2023-09-19 22:38:20,589 INFO: [31m[1mWARNING: This is a development server. Do not use it in a production deployment. Use a production WSGI server instead.[0m
 * Running on http://127.0.0.1:5000
2023-09-19 22:38:20,589 INFO: [33mPress CTRL+C to quit[0m
2023-09-19 22:38:22,801 INFO: 127.0.0.1 - - [19/Sep/2023 22:38:22] "GET / HTTP/1.1" 200 -
2023-09-19 22:38:22,963 INFO: 127.0.0.1 - - [19/Sep/2023 22:38:22] "[36mGET /static/css/style.css?v=2 HTTP/1.1[0m" 304 -
2023-09-19 22:38:22,967 INFO: 127.0.0.1 - - [19/Sep/2023 22:38:22] "[36mGET /static/js/script.js?v=2 HTTP/1.1[0m" 304 -
2023-09-19 22:38:37,249 INFO: start executing c# code
2023-09-19 22:38:37,724 ERROR: Exception on /runcode [POST]
Traceback (most recent call last):
  File "E:\VSCodeProject\OPC\main.py", line 93, in run_code
    output, error = execute_code({'lang': language, 'code': code})
                    ^^^^^^^^^^^^^^^^^^^^^^^^^^^^^^^^^^^^^^^^^^^^^^
  File "E:\VSCodeProject\OPC\utils\execute.py", line 35, in execute_code
    return execute_cs_code(params)
           ^^^^^^^^^^^^^^^^^^^^^^^
  File "E:\VSCodeProject\OPC\utils\execute.py", line 66, in execute_cs_code
    subprocess.run(['dotnet', 'new', 'console', '-o', path], check=True)
  File "C:\Program Files\WindowsApps\PythonSoftwareFoundation.Python.3.11_3.11.1520.0_x64__qbz5n2kfra8p0\Lib\subprocess.py", line 571, in run
    raise CalledProcessError(retcode, process.args,
subprocess.CalledProcessError: Command '['dotnet', 'new', 'console', '-o', 'builds/cs']' returned non-zero exit status 73.

During handling of the above exception, another exception occurred:

Traceback (most recent call last):
  File "E:\VSCodeProject\OPC\venv\Lib\site-packages\flask\app.py", line 2190, in wsgi_app
    response = self.full_dispatch_request()
               ^^^^^^^^^^^^^^^^^^^^^^^^^^^^
  File "E:\VSCodeProject\OPC\venv\Lib\site-packages\flask\app.py", line 1486, in full_dispatch_request
    rv = self.handle_user_exception(e)
         ^^^^^^^^^^^^^^^^^^^^^^^^^^^^^
  File "E:\VSCodeProject\OPC\venv\Lib\site-packages\flask\app.py", line 1484, in full_dispatch_request
    rv = self.dispatch_request()
         ^^^^^^^^^^^^^^^^^^^^^^^
  File "E:\VSCodeProject\OPC\venv\Lib\site-packages\flask\app.py", line 1469, in dispatch_request
    return self.ensure_sync(self.view_functions[rule.endpoint])(**view_args)
           ^^^^^^^^^^^^^^^^^^^^^^^^^^^^^^^^^^^^^^^^^^^^^^^^^^^^^^^^^^^^^^^^^
  File "E:\VSCodeProject\OPC\main.py", line 96, in run_code
    error = e.stderr.strip() or str(e)
            ^^^^^^^^^^^^^^
AttributeError: 'NoneType' object has no attribute 'strip'
2023-09-19 22:38:37,730 INFO: 127.0.0.1 - - [19/Sep/2023 22:38:37] "[35m[1mPOST /runcode HTTP/1.1[0m" 500 -
2023-09-19 22:39:11,407 DEBUG: Code execution started
2023-09-19 22:39:11,426 INFO: [31m[1mWARNING: This is a development server. Do not use it in a production deployment. Use a production WSGI server instead.[0m
 * Running on http://127.0.0.1:5000
2023-09-19 22:39:11,426 INFO: [33mPress CTRL+C to quit[0m
2023-09-19 22:39:14,308 INFO: start executing c# code
2023-09-19 22:39:15,468 DEBUG: Code file created at builds/cs/Program.cs
2023-09-19 22:39:16,720 ERROR: Exception on /runcode [POST]
Traceback (most recent call last):
  File "E:\VSCodeProject\OPC\main.py", line 93, in run_code
    output, error = execute_code({'lang': language, 'code': code})
                    ^^^^^^^^^^^^^^^^^^^^^^^^^^^^^^^^^^^^^^^^^^^^^^
  File "E:\VSCodeProject\OPC\utils\execute.py", line 35, in execute_code
    return execute_cs_code(params)
           ^^^^^^^^^^^^^^^^^^^^^^^
  File "E:\VSCodeProject\OPC\utils\execute.py", line 69, in execute_cs_code
    subprocess.run(cmd, check=True)
  File "C:\Program Files\WindowsApps\PythonSoftwareFoundation.Python.3.11_3.11.1520.0_x64__qbz5n2kfra8p0\Lib\subprocess.py", line 571, in run
    raise CalledProcessError(retcode, process.args,
subprocess.CalledProcessError: Command '['dotnet', 'build', 'builds/cs']' returned non-zero exit status 1.

During handling of the above exception, another exception occurred:

Traceback (most recent call last):
  File "E:\VSCodeProject\OPC\venv\Lib\site-packages\flask\app.py", line 2190, in wsgi_app
    response = self.full_dispatch_request()
               ^^^^^^^^^^^^^^^^^^^^^^^^^^^^
  File "E:\VSCodeProject\OPC\venv\Lib\site-packages\flask\app.py", line 1486, in full_dispatch_request
    rv = self.handle_user_exception(e)
         ^^^^^^^^^^^^^^^^^^^^^^^^^^^^^
  File "E:\VSCodeProject\OPC\venv\Lib\site-packages\flask\app.py", line 1484, in full_dispatch_request
    rv = self.dispatch_request()
         ^^^^^^^^^^^^^^^^^^^^^^^
  File "E:\VSCodeProject\OPC\venv\Lib\site-packages\flask\app.py", line 1469, in dispatch_request
    return self.ensure_sync(self.view_functions[rule.endpoint])(**view_args)
           ^^^^^^^^^^^^^^^^^^^^^^^^^^^^^^^^^^^^^^^^^^^^^^^^^^^^^^^^^^^^^^^^^
  File "E:\VSCodeProject\OPC\main.py", line 96, in run_code
    error = e.stderr.strip() or str(e)
            ^^^^^^^^^^^^^^
AttributeError: 'NoneType' object has no attribute 'strip'
2023-09-19 22:39:16,727 INFO: 127.0.0.1 - - [19/Sep/2023 22:39:16] "[35m[1mPOST /runcode HTTP/1.1[0m" 500 -
2023-09-19 22:39:49,869 DEBUG: Code execution started
2023-09-19 22:39:49,887 INFO: [31m[1mWARNING: This is a development server. Do not use it in a production deployment. Use a production WSGI server instead.[0m
 * Running on http://127.0.0.1:5000
2023-09-19 22:39:49,887 INFO: [33mPress CTRL+C to quit[0m
2023-09-19 22:39:57,244 INFO: start executing c# code
2023-09-19 22:39:58,374 DEBUG: Code file created at builds/cs/Program.cs
2023-09-19 22:39:59,596 ERROR: Exception on /runcode [POST]
Traceback (most recent call last):
  File "E:\VSCodeProject\OPC\main.py", line 93, in run_code
    output, error = execute_code({'lang': language, 'code': code})
                    ^^^^^^^^^^^^^^^^^^^^^^^^^^^^^^^^^^^^^^^^^^^^^^
  File "E:\VSCodeProject\OPC\utils\execute.py", line 35, in execute_code
    return execute_cs_code(params)
           ^^^^^^^^^^^^^^^^^^^^^^^
  File "E:\VSCodeProject\OPC\utils\execute.py", line 69, in execute_cs_code
    subprocess.run(cmd, check=True)
  File "C:\Program Files\WindowsApps\PythonSoftwareFoundation.Python.3.11_3.11.1520.0_x64__qbz5n2kfra8p0\Lib\subprocess.py", line 571, in run
    raise CalledProcessError(retcode, process.args,
subprocess.CalledProcessError: Command '['dotnet', 'build', 'builds/cs']' returned non-zero exit status 1.

During handling of the above exception, another exception occurred:

Traceback (most recent call last):
  File "E:\VSCodeProject\OPC\venv\Lib\site-packages\flask\app.py", line 2190, in wsgi_app
    response = self.full_dispatch_request()
               ^^^^^^^^^^^^^^^^^^^^^^^^^^^^
  File "E:\VSCodeProject\OPC\venv\Lib\site-packages\flask\app.py", line 1486, in full_dispatch_request
    rv = self.handle_user_exception(e)
         ^^^^^^^^^^^^^^^^^^^^^^^^^^^^^
  File "E:\VSCodeProject\OPC\venv\Lib\site-packages\flask\app.py", line 1484, in full_dispatch_request
    rv = self.dispatch_request()
         ^^^^^^^^^^^^^^^^^^^^^^^
  File "E:\VSCodeProject\OPC\venv\Lib\site-packages\flask\app.py", line 1469, in dispatch_request
    return self.ensure_sync(self.view_functions[rule.endpoint])(**view_args)
           ^^^^^^^^^^^^^^^^^^^^^^^^^^^^^^^^^^^^^^^^^^^^^^^^^^^^^^^^^^^^^^^^^
  File "E:\VSCodeProject\OPC\main.py", line 96, in run_code
    error = e.stderr.strip() or str(e)
            ^^^^^^^^^^^^^^
AttributeError: 'NoneType' object has no attribute 'strip'
2023-09-19 22:39:59,603 INFO: 127.0.0.1 - - [19/Sep/2023 22:39:59] "[35m[1mPOST /runcode HTTP/1.1[0m" 500 -
2023-09-19 22:40:27,961 INFO: start executing c# code
2023-09-19 22:40:39,808 DEBUG: Code file created at builds/cs/Program.cs
2023-09-19 22:40:43,797 ERROR: Exception on /runcode [POST]
Traceback (most recent call last):
  File "E:\VSCodeProject\OPC\main.py", line 93, in run_code
    output, error = execute_code({'lang': language, 'code': code})
                    ^^^^^^^^^^^^^^^^^^^^^^^^^^^^^^^^^^^^^^^^^^^^^^
  File "E:\VSCodeProject\OPC\utils\execute.py", line 35, in execute_code
    return execute_cs_code(params)
           ^^^^^^^^^^^^^^^^^^^^^^^
  File "E:\VSCodeProject\OPC\utils\execute.py", line 69, in execute_cs_code
    subprocess.run(cmd, check=True)
  File "C:\Program Files\WindowsApps\PythonSoftwareFoundation.Python.3.11_3.11.1520.0_x64__qbz5n2kfra8p0\Lib\subprocess.py", line 571, in run
    raise CalledProcessError(retcode, process.args,
subprocess.CalledProcessError: Command '['dotnet', 'build', 'builds/cs']' returned non-zero exit status 1.

During handling of the above exception, another exception occurred:

Traceback (most recent call last):
  File "E:\VSCodeProject\OPC\venv\Lib\site-packages\flask\app.py", line 2190, in wsgi_app
    response = self.full_dispatch_request()
               ^^^^^^^^^^^^^^^^^^^^^^^^^^^^
  File "E:\VSCodeProject\OPC\venv\Lib\site-packages\flask\app.py", line 1486, in full_dispatch_request
    rv = self.handle_user_exception(e)
         ^^^^^^^^^^^^^^^^^^^^^^^^^^^^^
  File "E:\VSCodeProject\OPC\venv\Lib\site-packages\flask\app.py", line 1484, in full_dispatch_request
    rv = self.dispatch_request()
         ^^^^^^^^^^^^^^^^^^^^^^^
  File "E:\VSCodeProject\OPC\venv\Lib\site-packages\flask\app.py", line 1469, in dispatch_request
    return self.ensure_sync(self.view_functions[rule.endpoint])(**view_args)
           ^^^^^^^^^^^^^^^^^^^^^^^^^^^^^^^^^^^^^^^^^^^^^^^^^^^^^^^^^^^^^^^^^
  File "E:\VSCodeProject\OPC\main.py", line 96, in run_code
    error = e.stderr.strip() or str(e)
            ^^^^^^^^^^^^^^
AttributeError: 'NoneType' object has no attribute 'strip'
2023-09-19 22:40:43,803 INFO: 127.0.0.1 - - [19/Sep/2023 22:40:43] "[35m[1mPOST /runcode HTTP/1.1[0m" 500 -
2023-09-19 22:41:13,038 INFO: start executing c# code
2023-09-19 22:41:17,514 DEBUG: Code file created at builds/cs/Program.cs
2023-09-19 22:41:21,412 INFO: Code compiled with command: dotnet build builds/cs
2023-09-19 22:41:26,202 INFO: Code executed, stdout: HELLO, stderr: None
2023-09-19 22:41:50,699 INFO: 127.0.0.1 - - [19/Sep/2023 22:41:50] "POST /runcode HTTP/1.1" 200 -
2023-09-19 22:42:12,234 INFO: start executing c# code
2023-09-19 22:42:16,254 DEBUG: Code file created at builds/cs/Program.cs
2023-09-19 22:42:18,632 INFO: Code compiled with command: dotnet build builds/cs
2023-09-19 22:42:20,838 INFO: Code executed, stdout: 26, stderr: None
2023-09-19 22:42:21,164 INFO: 127.0.0.1 - - [19/Sep/2023 22:42:21] "POST /runcode HTTP/1.1" 200 -
2023-09-19 22:55:18,526 DEBUG: Code execution started
2023-09-19 22:55:18,551 INFO: [31m[1mWARNING: This is a development server. Do not use it in a production deployment. Use a production WSGI server instead.[0m
 * Running on http://127.0.0.1:5000
2023-09-19 22:55:18,551 INFO: [33mPress CTRL+C to quit[0m
2023-09-19 22:55:22,863 INFO: 127.0.0.1 - - [19/Sep/2023 22:55:22] "GET / HTTP/1.1" 200 -
2023-09-19 22:55:23,015 INFO: 127.0.0.1 - - [19/Sep/2023 22:55:23] "[36mGET /static/js/script.js?v=2 HTTP/1.1[0m" 304 -
2023-09-19 22:55:23,017 INFO: 127.0.0.1 - - [19/Sep/2023 22:55:23] "[36mGET /static/css/style.css?v=2 HTTP/1.1[0m" 304 -
2023-09-19 22:55:56,767 ERROR: Exception on /runcode [POST]
Traceback (most recent call last):
  File "E:\VSCodeProject\OPC\main.py", line 51, in run_code
    subprocess.run(compile_cmd, check=True)
  File "C:\Program Files\WindowsApps\PythonSoftwareFoundation.Python.3.11_3.11.1520.0_x64__qbz5n2kfra8p0\Lib\subprocess.py", line 571, in run
    raise CalledProcessError(retcode, process.args,
subprocess.CalledProcessError: Command '['go', 'build', '-o', 'builds/go/execute.go']' returned non-zero exit status 1.

During handling of the above exception, another exception occurred:

Traceback (most recent call last):
  File "E:\VSCodeProject\OPC\venv\Lib\site-packages\flask\app.py", line 2190, in wsgi_app
    response = self.full_dispatch_request()
               ^^^^^^^^^^^^^^^^^^^^^^^^^^^^
  File "E:\VSCodeProject\OPC\venv\Lib\site-packages\flask\app.py", line 1486, in full_dispatch_request
    rv = self.handle_user_exception(e)
         ^^^^^^^^^^^^^^^^^^^^^^^^^^^^^
  File "E:\VSCodeProject\OPC\venv\Lib\site-packages\flask\app.py", line 1484, in full_dispatch_request
    rv = self.dispatch_request()
         ^^^^^^^^^^^^^^^^^^^^^^^
  File "E:\VSCodeProject\OPC\venv\Lib\site-packages\flask\app.py", line 1469, in dispatch_request
    return self.ensure_sync(self.view_functions[rule.endpoint])(**view_args)
           ^^^^^^^^^^^^^^^^^^^^^^^^^^^^^^^^^^^^^^^^^^^^^^^^^^^^^^^^^^^^^^^^^
  File "E:\VSCodeProject\OPC\main.py", line 60, in run_code
    error = e.stderr.strip() or str(e)
            ^^^^^^^^^^^^^^
AttributeError: 'NoneType' object has no attribute 'strip'
2023-09-19 22:55:56,772 INFO: 127.0.0.1 - - [19/Sep/2023 22:55:56] "[35m[1mPOST /runcode HTTP/1.1[0m" 500 -
2023-09-19 22:56:28,122 DEBUG: Code execution started
2023-09-19 22:56:28,138 INFO: [31m[1mWARNING: This is a development server. Do not use it in a production deployment. Use a production WSGI server instead.[0m
 * Running on http://127.0.0.1:5000
2023-09-19 22:56:28,139 INFO: [33mPress CTRL+C to quit[0m
2023-09-19 22:56:30,323 INFO: 127.0.0.1 - - [19/Sep/2023 22:56:30] "GET / HTTP/1.1" 200 -
2023-09-19 22:56:30,485 INFO: 127.0.0.1 - - [19/Sep/2023 22:56:30] "[36mGET /static/js/script.js?v=2 HTTP/1.1[0m" 304 -
2023-09-19 22:56:30,489 INFO: 127.0.0.1 - - [19/Sep/2023 22:56:30] "[36mGET /static/css/style.css?v=2 HTTP/1.1[0m" 304 -
2023-09-19 22:56:33,577 ERROR: Exception on /runcode [POST]
Traceback (most recent call last):
  File "E:\VSCodeProject\OPC\main.py", line 51, in run_code
    subprocess.run(compile_cmd, check=True)
  File "C:\Program Files\WindowsApps\PythonSoftwareFoundation.Python.3.11_3.11.1520.0_x64__qbz5n2kfra8p0\Lib\subprocess.py", line 571, in run
    raise CalledProcessError(retcode, process.args,
subprocess.CalledProcessError: Command '['go', 'build', '-o', 'builds/go/execute.go']' returned non-zero exit status 1.

During handling of the above exception, another exception occurred:

Traceback (most recent call last):
  File "E:\VSCodeProject\OPC\venv\Lib\site-packages\flask\app.py", line 2190, in wsgi_app
    response = self.full_dispatch_request()
               ^^^^^^^^^^^^^^^^^^^^^^^^^^^^
  File "E:\VSCodeProject\OPC\venv\Lib\site-packages\flask\app.py", line 1486, in full_dispatch_request
    rv = self.handle_user_exception(e)
         ^^^^^^^^^^^^^^^^^^^^^^^^^^^^^
  File "E:\VSCodeProject\OPC\venv\Lib\site-packages\flask\app.py", line 1484, in full_dispatch_request
    rv = self.dispatch_request()
         ^^^^^^^^^^^^^^^^^^^^^^^
  File "E:\VSCodeProject\OPC\venv\Lib\site-packages\flask\app.py", line 1469, in dispatch_request
    return self.ensure_sync(self.view_functions[rule.endpoint])(**view_args)
           ^^^^^^^^^^^^^^^^^^^^^^^^^^^^^^^^^^^^^^^^^^^^^^^^^^^^^^^^^^^^^^^^^
  File "E:\VSCodeProject\OPC\main.py", line 60, in run_code
    error = e.stderr.strip() or str(e)
            ^^^^^^^^^^^^^^
AttributeError: 'NoneType' object has no attribute 'strip'
2023-09-19 22:56:33,584 INFO: 127.0.0.1 - - [19/Sep/2023 22:56:33] "[35m[1mPOST /runcode HTTP/1.1[0m" 500 -
2023-09-19 22:56:44,442 ERROR: Exception on /runcode [POST]
Traceback (most recent call last):
  File "E:\VSCodeProject\OPC\main.py", line 51, in run_code
    subprocess.run(compile_cmd, check=True)
  File "C:\Program Files\WindowsApps\PythonSoftwareFoundation.Python.3.11_3.11.1520.0_x64__qbz5n2kfra8p0\Lib\subprocess.py", line 571, in run
    raise CalledProcessError(retcode, process.args,
subprocess.CalledProcessError: Command '['go', 'build', '-o', 'builds/go/execute.go']' returned non-zero exit status 1.

During handling of the above exception, another exception occurred:

Traceback (most recent call last):
  File "E:\VSCodeProject\OPC\venv\Lib\site-packages\flask\app.py", line 2190, in wsgi_app
    response = self.full_dispatch_request()
               ^^^^^^^^^^^^^^^^^^^^^^^^^^^^
  File "E:\VSCodeProject\OPC\venv\Lib\site-packages\flask\app.py", line 1486, in full_dispatch_request
    rv = self.handle_user_exception(e)
         ^^^^^^^^^^^^^^^^^^^^^^^^^^^^^
  File "E:\VSCodeProject\OPC\venv\Lib\site-packages\flask\app.py", line 1484, in full_dispatch_request
    rv = self.dispatch_request()
         ^^^^^^^^^^^^^^^^^^^^^^^
  File "E:\VSCodeProject\OPC\venv\Lib\site-packages\flask\app.py", line 1469, in dispatch_request
    return self.ensure_sync(self.view_functions[rule.endpoint])(**view_args)
           ^^^^^^^^^^^^^^^^^^^^^^^^^^^^^^^^^^^^^^^^^^^^^^^^^^^^^^^^^^^^^^^^^
  File "E:\VSCodeProject\OPC\main.py", line 60, in run_code
    error = e.stderr.strip() or str(e)
            ^^^^^^^^^^^^^^
AttributeError: 'NoneType' object has no attribute 'strip'
2023-09-19 22:56:44,449 INFO: 127.0.0.1 - - [19/Sep/2023 22:56:44] "[35m[1mPOST /runcode HTTP/1.1[0m" 500 -
2023-09-19 22:56:51,065 ERROR: Exception on /runcode [POST]
Traceback (most recent call last):
  File "E:\VSCodeProject\OPC\main.py", line 51, in run_code
    subprocess.run(compile_cmd, check=True)
  File "C:\Program Files\WindowsApps\PythonSoftwareFoundation.Python.3.11_3.11.1520.0_x64__qbz5n2kfra8p0\Lib\subprocess.py", line 571, in run
    raise CalledProcessError(retcode, process.args,
subprocess.CalledProcessError: Command '['go', 'build', '-o', 'builds/go/execute.go']' returned non-zero exit status 1.

During handling of the above exception, another exception occurred:

Traceback (most recent call last):
  File "E:\VSCodeProject\OPC\venv\Lib\site-packages\flask\app.py", line 2190, in wsgi_app
    response = self.full_dispatch_request()
               ^^^^^^^^^^^^^^^^^^^^^^^^^^^^
  File "E:\VSCodeProject\OPC\venv\Lib\site-packages\flask\app.py", line 1486, in full_dispatch_request
    rv = self.handle_user_exception(e)
         ^^^^^^^^^^^^^^^^^^^^^^^^^^^^^
  File "E:\VSCodeProject\OPC\venv\Lib\site-packages\flask\app.py", line 1484, in full_dispatch_request
    rv = self.dispatch_request()
         ^^^^^^^^^^^^^^^^^^^^^^^
  File "E:\VSCodeProject\OPC\venv\Lib\site-packages\flask\app.py", line 1469, in dispatch_request
    return self.ensure_sync(self.view_functions[rule.endpoint])(**view_args)
           ^^^^^^^^^^^^^^^^^^^^^^^^^^^^^^^^^^^^^^^^^^^^^^^^^^^^^^^^^^^^^^^^^
  File "E:\VSCodeProject\OPC\main.py", line 60, in run_code
    error = e.stderr.strip() or str(e)
            ^^^^^^^^^^^^^^
AttributeError: 'NoneType' object has no attribute 'strip'
2023-09-19 22:56:51,068 INFO: 127.0.0.1 - - [19/Sep/2023 22:56:51] "[35m[1mPOST /runcode HTTP/1.1[0m" 500 -
2023-09-19 22:57:09,767 DEBUG: Code execution started
2023-09-19 22:57:09,786 INFO: [31m[1mWARNING: This is a development server. Do not use it in a production deployment. Use a production WSGI server instead.[0m
 * Running on http://127.0.0.1:5000
2023-09-19 22:57:09,786 INFO: [33mPress CTRL+C to quit[0m
2023-09-19 22:57:11,088 ERROR: Exception on /runcode [POST]
Traceback (most recent call last):
  File "E:\VSCodeProject\OPC\main.py", line 51, in run_code
    subprocess.run(compile_cmd, check=True)
  File "C:\Program Files\WindowsApps\PythonSoftwareFoundation.Python.3.11_3.11.1520.0_x64__qbz5n2kfra8p0\Lib\subprocess.py", line 571, in run
    raise CalledProcessError(retcode, process.args,
subprocess.CalledProcessError: Command '['go', 'build', '-o', 'builds/go/execute.go']' returned non-zero exit status 1.

During handling of the above exception, another exception occurred:

Traceback (most recent call last):
  File "E:\VSCodeProject\OPC\venv\Lib\site-packages\flask\app.py", line 2190, in wsgi_app
    response = self.full_dispatch_request()
               ^^^^^^^^^^^^^^^^^^^^^^^^^^^^
  File "E:\VSCodeProject\OPC\venv\Lib\site-packages\flask\app.py", line 1486, in full_dispatch_request
    rv = self.handle_user_exception(e)
         ^^^^^^^^^^^^^^^^^^^^^^^^^^^^^
  File "E:\VSCodeProject\OPC\venv\Lib\site-packages\flask\app.py", line 1484, in full_dispatch_request
    rv = self.dispatch_request()
         ^^^^^^^^^^^^^^^^^^^^^^^
  File "E:\VSCodeProject\OPC\venv\Lib\site-packages\flask\app.py", line 1469, in dispatch_request
    return self.ensure_sync(self.view_functions[rule.endpoint])(**view_args)
           ^^^^^^^^^^^^^^^^^^^^^^^^^^^^^^^^^^^^^^^^^^^^^^^^^^^^^^^^^^^^^^^^^
  File "E:\VSCodeProject\OPC\main.py", line 60, in run_code
    error = e.stderr.strip() or str(e)
            ^^^^^^^^^^^^^^
AttributeError: 'NoneType' object has no attribute 'strip'
2023-09-19 22:57:11,095 INFO: 127.0.0.1 - - [19/Sep/2023 22:57:11] "[35m[1mPOST /runcode HTTP/1.1[0m" 500 -
2023-09-19 22:57:12,589 INFO: 127.0.0.1 - - [19/Sep/2023 22:57:12] "GET / HTTP/1.1" 200 -
2023-09-19 22:57:12,735 INFO: 127.0.0.1 - - [19/Sep/2023 22:57:12] "[36mGET /static/js/script.js?v=2 HTTP/1.1[0m" 304 -
2023-09-19 22:57:12,738 INFO: 127.0.0.1 - - [19/Sep/2023 22:57:12] "[36mGET /static/css/style.css?v=2 HTTP/1.1[0m" 304 -
2023-09-19 22:57:16,774 ERROR: Exception on /runcode [POST]
Traceback (most recent call last):
  File "E:\VSCodeProject\OPC\main.py", line 51, in run_code
    subprocess.run(compile_cmd, check=True)
  File "C:\Program Files\WindowsApps\PythonSoftwareFoundation.Python.3.11_3.11.1520.0_x64__qbz5n2kfra8p0\Lib\subprocess.py", line 571, in run
    raise CalledProcessError(retcode, process.args,
subprocess.CalledProcessError: Command '['go', 'build', '-o', 'builds/go/execute.go']' returned non-zero exit status 1.

During handling of the above exception, another exception occurred:

Traceback (most recent call last):
  File "E:\VSCodeProject\OPC\venv\Lib\site-packages\flask\app.py", line 2190, in wsgi_app
    response = self.full_dispatch_request()
               ^^^^^^^^^^^^^^^^^^^^^^^^^^^^
  File "E:\VSCodeProject\OPC\venv\Lib\site-packages\flask\app.py", line 1486, in full_dispatch_request
    rv = self.handle_user_exception(e)
         ^^^^^^^^^^^^^^^^^^^^^^^^^^^^^
  File "E:\VSCodeProject\OPC\venv\Lib\site-packages\flask\app.py", line 1484, in full_dispatch_request
    rv = self.dispatch_request()
         ^^^^^^^^^^^^^^^^^^^^^^^
  File "E:\VSCodeProject\OPC\venv\Lib\site-packages\flask\app.py", line 1469, in dispatch_request
    return self.ensure_sync(self.view_functions[rule.endpoint])(**view_args)
           ^^^^^^^^^^^^^^^^^^^^^^^^^^^^^^^^^^^^^^^^^^^^^^^^^^^^^^^^^^^^^^^^^
  File "E:\VSCodeProject\OPC\main.py", line 60, in run_code
    error = e.stderr.strip() or str(e)
            ^^^^^^^^^^^^^^
AttributeError: 'NoneType' object has no attribute 'strip'
2023-09-19 22:57:16,776 INFO: 127.0.0.1 - - [19/Sep/2023 22:57:16] "[35m[1mPOST /runcode HTTP/1.1[0m" 500 -
2023-09-19 22:58:52,692 DEBUG: Code execution started
2023-09-19 22:58:52,715 INFO: [31m[1mWARNING: This is a development server. Do not use it in a production deployment. Use a production WSGI server instead.[0m
 * Running on http://127.0.0.1:5000
2023-09-19 22:58:52,715 INFO: [33mPress CTRL+C to quit[0m
2023-09-19 22:59:12,522 INFO: 127.0.0.1 - - [19/Sep/2023 22:59:12] "GET / HTTP/1.1" 200 -
2023-09-19 22:59:12,672 INFO: 127.0.0.1 - - [19/Sep/2023 22:59:12] "[36mGET /static/css/style.css?v=2 HTTP/1.1[0m" 304 -
2023-09-19 22:59:12,675 INFO: 127.0.0.1 - - [19/Sep/2023 22:59:12] "[36mGET /static/js/script.js?v=2 HTTP/1.1[0m" 304 -
2023-09-19 22:59:15,424 ERROR: Exception on /runcode [POST]
Traceback (most recent call last):
  File "E:\VSCodeProject\OPC\main.py", line 51, in run_code
    subprocess.run(compile_cmd, check=True)
  File "C:\Program Files\WindowsApps\PythonSoftwareFoundation.Python.3.11_3.11.1520.0_x64__qbz5n2kfra8p0\Lib\subprocess.py", line 571, in run
    raise CalledProcessError(retcode, process.args,
subprocess.CalledProcessError: Command '['go', 'build', '-o', 'builds/go/execute.go']' returned non-zero exit status 1.

During handling of the above exception, another exception occurred:

Traceback (most recent call last):
  File "E:\VSCodeProject\OPC\venv\Lib\site-packages\flask\app.py", line 2190, in wsgi_app
    response = self.full_dispatch_request()
               ^^^^^^^^^^^^^^^^^^^^^^^^^^^^
  File "E:\VSCodeProject\OPC\venv\Lib\site-packages\flask\app.py", line 1486, in full_dispatch_request
    rv = self.handle_user_exception(e)
         ^^^^^^^^^^^^^^^^^^^^^^^^^^^^^
  File "E:\VSCodeProject\OPC\venv\Lib\site-packages\flask\app.py", line 1484, in full_dispatch_request
    rv = self.dispatch_request()
         ^^^^^^^^^^^^^^^^^^^^^^^
  File "E:\VSCodeProject\OPC\venv\Lib\site-packages\flask\app.py", line 1469, in dispatch_request
    return self.ensure_sync(self.view_functions[rule.endpoint])(**view_args)
           ^^^^^^^^^^^^^^^^^^^^^^^^^^^^^^^^^^^^^^^^^^^^^^^^^^^^^^^^^^^^^^^^^
  File "E:\VSCodeProject\OPC\main.py", line 60, in run_code
    error = e.stderr.strip() or str(e)
            ^^^^^^^^^^^^^^
AttributeError: 'NoneType' object has no attribute 'strip'
2023-09-19 22:59:15,429 INFO: 127.0.0.1 - - [19/Sep/2023 22:59:15] "[35m[1mPOST /runcode HTTP/1.1[0m" 500 -
2023-09-19 22:59:32,983 DEBUG: Code execution started
2023-09-19 22:59:33,003 INFO: [31m[1mWARNING: This is a development server. Do not use it in a production deployment. Use a production WSGI server instead.[0m
 * Running on http://127.0.0.1:5000
2023-09-19 22:59:33,003 INFO: [33mPress CTRL+C to quit[0m
2023-09-19 22:59:35,450 ERROR: Exception on /runcode [POST]
Traceback (most recent call last):
  File "E:\VSCodeProject\OPC\main.py", line 51, in run_code
    subprocess.run(compile_cmd, check=True)
  File "C:\Program Files\WindowsApps\PythonSoftwareFoundation.Python.3.11_3.11.1520.0_x64__qbz5n2kfra8p0\Lib\subprocess.py", line 571, in run
    raise CalledProcessError(retcode, process.args,
subprocess.CalledProcessError: Command '['go', 'build', '-o', 'builds/go/execute.go']' returned non-zero exit status 1.

During handling of the above exception, another exception occurred:

Traceback (most recent call last):
  File "E:\VSCodeProject\OPC\venv\Lib\site-packages\flask\app.py", line 2190, in wsgi_app
    response = self.full_dispatch_request()
               ^^^^^^^^^^^^^^^^^^^^^^^^^^^^
  File "E:\VSCodeProject\OPC\venv\Lib\site-packages\flask\app.py", line 1486, in full_dispatch_request
    rv = self.handle_user_exception(e)
         ^^^^^^^^^^^^^^^^^^^^^^^^^^^^^
  File "E:\VSCodeProject\OPC\venv\Lib\site-packages\flask\app.py", line 1484, in full_dispatch_request
    rv = self.dispatch_request()
         ^^^^^^^^^^^^^^^^^^^^^^^
  File "E:\VSCodeProject\OPC\venv\Lib\site-packages\flask\app.py", line 1469, in dispatch_request
    return self.ensure_sync(self.view_functions[rule.endpoint])(**view_args)
           ^^^^^^^^^^^^^^^^^^^^^^^^^^^^^^^^^^^^^^^^^^^^^^^^^^^^^^^^^^^^^^^^^
  File "E:\VSCodeProject\OPC\main.py", line 60, in run_code
    error = e.stderr.strip() or str(e)
            ^^^^^^^^^^^^^^
AttributeError: 'NoneType' object has no attribute 'strip'
2023-09-19 22:59:35,457 INFO: 127.0.0.1 - - [19/Sep/2023 22:59:35] "[35m[1mPOST /runcode HTTP/1.1[0m" 500 -
2023-09-19 22:59:38,896 INFO: start executing python code
2023-09-19 22:59:38,897 INFO: 127.0.0.1 - - [19/Sep/2023 22:59:38] "POST /runcode HTTP/1.1" 200 -
2023-09-19 22:59:41,420 ERROR: Exception on /runcode [POST]
Traceback (most recent call last):
  File "E:\VSCodeProject\OPC\main.py", line 51, in run_code
    subprocess.run(compile_cmd, check=True)
  File "C:\Program Files\WindowsApps\PythonSoftwareFoundation.Python.3.11_3.11.1520.0_x64__qbz5n2kfra8p0\Lib\subprocess.py", line 571, in run
    raise CalledProcessError(retcode, process.args,
subprocess.CalledProcessError: Command '['go', 'build', '-o', 'builds/go/execute.go']' returned non-zero exit status 1.

During handling of the above exception, another exception occurred:

Traceback (most recent call last):
  File "E:\VSCodeProject\OPC\venv\Lib\site-packages\flask\app.py", line 2190, in wsgi_app
    response = self.full_dispatch_request()
               ^^^^^^^^^^^^^^^^^^^^^^^^^^^^
  File "E:\VSCodeProject\OPC\venv\Lib\site-packages\flask\app.py", line 1486, in full_dispatch_request
    rv = self.handle_user_exception(e)
         ^^^^^^^^^^^^^^^^^^^^^^^^^^^^^
  File "E:\VSCodeProject\OPC\venv\Lib\site-packages\flask\app.py", line 1484, in full_dispatch_request
    rv = self.dispatch_request()
         ^^^^^^^^^^^^^^^^^^^^^^^
  File "E:\VSCodeProject\OPC\venv\Lib\site-packages\flask\app.py", line 1469, in dispatch_request
    return self.ensure_sync(self.view_functions[rule.endpoint])(**view_args)
           ^^^^^^^^^^^^^^^^^^^^^^^^^^^^^^^^^^^^^^^^^^^^^^^^^^^^^^^^^^^^^^^^^
  File "E:\VSCodeProject\OPC\main.py", line 60, in run_code
    error = e.stderr.strip() or str(e)
            ^^^^^^^^^^^^^^
AttributeError: 'NoneType' object has no attribute 'strip'
2023-09-19 22:59:41,422 INFO: 127.0.0.1 - - [19/Sep/2023 22:59:41] "[35m[1mPOST /runcode HTTP/1.1[0m" 500 -
2023-09-19 22:59:57,855 INFO: 127.0.0.1 - - [19/Sep/2023 22:59:57] "POST /runcode HTTP/1.1" 200 -
2023-09-19 23:01:31,226 DEBUG: Code execution started
2023-09-19 23:01:31,242 INFO: [31m[1mWARNING: This is a development server. Do not use it in a production deployment. Use a production WSGI server instead.[0m
 * Running on http://127.0.0.1:5000
2023-09-19 23:01:31,242 INFO: [33mPress CTRL+C to quit[0m
2023-09-19 23:01:39,227 INFO: 127.0.0.1 - - [19/Sep/2023 23:01:39] "POST /runcode HTTP/1.1" 200 -
2023-09-19 23:02:11,441 DEBUG: Code execution started
2023-09-19 23:02:11,459 INFO: [31m[1mWARNING: This is a development server. Do not use it in a production deployment. Use a production WSGI server instead.[0m
 * Running on http://127.0.0.1:5000
2023-09-19 23:02:11,459 INFO: [33mPress CTRL+C to quit[0m
2023-09-19 23:02:20,248 INFO: start executing c or cpp code
2023-09-19 23:02:20,248 DEBUG: Code file created at builds/ruby/code.ruby
2023-09-19 23:02:20,398 INFO: Code executed, stdout: Hello, World!, stderr: None
2023-09-19 23:02:20,399 INFO: 127.0.0.1 - - [19/Sep/2023 23:02:20] "POST /runcode HTTP/1.1" 200 -
2023-09-19 23:02:28,853 INFO: start executing c or cpp code
2023-09-19 23:02:30,457 DEBUG: Code file created at builds/go/code.go
2023-09-19 23:02:35,192 INFO: 127.0.0.1 - - [19/Sep/2023 23:02:35] "POST /runcode HTTP/1.1" 200 -
2023-09-19 23:03:45,574 DEBUG: Code execution started
2023-09-19 23:03:45,590 INFO: [31m[1mWARNING: This is a development server. Do not use it in a production deployment. Use a production WSGI server instead.[0m
 * Running on http://127.0.0.1:5000
2023-09-19 23:03:45,591 INFO: [33mPress CTRL+C to quit[0m
2023-09-19 23:04:18,803 INFO: start executing c or cpp code
2023-09-19 23:04:19,997 DEBUG: Code file created at builds/go/code.go
2023-09-19 23:04:23,827 INFO: 127.0.0.1 - - [19/Sep/2023 23:04:23] "POST /runcode HTTP/1.1" 200 -
2023-09-19 23:04:56,859 DEBUG: Code execution started
2023-09-19 23:04:56,876 INFO: [31m[1mWARNING: This is a development server. Do not use it in a production deployment. Use a production WSGI server instead.[0m
 * Running on http://127.0.0.1:5000
2023-09-19 23:04:56,876 INFO: [33mPress CTRL+C to quit[0m
2023-09-19 23:05:31,874 INFO: start executing c or cpp code
2023-09-19 23:05:34,966 DEBUG: Code file created at builds/go/code.go
2023-09-19 23:07:53,670 DEBUG: Code execution started
2023-09-19 23:07:53,698 INFO: [31m[1mWARNING: This is a development server. Do not use it in a production deployment. Use a production WSGI server instead.[0m
 * Running on http://127.0.0.1:5000
2023-09-19 23:07:53,698 INFO: [33mPress CTRL+C to quit[0m
2023-09-19 23:08:48,782 INFO: start executing c or cpp code
2023-09-19 23:08:49,768 DEBUG: Code file created at builds/go/code.go
2023-09-19 23:08:53,956 INFO: 127.0.0.1 - - [19/Sep/2023 23:08:53] "POST /runcode HTTP/1.1" 200 -
2023-09-19 23:08:55,725 INFO: start executing c or cpp code
2023-09-19 23:09:11,181 DEBUG: Code file created at builds/go/code.go
2023-09-19 23:11:22,895 DEBUG: Code execution started
2023-09-19 23:11:22,913 INFO: [31m[1mWARNING: This is a development server. Do not use it in a production deployment. Use a production WSGI server instead.[0m
 * Running on http://127.0.0.1:5000
2023-09-19 23:11:22,913 INFO: [33mPress CTRL+C to quit[0m
2023-09-19 23:11:28,027 INFO: start executing c or cpp code
2023-09-19 23:11:29,168 DEBUG: Code file created at builds/go/code.go
2023-09-19 23:11:39,200 INFO: Code compiled with command: go build builds/go/code.go
2023-09-19 23:11:40,787 INFO: Code executed, stdout: , stderr: package builds/go is not in std (C:\Program Files\Go\src\builds\go)
2023-09-19 23:11:43,174 INFO: 127.0.0.1 - - [19/Sep/2023 23:11:43] "POST /runcode HTTP/1.1" 200 -
2023-09-19 23:13:15,934 DEBUG: Code execution started
2023-09-19 23:13:15,943 INFO: [31m[1mWARNING: This is a development server. Do not use it in a production deployment. Use a production WSGI server instead.[0m
 * Running on http://127.0.0.1:5000
2023-09-19 23:13:15,943 INFO: [33mPress CTRL+C to quit[0m
2023-09-19 23:13:19,559 INFO: 127.0.0.1 - - [19/Sep/2023 23:13:19] "GET / HTTP/1.1" 200 -
2023-09-19 23:13:19,698 INFO: 127.0.0.1 - - [19/Sep/2023 23:13:19] "GET /static/js/script.js?v=2 HTTP/1.1" 200 -
2023-09-19 23:13:19,701 INFO: 127.0.0.1 - - [19/Sep/2023 23:13:19] "[36mGET /static/css/style.css?v=2 HTTP/1.1[0m" 304 -
2023-09-19 23:14:01,016 INFO: 127.0.0.1 - - [19/Sep/2023 23:14:01] "GET / HTTP/1.1" 200 -
2023-09-19 23:14:01,034 INFO: 127.0.0.1 - - [19/Sep/2023 23:14:01] "[36mGET /static/css/style.css?v=2 HTTP/1.1[0m" 304 -
2023-09-19 23:14:01,034 INFO: 127.0.0.1 - - [19/Sep/2023 23:14:01] "GET /static/js/script.js?v=2 HTTP/1.1" 200 -
2023-09-19 23:14:49,837 INFO: 127.0.0.1 - - [19/Sep/2023 23:14:49] "GET / HTTP/1.1" 200 -
2023-09-19 23:14:49,849 INFO: 127.0.0.1 - - [19/Sep/2023 23:14:49] "[36mGET /static/css/style.css?v=2 HTTP/1.1[0m" 304 -
2023-09-19 23:14:49,852 INFO: 127.0.0.1 - - [19/Sep/2023 23:14:49] "GET /static/js/script.js?v=2 HTTP/1.1" 200 -
2023-09-19 23:15:45,907 INFO: 127.0.0.1 - - [19/Sep/2023 23:15:45] "GET / HTTP/1.1" 200 -
2023-09-19 23:15:45,918 INFO: 127.0.0.1 - - [19/Sep/2023 23:15:45] "[36mGET /static/css/style.css?v=2 HTTP/1.1[0m" 304 -
2023-09-19 23:15:45,922 INFO: 127.0.0.1 - - [19/Sep/2023 23:15:45] "GET /static/js/script.js?v=2 HTTP/1.1" 200 -
2023-09-19 23:15:49,873 INFO: 127.0.0.1 - - [19/Sep/2023 23:15:49] "GET / HTTP/1.1" 200 -
2023-09-19 23:15:49,882 INFO: 127.0.0.1 - - [19/Sep/2023 23:15:49] "[36mGET /static/css/style.css?v=2 HTTP/1.1[0m" 304 -
2023-09-19 23:15:49,885 INFO: 127.0.0.1 - - [19/Sep/2023 23:15:49] "[36mGET /static/js/script.js?v=2 HTTP/1.1[0m" 304 -
2023-09-19 23:15:55,204 INFO: 127.0.0.1 - - [19/Sep/2023 23:15:55] "GET / HTTP/1.1" 200 -
2023-09-19 23:15:55,216 INFO: 127.0.0.1 - - [19/Sep/2023 23:15:55] "[36mGET /static/css/style.css?v=2 HTTP/1.1[0m" 304 -
2023-09-19 23:15:55,219 INFO: 127.0.0.1 - - [19/Sep/2023 23:15:55] "GET /static/js/script.js?v=2 HTTP/1.1" 200 -
2023-09-19 23:16:06,177 INFO: 127.0.0.1 - - [19/Sep/2023 23:16:06] "GET / HTTP/1.1" 200 -
2023-09-19 23:16:06,196 INFO: 127.0.0.1 - - [19/Sep/2023 23:16:06] "[36mGET /static/css/style.css?v=2 HTTP/1.1[0m" 304 -
2023-09-19 23:16:06,198 INFO: 127.0.0.1 - - [19/Sep/2023 23:16:06] "GET /static/js/script.js?v=2 HTTP/1.1" 200 -
2023-09-19 23:16:07,776 INFO: 127.0.0.1 - - [19/Sep/2023 23:16:07] "[36mGET /static/css/style.css?v=2 HTTP/1.1[0m" 304 -
2023-09-19 23:16:16,729 INFO: 127.0.0.1 - - [19/Sep/2023 23:16:16] "GET / HTTP/1.1" 200 -
2023-09-19 23:16:16,738 INFO: 127.0.0.1 - - [19/Sep/2023 23:16:16] "[36mGET /static/css/style.css?v=2 HTTP/1.1[0m" 304 -
2023-09-19 23:16:16,742 INFO: 127.0.0.1 - - [19/Sep/2023 23:16:16] "GET /static/js/script.js?v=2 HTTP/1.1" 200 -
2023-09-19 23:16:38,618 INFO: 127.0.0.1 - - [19/Sep/2023 23:16:38] "GET / HTTP/1.1" 200 -
2023-09-19 23:16:38,628 INFO: 127.0.0.1 - - [19/Sep/2023 23:16:38] "[36mGET /static/css/style.css?v=2 HTTP/1.1[0m" 304 -
2023-09-19 23:16:38,631 INFO: 127.0.0.1 - - [19/Sep/2023 23:16:38] "GET /static/js/script.js?v=2 HTTP/1.1" 200 -
2023-09-19 23:16:55,088 INFO: 127.0.0.1 - - [19/Sep/2023 23:16:55] "GET / HTTP/1.1" 200 -
2023-09-19 23:16:55,097 INFO: 127.0.0.1 - - [19/Sep/2023 23:16:55] "[36mGET /static/css/style.css?v=2 HTTP/1.1[0m" 304 -
2023-09-19 23:16:55,100 INFO: 127.0.0.1 - - [19/Sep/2023 23:16:55] "GET /static/js/script.js?v=2 HTTP/1.1" 200 -
2023-09-19 23:18:10,979 INFO: 127.0.0.1 - - [19/Sep/2023 23:18:10] "GET / HTTP/1.1" 200 -
2023-09-19 23:18:10,997 INFO: 127.0.0.1 - - [19/Sep/2023 23:18:10] "[36mGET /static/css/style.css?v=2 HTTP/1.1[0m" 304 -
2023-09-19 23:18:11,000 INFO: 127.0.0.1 - - [19/Sep/2023 23:18:11] "GET /static/js/script.js?v=2 HTTP/1.1" 200 -
2023-09-19 23:18:22,955 INFO: 127.0.0.1 - - [19/Sep/2023 23:18:22] "GET / HTTP/1.1" 200 -
2023-09-19 23:18:22,966 INFO: 127.0.0.1 - - [19/Sep/2023 23:18:22] "[36mGET /static/css/style.css?v=2 HTTP/1.1[0m" 304 -
2023-09-19 23:18:22,969 INFO: 127.0.0.1 - - [19/Sep/2023 23:18:22] "GET /static/js/script.js?v=2 HTTP/1.1" 200 -
2023-09-19 23:18:30,163 INFO: start executing javascript code
2023-09-19 23:18:30,163 DEBUG: Code file created at builds/js/code.js
2023-09-19 23:18:30,214 INFO: Code executed, stdout: Hello,world!, stderr: None
2023-09-19 23:18:30,214 INFO: 127.0.0.1 - - [19/Sep/2023 23:18:30] "POST /runcode HTTP/1.1" 200 -
2023-09-19 23:18:32,157 INFO: start executing python code
2023-09-19 23:18:32,157 DEBUG: Python code executed, output: Hello,world!
2023-09-19 23:18:32,157 INFO: 127.0.0.1 - - [19/Sep/2023 23:18:32] "POST /runcode HTTP/1.1" 200 -
2023-09-19 23:18:35,488 INFO: start executing c or cpp code
2023-09-19 23:18:35,488 DEBUG: Code file created at builds/ruby/code.ruby
2023-09-19 23:18:35,631 INFO: Code executed, stdout: , stderr: builds/ruby/code.ruby:1:in `<main>': undefined method `pust' for main:Object (NoMethodError)

pust 'hello, world!'
^^^^
Did you mean?  puts
2023-09-19 23:18:35,631 INFO: 127.0.0.1 - - [19/Sep/2023 23:18:35] "POST /runcode HTTP/1.1" 200 -
2023-09-19 23:18:39,677 INFO: start executing c or cpp code
2023-09-19 23:18:39,677 DEBUG: Code file created at builds/ruby/code.ruby
2023-09-19 23:18:39,814 INFO: Code executed, stdout: hello, world!, stderr: None
2023-09-19 23:18:39,815 INFO: 127.0.0.1 - - [19/Sep/2023 23:18:39] "POST /runcode HTTP/1.1" 200 -
2023-09-20 13:21:35,973 DEBUG: Code execution started
2023-09-20 13:21:35,979 INFO: [31m[1mWARNING: This is a development server. Do not use it in a production deployment. Use a production WSGI server instead.[0m
 * Running on http://127.0.0.1:5000
2023-09-20 13:21:35,979 INFO: [33mPress CTRL+C to quit[0m
2023-09-20 13:21:47,722 INFO: 127.0.0.1 - - [20/Sep/2023 13:21:47] "GET / HTTP/1.1" 200 -
2023-09-20 13:21:47,830 INFO: 127.0.0.1 - - [20/Sep/2023 13:21:47] "GET /static/js/script.js?v=2 HTTP/1.1" 200 -
2023-09-20 13:21:47,831 INFO: 127.0.0.1 - - [20/Sep/2023 13:21:47] "GET /static/css/style.css?v=2 HTTP/1.1" 200 -
2023-09-20 13:21:48,631 INFO: 127.0.0.1 - - [20/Sep/2023 13:21:48] "[33mGET /favicon.ico HTTP/1.1[0m" 404 -
2023-09-20 13:21:59,138 INFO: start executing python code
2023-09-20 13:21:59,138 DEBUG: Python code executed, output: 23
2023-09-20 13:21:59,138 INFO: 127.0.0.1 - - [20/Sep/2023 13:21:59] "POST /runcode HTTP/1.1" 200 -
2023-09-20 13:22:00,599 INFO: start executing python code
2023-09-20 13:22:00,599 DEBUG: Python code executed, output: 23
2023-09-20 13:22:00,599 INFO: 127.0.0.1 - - [20/Sep/2023 13:22:00] "POST /runcode HTTP/1.1" 200 -
2023-09-20 13:22:07,104 INFO: start executing python code
2023-09-20 13:22:07,104 DEBUG: Python code executed, output: 233
2023-09-20 13:22:07,105 INFO: 127.0.0.1 - - [20/Sep/2023 13:22:07] "POST /runcode HTTP/1.1" 200 -
2023-09-20 13:22:16,477 INFO: start executing python code
2023-09-20 13:22:16,477 DEBUG: Python code executed, output: 23
2023-09-20 13:22:16,477 INFO: 127.0.0.1 - - [20/Sep/2023 13:22:16] "POST /runcode HTTP/1.1" 200 -
2023-09-20 13:22:28,175 DEBUG: Code execution started
2023-09-20 13:22:28,183 INFO: [31m[1mWARNING: This is a development server. Do not use it in a production deployment. Use a production WSGI server instead.[0m
 * Running on http://127.0.0.1:5000
2023-09-20 13:22:28,183 INFO: [33mPress CTRL+C to quit[0m
2023-09-20 13:22:31,218 INFO: 127.0.0.1 - - [20/Sep/2023 13:22:31] "GET / HTTP/1.1" 200 -
2023-09-20 13:22:31,275 INFO: 127.0.0.1 - - [20/Sep/2023 13:22:31] "[36mGET /static/js/script.js?v=2 HTTP/1.1[0m" 304 -
2023-09-20 13:22:31,275 INFO: 127.0.0.1 - - [20/Sep/2023 13:22:31] "[36mGET /static/css/style.css?v=2 HTTP/1.1[0m" 304 -
2023-09-20 13:22:56,096 INFO: start executing python code
2023-09-20 13:22:56,096 DEBUG: Python code executed, output: {'Hello': 'world!'}
2023-09-20 13:22:56,097 INFO: 127.0.0.1 - - [20/Sep/2023 13:22:56] "POST /runcode HTTP/1.1" 200 -
2023-09-20 13:23:10,002 INFO: start executing python code
2023-09-20 13:23:10,003 INFO: 127.0.0.1 - - [20/Sep/2023 13:23:10] "POST /runcode HTTP/1.1" 200 -
2023-09-20 13:23:16,009 INFO: start executing python code
2023-09-20 13:23:16,009 INFO: 127.0.0.1 - - [20/Sep/2023 13:23:16] "POST /runcode HTTP/1.1" 200 -
2023-09-20 13:23:36,754 INFO: start executing python code
2023-09-20 13:23:36,755 INFO: 127.0.0.1 - - [20/Sep/2023 13:23:36] "POST /runcode HTTP/1.1" 200 -
2023-09-20 13:23:53,253 INFO: start executing python code
2023-09-20 13:23:53,253 INFO: 127.0.0.1 - - [20/Sep/2023 13:23:53] "POST /runcode HTTP/1.1" 200 -
2023-09-20 13:24:00,968 INFO: start executing python code
2023-09-20 13:24:00,969 INFO: 127.0.0.1 - - [20/Sep/2023 13:24:00] "POST /runcode HTTP/1.1" 200 -
2023-09-20 13:24:14,820 INFO: start executing python code
2023-09-20 13:24:14,821 INFO: 127.0.0.1 - - [20/Sep/2023 13:24:14] "POST /runcode HTTP/1.1" 200 -
2023-09-20 13:24:43,888 INFO: start executing python code
2023-09-20 13:24:43,889 DEBUG: Python code executed, output: {'Hello': 'world!', 'object': {'num': 23}}
2023-09-20 13:24:43,889 INFO: 127.0.0.1 - - [20/Sep/2023 13:24:43] "POST /runcode HTTP/1.1" 200 -
2023-09-20 13:24:53,989 INFO: start executing python code
2023-09-20 13:24:53,990 DEBUG: Python code executed, output: {'Hello': 'world!', 'object': {'num': 23}}
2023-09-20 13:24:53,990 INFO: 127.0.0.1 - - [20/Sep/2023 13:24:53] "POST /runcode HTTP/1.1" 200 -
2023-09-20 13:25:08,295 INFO: 127.0.0.1 - - [20/Sep/2023 13:25:08] "[36mGET /static/css/style.css?v=2 HTTP/1.1[0m" 304 -
2023-09-20 13:25:26,504 INFO: 127.0.0.1 - - [20/Sep/2023 13:25:26] "GET / HTTP/1.1" 200 -
2023-09-20 13:25:26,519 INFO: 127.0.0.1 - - [20/Sep/2023 13:25:26] "[36mGET /static/css/style.css?v=2 HTTP/1.1[0m" 304 -
2023-09-20 13:25:26,519 INFO: 127.0.0.1 - - [20/Sep/2023 13:25:26] "GET /static/js/script.js?v=2 HTTP/1.1" 200 -
2023-09-20 13:25:37,089 INFO: start executing python code
2023-09-20 13:25:37,090 INFO: 127.0.0.1 - - [20/Sep/2023 13:25:37] "POST /runcode HTTP/1.1" 200 -
2023-09-20 13:37:18,073 INFO: 127.0.0.1 - - [20/Sep/2023 13:37:18] "GET / HTTP/1.1" 200 -
2023-09-20 13:37:18,096 INFO: 127.0.0.1 - - [20/Sep/2023 13:37:18] "GET /static/css/style.css?v=2 HTTP/1.1" 200 -
2023-09-20 13:37:18,102 INFO: 127.0.0.1 - - [20/Sep/2023 13:37:18] "[36mGET /static/js/script.js?v=2 HTTP/1.1[0m" 304 -
2023-09-20 13:38:59,716 INFO: 127.0.0.1 - - [20/Sep/2023 13:38:59] "GET / HTTP/1.1" 200 -
2023-09-20 13:38:59,737 INFO: 127.0.0.1 - - [20/Sep/2023 13:38:59] "GET /static/css/style.css?v=2 HTTP/1.1" 200 -
2023-09-20 13:38:59,738 INFO: 127.0.0.1 - - [20/Sep/2023 13:38:59] "[36mGET /static/js/script.js?v=2 HTTP/1.1[0m" 304 -
2023-09-20 13:41:02,010 INFO: 127.0.0.1 - - [20/Sep/2023 13:41:02] "GET / HTTP/1.1" 200 -
2023-09-20 13:41:02,031 INFO: 127.0.0.1 - - [20/Sep/2023 13:41:02] "GET /static/css/style.css?v=2 HTTP/1.1" 200 -
2023-09-20 13:41:02,031 INFO: 127.0.0.1 - - [20/Sep/2023 13:41:02] "[36mGET /static/js/script.js?v=2 HTTP/1.1[0m" 304 -
2023-09-20 13:41:33,149 INFO: 127.0.0.1 - - [20/Sep/2023 13:41:33] "GET / HTTP/1.1" 200 -
2023-09-20 13:41:33,172 INFO: 127.0.0.1 - - [20/Sep/2023 13:41:33] "GET /static/css/style.css?v=2 HTTP/1.1" 200 -
2023-09-20 13:41:33,172 INFO: 127.0.0.1 - - [20/Sep/2023 13:41:33] "[36mGET /static/js/script.js?v=2 HTTP/1.1[0m" 304 -
2023-09-20 13:42:59,411 DEBUG: Code execution started
2023-09-20 13:42:59,418 INFO: [31m[1mWARNING: This is a development server. Do not use it in a production deployment. Use a production WSGI server instead.[0m
 * Running on http://127.0.0.1:5000
2023-09-20 13:42:59,418 INFO: [33mPress CTRL+C to quit[0m
2023-09-20 13:43:01,324 INFO: 127.0.0.1 - - [20/Sep/2023 13:43:01] "GET / HTTP/1.1" 200 -
2023-09-20 13:43:01,386 INFO: 127.0.0.1 - - [20/Sep/2023 13:43:01] "[36mGET /static/css/style.css?v=2 HTTP/1.1[0m" 304 -
2023-09-20 13:43:01,386 INFO: 127.0.0.1 - - [20/Sep/2023 13:43:01] "[36mGET /static/js/script.js?v=2 HTTP/1.1[0m" 304 -
2023-09-20 13:43:53,673 INFO: 127.0.0.1 - - [20/Sep/2023 13:43:53] "GET / HTTP/1.1" 200 -
2023-09-20 13:43:53,692 INFO: 127.0.0.1 - - [20/Sep/2023 13:43:53] "GET /static/css/style.css?v=2 HTTP/1.1" 200 -
2023-09-20 13:43:53,693 INFO: 127.0.0.1 - - [20/Sep/2023 13:43:53] "[36mGET /static/js/script.js?v=2 HTTP/1.1[0m" 304 -
2023-09-20 13:44:19,185 INFO: 127.0.0.1 - - [20/Sep/2023 13:44:19] "GET / HTTP/1.1" 200 -
2023-09-20 13:44:19,203 INFO: 127.0.0.1 - - [20/Sep/2023 13:44:19] "GET /static/css/style.css?v=2 HTTP/1.1" 200 -
2023-09-20 13:44:19,203 INFO: 127.0.0.1 - - [20/Sep/2023 13:44:19] "[36mGET /static/js/script.js?v=2 HTTP/1.1[0m" 304 -
2023-09-20 13:52:29,669 INFO: 127.0.0.1 - - [20/Sep/2023 13:52:29] "GET / HTTP/1.1" 200 -
2023-09-20 13:52:29,691 INFO: 127.0.0.1 - - [20/Sep/2023 13:52:29] "GET /static/css/style.css?v=2 HTTP/1.1" 200 -
2023-09-20 13:52:29,692 INFO: 127.0.0.1 - - [20/Sep/2023 13:52:29] "GET /static/js/script.js?v=2 HTTP/1.1" 200 -
2023-09-20 13:53:12,985 INFO: 127.0.0.1 - - [20/Sep/2023 13:53:12] "GET / HTTP/1.1" 200 -
2023-09-20 13:53:13,006 INFO: 127.0.0.1 - - [20/Sep/2023 13:53:13] "[36mGET /static/css/style.css?v=2 HTTP/1.1[0m" 304 -
2023-09-20 13:53:13,006 INFO: 127.0.0.1 - - [20/Sep/2023 13:53:13] "GET /static/js/script.js?v=2 HTTP/1.1" 200 -
2023-09-20 13:58:50,228 INFO: 127.0.0.1 - - [20/Sep/2023 13:58:50] "GET / HTTP/1.1" 200 -
2023-09-20 13:58:50,249 INFO: 127.0.0.1 - - [20/Sep/2023 13:58:50] "GET /static/css/style.css?v=2 HTTP/1.1" 200 -
2023-09-20 13:58:50,250 INFO: 127.0.0.1 - - [20/Sep/2023 13:58:50] "GET /static/js/script.js?v=2 HTTP/1.1" 200 -
2023-09-20 13:58:56,705 INFO: 127.0.0.1 - - [20/Sep/2023 13:58:56] "GET / HTTP/1.1" 200 -
2023-09-20 13:58:56,728 INFO: 127.0.0.1 - - [20/Sep/2023 13:58:56] "[36mGET /static/css/style.css?v=2 HTTP/1.1[0m" 304 -
2023-09-20 13:58:56,729 INFO: 127.0.0.1 - - [20/Sep/2023 13:58:56] "[36mGET /static/js/script.js?v=2 HTTP/1.1[0m" 304 -
2023-09-20 13:58:57,939 INFO: 127.0.0.1 - - [20/Sep/2023 13:58:57] "GET / HTTP/1.1" 200 -
2023-09-20 13:58:57,955 INFO: 127.0.0.1 - - [20/Sep/2023 13:58:57] "[36mGET /static/css/style.css?v=2 HTTP/1.1[0m" 304 -
2023-09-20 13:58:57,957 INFO: 127.0.0.1 - - [20/Sep/2023 13:58:57] "[36mGET /static/js/script.js?v=2 HTTP/1.1[0m" 304 -
2023-09-20 13:59:21,555 INFO: 127.0.0.1 - - [20/Sep/2023 13:59:21] "GET / HTTP/1.1" 200 -
2023-09-20 13:59:21,570 INFO: 127.0.0.1 - - [20/Sep/2023 13:59:21] "[36mGET /static/css/style.css?v=2 HTTP/1.1[0m" 304 -
2023-09-20 13:59:21,571 INFO: 127.0.0.1 - - [20/Sep/2023 13:59:21] "GET /static/js/script.js?v=2 HTTP/1.1" 200 -
2023-09-20 13:59:23,128 INFO: 127.0.0.1 - - [20/Sep/2023 13:59:23] "GET / HTTP/1.1" 200 -
2023-09-20 13:59:23,144 INFO: 127.0.0.1 - - [20/Sep/2023 13:59:23] "[36mGET /static/css/style.css?v=2 HTTP/1.1[0m" 304 -
2023-09-20 13:59:23,145 INFO: 127.0.0.1 - - [20/Sep/2023 13:59:23] "[36mGET /static/js/script.js?v=2 HTTP/1.1[0m" 304 -
2023-09-20 13:59:23,859 INFO: 127.0.0.1 - - [20/Sep/2023 13:59:23] "GET / HTTP/1.1" 200 -
2023-09-20 13:59:23,876 INFO: 127.0.0.1 - - [20/Sep/2023 13:59:23] "[36mGET /static/css/style.css?v=2 HTTP/1.1[0m" 304 -
2023-09-20 13:59:23,876 INFO: 127.0.0.1 - - [20/Sep/2023 13:59:23] "[36mGET /static/js/script.js?v=2 HTTP/1.1[0m" 304 -
2023-09-20 14:00:14,664 INFO: 127.0.0.1 - - [20/Sep/2023 14:00:14] "GET / HTTP/1.1" 200 -
2023-09-20 14:00:14,680 INFO: 127.0.0.1 - - [20/Sep/2023 14:00:14] "[36mGET /static/css/style.css?v=2 HTTP/1.1[0m" 304 -
2023-09-20 14:00:14,682 INFO: 127.0.0.1 - - [20/Sep/2023 14:00:14] "GET /static/js/script.js?v=2 HTTP/1.1" 200 -
2023-09-20 14:03:15,109 INFO: 127.0.0.1 - - [20/Sep/2023 14:03:15] "GET / HTTP/1.1" 200 -
2023-09-20 14:03:15,129 INFO: 127.0.0.1 - - [20/Sep/2023 14:03:15] "[36mGET /static/css/style.css?v=2 HTTP/1.1[0m" 304 -
2023-09-20 14:03:15,130 INFO: 127.0.0.1 - - [20/Sep/2023 14:03:15] "GET /static/js/script.js?v=2 HTTP/1.1" 200 -
2023-09-20 14:03:32,541 INFO: 127.0.0.1 - - [20/Sep/2023 14:03:32] "GET / HTTP/1.1" 200 -
2023-09-20 14:03:32,557 INFO: 127.0.0.1 - - [20/Sep/2023 14:03:32] "[36mGET /static/css/style.css?v=2 HTTP/1.1[0m" 304 -
2023-09-20 14:03:32,557 INFO: 127.0.0.1 - - [20/Sep/2023 14:03:32] "GET /static/js/script.js?v=2 HTTP/1.1" 200 -
2023-09-20 14:04:03,162 INFO: 127.0.0.1 - - [20/Sep/2023 14:04:03] "GET / HTTP/1.1" 200 -
2023-09-20 14:04:03,178 INFO: 127.0.0.1 - - [20/Sep/2023 14:04:03] "[36mGET /static/css/style.css?v=2 HTTP/1.1[0m" 304 -
2023-09-20 14:04:03,179 INFO: 127.0.0.1 - - [20/Sep/2023 14:04:03] "GET /static/js/script.js?v=2 HTTP/1.1" 200 -
2023-09-20 14:04:07,866 DEBUG: Code execution started
2023-09-20 14:04:07,872 INFO: [31m[1mWARNING: This is a development server. Do not use it in a production deployment. Use a production WSGI server instead.[0m
 * Running on http://127.0.0.1:5000
2023-09-20 14:04:07,872 INFO: [33mPress CTRL+C to quit[0m
2023-09-20 14:04:27,892 INFO: 127.0.0.1 - - [20/Sep/2023 14:04:27] "GET / HTTP/1.1" 200 -
2023-09-20 14:04:27,951 INFO: 127.0.0.1 - - [20/Sep/2023 14:04:27] "[36mGET /static/css/style.css?v=2 HTTP/1.1[0m" 304 -
2023-09-20 14:04:27,951 INFO: 127.0.0.1 - - [20/Sep/2023 14:04:27] "[36mGET /static/js/script.js?v=2 HTTP/1.1[0m" 304 -
2023-09-20 14:05:28,418 INFO: 127.0.0.1 - - [20/Sep/2023 14:05:28] "GET / HTTP/1.1" 200 -
2023-09-20 14:05:28,434 INFO: 127.0.0.1 - - [20/Sep/2023 14:05:28] "[36mGET /static/css/style.css?v=2 HTTP/1.1[0m" 304 -
2023-09-20 14:05:28,437 INFO: 127.0.0.1 - - [20/Sep/2023 14:05:28] "[36mGET /static/js/script.js?v=2 HTTP/1.1[0m" 304 -
2023-09-20 14:06:28,353 INFO: 127.0.0.1 - - [20/Sep/2023 14:06:28] "GET / HTTP/1.1" 200 -
2023-09-20 14:06:28,374 INFO: 127.0.0.1 - - [20/Sep/2023 14:06:28] "GET /static/css/style.css?v=2 HTTP/1.1" 200 -
2023-09-20 14:06:28,374 INFO: 127.0.0.1 - - [20/Sep/2023 14:06:28] "[36mGET /static/js/script.js?v=2 HTTP/1.1[0m" 304 -
2023-09-20 14:07:07,443 INFO: 127.0.0.1 - - [20/Sep/2023 14:07:07] "GET / HTTP/1.1" 200 -
2023-09-20 14:07:07,457 INFO: 127.0.0.1 - - [20/Sep/2023 14:07:07] "GET /static/css/style.css?v=2 HTTP/1.1" 200 -
2023-09-20 14:07:07,458 INFO: 127.0.0.1 - - [20/Sep/2023 14:07:07] "[36mGET /static/js/script.js?v=2 HTTP/1.1[0m" 304 -
2023-09-20 14:07:22,868 INFO: 127.0.0.1 - - [20/Sep/2023 14:07:22] "GET / HTTP/1.1" 200 -
2023-09-20 14:07:22,887 INFO: 127.0.0.1 - - [20/Sep/2023 14:07:22] "GET /static/css/style.css?v=2 HTTP/1.1" 200 -
2023-09-20 14:07:22,888 INFO: 127.0.0.1 - - [20/Sep/2023 14:07:22] "[36mGET /static/js/script.js?v=2 HTTP/1.1[0m" 304 -
2023-09-20 14:07:26,916 INFO: 127.0.0.1 - - [20/Sep/2023 14:07:26] "[36mGET /static/css/style.css?v=2 HTTP/1.1[0m" 304 -
2023-09-20 14:09:57,429 DEBUG: Code execution started
2023-09-20 14:09:57,436 INFO: [31m[1mWARNING: This is a development server. Do not use it in a production deployment. Use a production WSGI server instead.[0m
 * Running on http://127.0.0.1:5000
2023-09-20 14:09:57,436 INFO: [33mPress CTRL+C to quit[0m
2023-09-20 14:10:22,968 INFO: 127.0.0.1 - - [20/Sep/2023 14:10:22] "GET / HTTP/1.1" 200 -
2023-09-20 14:10:23,034 INFO: 127.0.0.1 - - [20/Sep/2023 14:10:23] "GET /static/css/style.css?v=2 HTTP/1.1" 200 -
2023-09-20 14:10:23,036 INFO: 127.0.0.1 - - [20/Sep/2023 14:10:23] "GET /static/js/script.js?v=2 HTTP/1.1" 200 -
2023-09-20 14:11:00,821 INFO: 127.0.0.1 - - [20/Sep/2023 14:11:00] "GET / HTTP/1.1" 200 -
2023-09-20 14:11:00,842 INFO: 127.0.0.1 - - [20/Sep/2023 14:11:00] "GET /static/css/style.css?v=2 HTTP/1.1" 200 -
2023-09-20 14:11:00,843 INFO: 127.0.0.1 - - [20/Sep/2023 14:11:00] "GET /static/js/script.js?v=2 HTTP/1.1" 200 -
2023-09-20 14:11:02,628 INFO: 127.0.0.1 - - [20/Sep/2023 14:11:02] "GET / HTTP/1.1" 200 -
2023-09-20 14:11:02,644 INFO: 127.0.0.1 - - [20/Sep/2023 14:11:02] "[36mGET /static/css/style.css?v=2 HTTP/1.1[0m" 304 -
2023-09-20 14:11:02,646 INFO: 127.0.0.1 - - [20/Sep/2023 14:11:02] "[36mGET /static/js/script.js?v=2 HTTP/1.1[0m" 304 -
2023-09-20 14:11:06,830 INFO: 127.0.0.1 - - [20/Sep/2023 14:11:06] "[36mGET /static/css/style.css?v=2 HTTP/1.1[0m" 304 -
2023-09-20 14:11:11,714 DEBUG: Code execution started
2023-09-20 14:11:11,720 INFO: [31m[1mWARNING: This is a development server. Do not use it in a production deployment. Use a production WSGI server instead.[0m
 * Running on http://127.0.0.1:5000
2023-09-20 14:11:11,720 INFO: [33mPress CTRL+C to quit[0m
2023-09-20 14:14:18,513 DEBUG: Code execution started
2023-09-20 14:14:18,519 INFO: [31m[1mWARNING: This is a development server. Do not use it in a production deployment. Use a production WSGI server instead.[0m
 * Running on http://127.0.0.1:5000
2023-09-20 14:14:18,519 INFO: [33mPress CTRL+C to quit[0m
2023-09-20 14:14:57,627 INFO: 127.0.0.1 - - [20/Sep/2023 14:14:57] "GET / HTTP/1.1" 200 -
2023-09-20 14:14:57,687 INFO: 127.0.0.1 - - [20/Sep/2023 14:14:57] "GET /static/js/script.js?v=2 HTTP/1.1" 200 -
2023-09-20 14:14:57,688 INFO: 127.0.0.1 - - [20/Sep/2023 14:14:57] "[36mGET /static/css/style.css?v=2 HTTP/1.1[0m" 304 -
2023-09-20 14:15:55,492 INFO: 127.0.0.1 - - [20/Sep/2023 14:15:55] "GET / HTTP/1.1" 200 -
2023-09-20 14:15:55,514 INFO: 127.0.0.1 - - [20/Sep/2023 14:15:55] "[36mGET /static/css/style.css?v=2 HTTP/1.1[0m" 304 -
2023-09-20 14:15:55,515 INFO: 127.0.0.1 - - [20/Sep/2023 14:15:55] "[36mGET /static/js/script.js?v=2 HTTP/1.1[0m" 304 -
2023-09-20 14:21:20,449 INFO: 127.0.0.1 - - [20/Sep/2023 14:21:20] "GET / HTTP/1.1" 200 -
2023-09-20 14:21:20,464 INFO: 127.0.0.1 - - [20/Sep/2023 14:21:20] "[36mGET /static/css/style.css?v=2 HTTP/1.1[0m" 304 -
2023-09-20 14:21:20,465 INFO: 127.0.0.1 - - [20/Sep/2023 14:21:20] "[36mGET /static/js/script.js?v=2 HTTP/1.1[0m" 304 -
2023-09-20 14:21:30,532 DEBUG: Code execution started
2023-09-20 14:21:30,541 INFO: [31m[1mWARNING: This is a development server. Do not use it in a production deployment. Use a production WSGI server instead.[0m
 * Running on http://127.0.0.1:5000
2023-09-20 14:21:30,541 INFO: [33mPress CTRL+C to quit[0m
2023-09-20 14:21:54,473 INFO: 127.0.0.1 - - [20/Sep/2023 14:21:54] "GET / HTTP/1.1" 200 -
2023-09-20 14:21:54,538 INFO: 127.0.0.1 - - [20/Sep/2023 14:21:54] "[36mGET /static/css/style.css?v=2 HTTP/1.1[0m" 304 -
2023-09-20 14:21:54,539 INFO: 127.0.0.1 - - [20/Sep/2023 14:21:54] "[36mGET /static/js/script.js?v=2 HTTP/1.1[0m" 304 -
2023-09-20 14:36:32,417 INFO: 127.0.0.1 - - [20/Sep/2023 14:36:32] "GET / HTTP/1.1" 200 -
2023-09-20 14:36:32,429 INFO: 127.0.0.1 - - [20/Sep/2023 14:36:32] "[36mGET /static/css/style.css?v=2 HTTP/1.1[0m" 304 -
2023-09-20 14:36:32,430 INFO: 127.0.0.1 - - [20/Sep/2023 14:36:32] "GET /static/js/script.js?v=2 HTTP/1.1" 200 -
2023-09-20 14:37:40,921 INFO: 127.0.0.1 - - [20/Sep/2023 14:37:40] "GET / HTTP/1.1" 200 -
2023-09-20 14:37:40,938 INFO: 127.0.0.1 - - [20/Sep/2023 14:37:40] "[36mGET /static/css/style.css?v=2 HTTP/1.1[0m" 304 -
2023-09-20 14:37:40,938 INFO: 127.0.0.1 - - [20/Sep/2023 14:37:40] "GET /static/js/script.js?v=2 HTTP/1.1" 200 -
2023-09-20 14:37:44,684 INFO: 127.0.0.1 - - [20/Sep/2023 14:37:44] "[36mGET /static/css/style.css?v=2 HTTP/1.1[0m" 304 -
2023-09-20 14:39:09,338 INFO: 127.0.0.1 - - [20/Sep/2023 14:39:09] "GET / HTTP/1.1" 200 -
2023-09-20 14:39:09,356 INFO: 127.0.0.1 - - [20/Sep/2023 14:39:09] "[36mGET /static/css/style.css?v=2 HTTP/1.1[0m" 304 -
2023-09-20 14:39:09,357 INFO: 127.0.0.1 - - [20/Sep/2023 14:39:09] "GET /static/js/script.js?v=2 HTTP/1.1" 200 -
2023-09-20 14:39:58,429 INFO: 127.0.0.1 - - [20/Sep/2023 14:39:58] "GET / HTTP/1.1" 200 -
2023-09-20 14:39:58,447 INFO: 127.0.0.1 - - [20/Sep/2023 14:39:58] "[36mGET /static/css/style.css?v=2 HTTP/1.1[0m" 304 -
2023-09-20 14:39:58,448 INFO: 127.0.0.1 - - [20/Sep/2023 14:39:58] "GET /static/js/script.js?v=2 HTTP/1.1" 200 -
2023-09-20 14:40:57,447 INFO: 127.0.0.1 - - [20/Sep/2023 14:40:57] "GET / HTTP/1.1" 200 -
2023-09-20 14:40:57,463 INFO: 127.0.0.1 - - [20/Sep/2023 14:40:57] "GET /static/css/style.css?v=2 HTTP/1.1" 200 -
2023-09-20 14:40:57,464 INFO: 127.0.0.1 - - [20/Sep/2023 14:40:57] "[36mGET /static/js/script.js?v=2 HTTP/1.1[0m" 304 -
2023-09-20 14:41:26,605 INFO: 127.0.0.1 - - [20/Sep/2023 14:41:26] "GET / HTTP/1.1" 200 -
2023-09-20 14:41:26,623 INFO: 127.0.0.1 - - [20/Sep/2023 14:41:26] "GET /static/css/style.css?v=2 HTTP/1.1" 200 -
2023-09-20 14:41:26,624 INFO: 127.0.0.1 - - [20/Sep/2023 14:41:26] "[36mGET /static/js/script.js?v=2 HTTP/1.1[0m" 304 -
2023-09-20 14:41:41,923 INFO: 127.0.0.1 - - [20/Sep/2023 14:41:41] "GET / HTTP/1.1" 200 -
2023-09-20 14:41:41,939 INFO: 127.0.0.1 - - [20/Sep/2023 14:41:41] "[36mGET /static/css/style.css?v=2 HTTP/1.1[0m" 304 -
2023-09-20 14:41:41,939 INFO: 127.0.0.1 - - [20/Sep/2023 14:41:41] "GET /static/js/script.js?v=2 HTTP/1.1" 200 -
2023-09-20 14:44:01,638 INFO: 127.0.0.1 - - [20/Sep/2023 14:44:01] "GET / HTTP/1.1" 200 -
2023-09-20 14:44:01,653 INFO: 127.0.0.1 - - [20/Sep/2023 14:44:01] "GET /static/css/style.css?v=2 HTTP/1.1" 200 -
2023-09-20 14:44:01,655 INFO: 127.0.0.1 - - [20/Sep/2023 14:44:01] "[36mGET /static/js/script.js?v=2 HTTP/1.1[0m" 304 -
2023-09-20 14:44:16,899 DEBUG: Code execution started
2023-09-20 14:44:16,905 INFO: [31m[1mWARNING: This is a development server. Do not use it in a production deployment. Use a production WSGI server instead.[0m
 * Running on http://127.0.0.1:5000
2023-09-20 14:44:16,905 INFO: [33mPress CTRL+C to quit[0m
2023-09-20 14:44:19,387 INFO: 127.0.0.1 - - [20/Sep/2023 14:44:19] "GET / HTTP/1.1" 200 -
2023-09-20 14:44:19,451 INFO: 127.0.0.1 - - [20/Sep/2023 14:44:19] "[36mGET /static/css/style.css?v=2 HTTP/1.1[0m" 304 -
2023-09-20 14:44:19,453 INFO: 127.0.0.1 - - [20/Sep/2023 14:44:19] "[36mGET /static/js/script.js?v=2 HTTP/1.1[0m" 304 -
2023-09-20 14:44:40,718 DEBUG: Code execution started
2023-09-20 14:44:40,724 INFO: [31m[1mWARNING: This is a development server. Do not use it in a production deployment. Use a production WSGI server instead.[0m
 * Running on http://127.0.0.1:5000
2023-09-20 14:44:40,724 INFO: [33mPress CTRL+C to quit[0m
2023-09-20 14:44:43,436 INFO: 127.0.0.1 - - [20/Sep/2023 14:44:43] "GET / HTTP/1.1" 200 -
2023-09-20 14:44:43,496 INFO: 127.0.0.1 - - [20/Sep/2023 14:44:43] "[36mGET /static/css/style.css?v=2 HTTP/1.1[0m" 304 -
2023-09-20 14:44:43,498 INFO: 127.0.0.1 - - [20/Sep/2023 14:44:43] "[36mGET /static/js/script.js?v=2 HTTP/1.1[0m" 304 -
2023-09-20 14:45:16,501 DEBUG: Code execution started
2023-09-20 14:45:16,508 INFO: [31m[1mWARNING: This is a development server. Do not use it in a production deployment. Use a production WSGI server instead.[0m
 * Running on http://127.0.0.1:5000
2023-09-20 14:45:16,508 INFO: [33mPress CTRL+C to quit[0m
2023-09-20 14:45:19,025 INFO: 127.0.0.1 - - [20/Sep/2023 14:45:19] "GET / HTTP/1.1" 200 -
2023-09-20 14:45:19,084 INFO: 127.0.0.1 - - [20/Sep/2023 14:45:19] "[36mGET /static/css/style.css?v=2 HTTP/1.1[0m" 304 -
2023-09-20 14:45:19,085 INFO: 127.0.0.1 - - [20/Sep/2023 14:45:19] "[36mGET /static/js/script.js?v=2 HTTP/1.1[0m" 304 -
2023-09-20 14:45:41,477 INFO: 127.0.0.1 - - [20/Sep/2023 14:45:41] "GET / HTTP/1.1" 200 -
2023-09-20 14:45:41,493 INFO: 127.0.0.1 - - [20/Sep/2023 14:45:41] "[36mGET /static/css/style.css?v=2 HTTP/1.1[0m" 304 -
2023-09-20 14:45:41,493 INFO: 127.0.0.1 - - [20/Sep/2023 14:45:41] "[36mGET /static/js/script.js?v=2 HTTP/1.1[0m" 304 -
2023-09-20 14:45:49,430 INFO: start executing python code
2023-09-20 14:45:49,430 DEBUG: Python code executed, output: 
2023-09-20 14:45:49,430 INFO: 127.0.0.1 - - [20/Sep/2023 14:45:49] "POST /runcode HTTP/1.1" 200 -
2023-09-20 14:46:19,389 INFO: 127.0.0.1 - - [20/Sep/2023 14:46:19] "GET / HTTP/1.1" 200 -
2023-09-20 14:46:19,411 INFO: 127.0.0.1 - - [20/Sep/2023 14:46:19] "[36mGET /static/css/style.css?v=2 HTTP/1.1[0m" 304 -
2023-09-20 14:46:19,414 INFO: 127.0.0.1 - - [20/Sep/2023 14:46:19] "[36mGET /static/js/script.js?v=2 HTTP/1.1[0m" 304 -
2023-09-20 14:46:23,809 DEBUG: Code execution started
2023-09-20 14:46:23,816 INFO: [31m[1mWARNING: This is a development server. Do not use it in a production deployment. Use a production WSGI server instead.[0m
 * Running on http://127.0.0.1:5000
2023-09-20 14:46:23,816 INFO: [33mPress CTRL+C to quit[0m
2023-09-20 14:46:25,347 INFO: 127.0.0.1 - - [20/Sep/2023 14:46:25] "GET / HTTP/1.1" 200 -
2023-09-20 14:46:25,404 INFO: 127.0.0.1 - - [20/Sep/2023 14:46:25] "[36mGET /static/js/script.js?v=2 HTTP/1.1[0m" 304 -
2023-09-20 14:46:25,404 INFO: 127.0.0.1 - - [20/Sep/2023 14:46:25] "[36mGET /static/css/style.css?v=2 HTTP/1.1[0m" 304 -
2023-09-20 14:47:40,216 INFO: 127.0.0.1 - - [20/Sep/2023 14:47:40] "GET / HTTP/1.1" 200 -
2023-09-20 14:47:40,233 INFO: 127.0.0.1 - - [20/Sep/2023 14:47:40] "GET /static/css/style.css?v=2 HTTP/1.1" 200 -
2023-09-20 14:47:40,234 INFO: 127.0.0.1 - - [20/Sep/2023 14:47:40] "[36mGET /static/js/script.js?v=2 HTTP/1.1[0m" 304 -
2023-09-20 14:48:15,808 INFO: 127.0.0.1 - - [20/Sep/2023 14:48:15] "GET / HTTP/1.1" 200 -
2023-09-20 14:48:15,830 INFO: 127.0.0.1 - - [20/Sep/2023 14:48:15] "GET /static/css/style.css?v=2 HTTP/1.1" 200 -
2023-09-20 14:48:15,831 INFO: 127.0.0.1 - - [20/Sep/2023 14:48:15] "[36mGET /static/js/script.js?v=2 HTTP/1.1[0m" 304 -
2023-09-20 14:49:27,499 INFO: 127.0.0.1 - - [20/Sep/2023 14:49:27] "GET / HTTP/1.1" 200 -
2023-09-20 14:49:27,517 INFO: 127.0.0.1 - - [20/Sep/2023 14:49:27] "GET /static/css/style.css?v=2 HTTP/1.1" 200 -
2023-09-20 14:49:27,518 INFO: 127.0.0.1 - - [20/Sep/2023 14:49:27] "[36mGET /static/js/script.js?v=2 HTTP/1.1[0m" 304 -
2023-09-20 14:50:10,919 INFO: 127.0.0.1 - - [20/Sep/2023 14:50:10] "GET / HTTP/1.1" 200 -
2023-09-20 14:50:10,942 INFO: 127.0.0.1 - - [20/Sep/2023 14:50:10] "GET /static/css/style.css?v=2 HTTP/1.1" 200 -
2023-09-20 14:50:10,943 INFO: 127.0.0.1 - - [20/Sep/2023 14:50:10] "[36mGET /static/js/script.js?v=2 HTTP/1.1[0m" 304 -
2023-09-20 14:50:32,939 INFO: 127.0.0.1 - - [20/Sep/2023 14:50:32] "GET / HTTP/1.1" 200 -
2023-09-20 14:50:32,955 INFO: 127.0.0.1 - - [20/Sep/2023 14:50:32] "GET /static/css/style.css?v=2 HTTP/1.1" 200 -
2023-09-20 14:50:32,956 INFO: 127.0.0.1 - - [20/Sep/2023 14:50:32] "[36mGET /static/js/script.js?v=2 HTTP/1.1[0m" 304 -
2023-09-20 14:51:23,925 INFO: 127.0.0.1 - - [20/Sep/2023 14:51:23] "GET / HTTP/1.1" 200 -
2023-09-20 14:51:23,944 INFO: 127.0.0.1 - - [20/Sep/2023 14:51:23] "GET /static/css/style.css?v=2 HTTP/1.1" 200 -
2023-09-20 14:51:23,945 INFO: 127.0.0.1 - - [20/Sep/2023 14:51:23] "[36mGET /static/js/script.js?v=2 HTTP/1.1[0m" 304 -
2023-09-20 14:53:31,309 INFO: 127.0.0.1 - - [20/Sep/2023 14:53:31] "GET / HTTP/1.1" 200 -
2023-09-20 14:53:31,331 INFO: 127.0.0.1 - - [20/Sep/2023 14:53:31] "GET /static/css/style.css?v=2 HTTP/1.1" 200 -
2023-09-20 14:53:31,331 INFO: 127.0.0.1 - - [20/Sep/2023 14:53:31] "[36mGET /static/js/script.js?v=2 HTTP/1.1[0m" 304 -
2023-09-20 14:54:28,468 INFO: 127.0.0.1 - - [20/Sep/2023 14:54:28] "GET / HTTP/1.1" 200 -
2023-09-20 14:54:28,483 INFO: 127.0.0.1 - - [20/Sep/2023 14:54:28] "GET /static/css/style.css?v=2 HTTP/1.1" 200 -
2023-09-20 14:54:28,484 INFO: 127.0.0.1 - - [20/Sep/2023 14:54:28] "[36mGET /static/js/script.js?v=2 HTTP/1.1[0m" 304 -
2023-09-20 14:55:27,146 INFO: 127.0.0.1 - - [20/Sep/2023 14:55:27] "GET / HTTP/1.1" 200 -
2023-09-20 14:55:27,162 INFO: 127.0.0.1 - - [20/Sep/2023 14:55:27] "GET /static/css/style.css?v=2 HTTP/1.1" 200 -
2023-09-20 14:55:27,162 INFO: 127.0.0.1 - - [20/Sep/2023 14:55:27] "[36mGET /static/js/script.js?v=2 HTTP/1.1[0m" 304 -
2023-09-20 14:55:40,978 INFO: 127.0.0.1 - - [20/Sep/2023 14:55:40] "GET / HTTP/1.1" 200 -
2023-09-20 14:55:40,994 INFO: 127.0.0.1 - - [20/Sep/2023 14:55:40] "GET /static/css/style.css?v=2 HTTP/1.1" 200 -
2023-09-20 14:55:40,995 INFO: 127.0.0.1 - - [20/Sep/2023 14:55:40] "[36mGET /static/js/script.js?v=2 HTTP/1.1[0m" 304 -
2023-09-20 14:56:01,298 INFO: 127.0.0.1 - - [20/Sep/2023 14:56:01] "GET / HTTP/1.1" 200 -
2023-09-20 14:56:01,318 INFO: 127.0.0.1 - - [20/Sep/2023 14:56:01] "GET /static/css/style.css?v=2 HTTP/1.1" 200 -
2023-09-20 14:56:01,318 INFO: 127.0.0.1 - - [20/Sep/2023 14:56:01] "[36mGET /static/js/script.js?v=2 HTTP/1.1[0m" 304 -
2023-09-20 14:56:17,432 INFO: 127.0.0.1 - - [20/Sep/2023 14:56:17] "GET / HTTP/1.1" 200 -
2023-09-20 14:56:17,448 INFO: 127.0.0.1 - - [20/Sep/2023 14:56:17] "GET /static/css/style.css?v=2 HTTP/1.1" 200 -
2023-09-20 14:56:17,448 INFO: 127.0.0.1 - - [20/Sep/2023 14:56:17] "[36mGET /static/js/script.js?v=2 HTTP/1.1[0m" 304 -
2023-09-20 14:56:27,856 INFO: 127.0.0.1 - - [20/Sep/2023 14:56:27] "[36mGET /static/css/style.css?v=2 HTTP/1.1[0m" 304 -
2023-09-20 14:58:56,286 INFO: 127.0.0.1 - - [20/Sep/2023 14:58:56] "GET / HTTP/1.1" 200 -
2023-09-20 14:58:56,309 INFO: 127.0.0.1 - - [20/Sep/2023 14:58:56] "GET /static/css/style.css?v=2 HTTP/1.1" 200 -
2023-09-20 14:58:56,312 INFO: 127.0.0.1 - - [20/Sep/2023 14:58:56] "[36mGET /static/js/script.js?v=2 HTTP/1.1[0m" 304 -
2023-09-20 14:59:28,362 INFO: 127.0.0.1 - - [20/Sep/2023 14:59:28] "GET / HTTP/1.1" 200 -
2023-09-20 14:59:28,378 INFO: 127.0.0.1 - - [20/Sep/2023 14:59:28] "GET /static/css/style.css?v=2 HTTP/1.1" 200 -
2023-09-20 14:59:28,379 INFO: 127.0.0.1 - - [20/Sep/2023 14:59:28] "[36mGET /static/js/script.js?v=2 HTTP/1.1[0m" 304 -
2023-09-20 15:01:23,672 INFO: 127.0.0.1 - - [20/Sep/2023 15:01:23] "GET / HTTP/1.1" 200 -
2023-09-20 15:01:23,684 INFO: 127.0.0.1 - - [20/Sep/2023 15:01:23] "[36mGET /static/css/style.css?v=2 HTTP/1.1[0m" 304 -
2023-09-20 15:01:23,685 INFO: 127.0.0.1 - - [20/Sep/2023 15:01:23] "GET /static/js/script.js?v=2 HTTP/1.1" 200 -
2023-09-20 15:03:57,376 INFO: 127.0.0.1 - - [20/Sep/2023 15:03:57] "GET / HTTP/1.1" 200 -
2023-09-20 15:03:57,394 INFO: 127.0.0.1 - - [20/Sep/2023 15:03:57] "[36mGET /static/css/style.css?v=2 HTTP/1.1[0m" 304 -
2023-09-20 15:03:57,395 INFO: 127.0.0.1 - - [20/Sep/2023 15:03:57] "GET /static/js/script.js?v=2 HTTP/1.1" 200 -
2023-09-20 15:04:24,146 INFO: 127.0.0.1 - - [20/Sep/2023 15:04:24] "GET / HTTP/1.1" 200 -
2023-09-20 15:04:24,172 INFO: 127.0.0.1 - - [20/Sep/2023 15:04:24] "[36mGET /static/css/style.css?v=2 HTTP/1.1[0m" 304 -
2023-09-20 15:04:24,173 INFO: 127.0.0.1 - - [20/Sep/2023 15:04:24] "GET /static/js/script.js?v=2 HTTP/1.1" 200 -
2023-09-20 15:04:53,935 INFO: 127.0.0.1 - - [20/Sep/2023 15:04:53] "GET / HTTP/1.1" 200 -
2023-09-20 15:04:53,948 INFO: 127.0.0.1 - - [20/Sep/2023 15:04:53] "[36mGET /static/css/style.css?v=2 HTTP/1.1[0m" 304 -
2023-09-20 15:04:53,949 INFO: 127.0.0.1 - - [20/Sep/2023 15:04:53] "GET /static/js/script.js?v=2 HTTP/1.1" 200 -
2023-09-20 15:07:20,226 INFO: 127.0.0.1 - - [20/Sep/2023 15:07:20] "GET / HTTP/1.1" 200 -
2023-09-20 15:07:20,245 INFO: 127.0.0.1 - - [20/Sep/2023 15:07:20] "[36mGET /static/css/style.css?v=2 HTTP/1.1[0m" 304 -
2023-09-20 15:07:20,245 INFO: 127.0.0.1 - - [20/Sep/2023 15:07:20] "[36mGET /static/js/script.js?v=2 HTTP/1.1[0m" 304 -
2023-09-20 15:09:48,490 INFO: 127.0.0.1 - - [20/Sep/2023 15:09:48] "GET / HTTP/1.1" 200 -
2023-09-20 15:09:48,526 INFO: 127.0.0.1 - - [20/Sep/2023 15:09:48] "GET /static/css/style.css?v=2 HTTP/1.1" 200 -
2023-09-20 15:09:48,528 INFO: 127.0.0.1 - - [20/Sep/2023 15:09:48] "[36mGET /static/js/script.js?v=2 HTTP/1.1[0m" 304 -
2023-09-20 15:11:26,510 DEBUG: Code execution started
2023-09-20 15:11:26,517 INFO: [31m[1mWARNING: This is a development server. Do not use it in a production deployment. Use a production WSGI server instead.[0m
 * Running on http://127.0.0.1:5000
2023-09-20 15:11:26,517 INFO: [33mPress CTRL+C to quit[0m
2023-09-20 15:11:29,359 INFO: 127.0.0.1 - - [20/Sep/2023 15:11:29] "GET / HTTP/1.1" 200 -
2023-09-20 15:11:29,423 INFO: 127.0.0.1 - - [20/Sep/2023 15:11:29] "[36mGET /static/js/script.js?v=2 HTTP/1.1[0m" 304 -
2023-09-20 15:11:29,424 INFO: 127.0.0.1 - - [20/Sep/2023 15:11:29] "GET /static/css/style.css?v=2 HTTP/1.1" 200 -
2023-09-20 15:12:05,949 INFO: 127.0.0.1 - - [20/Sep/2023 15:12:05] "GET / HTTP/1.1" 200 -
2023-09-20 15:12:05,965 INFO: 127.0.0.1 - - [20/Sep/2023 15:12:05] "GET /static/css/style.css?v=2 HTTP/1.1" 200 -
2023-09-20 15:12:05,966 INFO: 127.0.0.1 - - [20/Sep/2023 15:12:05] "[36mGET /static/js/script.js?v=2 HTTP/1.1[0m" 304 -
2023-09-20 15:12:46,487 INFO: 127.0.0.1 - - [20/Sep/2023 15:12:46] "GET / HTTP/1.1" 200 -
2023-09-20 15:12:46,505 INFO: 127.0.0.1 - - [20/Sep/2023 15:12:46] "GET /static/css/style.css?v=2 HTTP/1.1" 200 -
2023-09-20 15:12:46,506 INFO: 127.0.0.1 - - [20/Sep/2023 15:12:46] "[36mGET /static/js/script.js?v=2 HTTP/1.1[0m" 304 -
2023-09-20 15:14:27,630 DEBUG: Code execution started
2023-09-20 15:14:27,640 INFO: [31m[1mWARNING: This is a development server. Do not use it in a production deployment. Use a production WSGI server instead.[0m
 * Running on http://127.0.0.1:5000
2023-09-20 15:14:27,640 INFO: [33mPress CTRL+C to quit[0m
2023-09-20 15:14:31,850 INFO: 127.0.0.1 - - [20/Sep/2023 15:14:31] "GET / HTTP/1.1" 200 -
2023-09-20 15:14:31,928 INFO: 127.0.0.1 - - [20/Sep/2023 15:14:31] "GET /static/css/style.css?v=2 HTTP/1.1" 200 -
2023-09-20 15:14:31,929 INFO: 127.0.0.1 - - [20/Sep/2023 15:14:31] "GET /static/js/script.js?v=2 HTTP/1.1" 200 -
2023-09-20 15:15:12,116 DEBUG: Code execution started
2023-09-20 15:15:12,124 INFO: [31m[1mWARNING: This is a development server. Do not use it in a production deployment. Use a production WSGI server instead.[0m
 * Running on http://127.0.0.1:5000
2023-09-20 15:15:12,124 INFO: [33mPress CTRL+C to quit[0m
2023-09-20 15:15:14,795 INFO: 127.0.0.1 - - [20/Sep/2023 15:15:14] "GET / HTTP/1.1" 200 -
2023-09-20 15:15:14,856 INFO: 127.0.0.1 - - [20/Sep/2023 15:15:14] "[36mGET /static/css/style.css?v=2 HTTP/1.1[0m" 304 -
2023-09-20 15:15:14,857 INFO: 127.0.0.1 - - [20/Sep/2023 15:15:14] "[36mGET /static/js/script.js?v=2 HTTP/1.1[0m" 304 -
2023-09-20 15:16:13,781 INFO: 127.0.0.1 - - [20/Sep/2023 15:16:13] "GET / HTTP/1.1" 200 -
2023-09-20 15:16:13,804 INFO: 127.0.0.1 - - [20/Sep/2023 15:16:13] "GET /static/css/style.css?v=2 HTTP/1.1" 200 -
2023-09-20 15:16:13,808 INFO: 127.0.0.1 - - [20/Sep/2023 15:16:13] "[36mGET /static/js/script.js?v=2 HTTP/1.1[0m" 304 -
2023-09-20 15:17:30,175 INFO: 127.0.0.1 - - [20/Sep/2023 15:17:30] "GET / HTTP/1.1" 200 -
2023-09-20 15:17:30,203 INFO: 127.0.0.1 - - [20/Sep/2023 15:17:30] "GET /static/css/style.css?v=2 HTTP/1.1" 200 -
2023-09-20 15:17:30,204 INFO: 127.0.0.1 - - [20/Sep/2023 15:17:30] "[36mGET /static/js/script.js?v=2 HTTP/1.1[0m" 304 -
2023-09-20 15:18:09,125 INFO: 127.0.0.1 - - [20/Sep/2023 15:18:09] "GET / HTTP/1.1" 200 -
2023-09-20 15:18:09,144 INFO: 127.0.0.1 - - [20/Sep/2023 15:18:09] "[36mGET /static/css/style.css?v=2 HTTP/1.1[0m" 304 -
2023-09-20 15:18:09,144 INFO: 127.0.0.1 - - [20/Sep/2023 15:18:09] "GET /static/js/script.js?v=2 HTTP/1.1" 200 -
2023-09-20 15:21:11,994 INFO: 127.0.0.1 - - [20/Sep/2023 15:21:11] "GET / HTTP/1.1" 200 -
2023-09-20 15:21:12,013 INFO: 127.0.0.1 - - [20/Sep/2023 15:21:12] "GET /static/js/script.js?v=2 HTTP/1.1" 200 -
2023-09-20 15:21:12,013 INFO: 127.0.0.1 - - [20/Sep/2023 15:21:12] "GET /static/css/style.css?v=2 HTTP/1.1" 200 -
2023-09-20 15:21:36,438 INFO: start executing python code
2023-09-20 15:21:36,438 DEBUG: Python code executed, output: hello
2023-09-20 15:21:36,439 INFO: 127.0.0.1 - - [20/Sep/2023 15:21:36] "POST /runcode HTTP/1.1" 200 -
2023-09-20 15:22:04,714 INFO: start executing python code
2023-09-20 15:22:04,714 INFO: 127.0.0.1 - - [20/Sep/2023 15:22:04] "POST /runcode HTTP/1.1" 200 -
2023-09-20 15:22:24,426 INFO: 127.0.0.1 - - [20/Sep/2023 15:22:24] "GET / HTTP/1.1" 200 -
2023-09-20 15:22:24,442 INFO: 127.0.0.1 - - [20/Sep/2023 15:22:24] "GET /static/css/style.css?v=2 HTTP/1.1" 200 -
2023-09-20 15:22:24,444 INFO: 127.0.0.1 - - [20/Sep/2023 15:22:24] "[36mGET /static/js/script.js?v=2 HTTP/1.1[0m" 304 -
2023-09-20 15:26:31,148 DEBUG: Code execution started
2023-09-20 15:26:31,155 INFO: [31m[1mWARNING: This is a development server. Do not use it in a production deployment. Use a production WSGI server instead.[0m
 * Running on http://127.0.0.1:5000
2023-09-20 15:26:31,155 INFO: [33mPress CTRL+C to quit[0m
2023-09-20 15:27:00,547 INFO: 127.0.0.1 - - [20/Sep/2023 15:27:00] "GET / HTTP/1.1" 200 -
2023-09-20 15:27:00,609 INFO: 127.0.0.1 - - [20/Sep/2023 15:27:00] "[36mGET /static/css/style.css?v=2 HTTP/1.1[0m" 304 -
2023-09-20 15:27:00,609 INFO: 127.0.0.1 - - [20/Sep/2023 15:27:00] "GET /static/js/script.js?v=2 HTTP/1.1" 200 -
2023-09-20 15:27:39,722 INFO: 127.0.0.1 - - [20/Sep/2023 15:27:39] "GET / HTTP/1.1" 200 -
2023-09-20 15:27:39,747 INFO: 127.0.0.1 - - [20/Sep/2023 15:27:39] "[36mGET /static/css/style.css?v=2 HTTP/1.1[0m" 304 -
2023-09-20 15:27:39,748 INFO: 127.0.0.1 - - [20/Sep/2023 15:27:39] "GET /static/js/script.js?v=2 HTTP/1.1" 200 -
2023-09-20 15:29:25,748 INFO: 127.0.0.1 - - [20/Sep/2023 15:29:25] "GET / HTTP/1.1" 200 -
2023-09-20 15:29:25,766 INFO: 127.0.0.1 - - [20/Sep/2023 15:29:25] "[36mGET /static/css/style.css?v=2 HTTP/1.1[0m" 304 -
2023-09-20 15:29:25,767 INFO: 127.0.0.1 - - [20/Sep/2023 15:29:25] "GET /static/js/script.js?v=2 HTTP/1.1" 200 -
2023-09-20 15:30:04,910 INFO: 127.0.0.1 - - [20/Sep/2023 15:30:04] "GET / HTTP/1.1" 200 -
2023-09-20 15:30:04,932 INFO: 127.0.0.1 - - [20/Sep/2023 15:30:04] "GET /static/js/script.js?v=2 HTTP/1.1" 200 -
2023-09-20 15:30:04,932 INFO: 127.0.0.1 - - [20/Sep/2023 15:30:04] "[36mGET /static/css/style.css?v=2 HTTP/1.1[0m" 304 -
2023-09-20 15:30:25,609 INFO: 127.0.0.1 - - [20/Sep/2023 15:30:25] "GET / HTTP/1.1" 200 -
2023-09-20 15:30:25,629 INFO: 127.0.0.1 - - [20/Sep/2023 15:30:25] "[36mGET /static/css/style.css?v=2 HTTP/1.1[0m" 304 -
2023-09-20 15:30:25,629 INFO: 127.0.0.1 - - [20/Sep/2023 15:30:25] "GET /static/js/script.js?v=2 HTTP/1.1" 200 -
2023-09-20 15:30:27,293 INFO: start executing python code
2023-09-20 15:30:27,294 DEBUG: Python code executed, output: Hello,world!
2023-09-20 15:30:27,294 INFO: 127.0.0.1 - - [20/Sep/2023 15:30:27] "POST /runcode HTTP/1.1" 200 -
2023-09-20 15:32:23,059 INFO: 127.0.0.1 - - [20/Sep/2023 15:32:23] "GET / HTTP/1.1" 200 -
2023-09-20 15:32:23,079 INFO: 127.0.0.1 - - [20/Sep/2023 15:32:23] "GET /static/css/style.css?v=2 HTTP/1.1" 200 -
2023-09-20 15:32:23,079 INFO: 127.0.0.1 - - [20/Sep/2023 15:32:23] "[36mGET /static/js/script.js?v=2 HTTP/1.1[0m" 304 -
2023-09-20 15:33:20,618 DEBUG: Code execution started
2023-09-20 15:33:20,625 INFO: [31m[1mWARNING: This is a development server. Do not use it in a production deployment. Use a production WSGI server instead.[0m
 * Running on http://127.0.0.1:5000
2023-09-20 15:33:20,625 INFO: [33mPress CTRL+C to quit[0m
2023-09-20 15:33:22,558 INFO: 127.0.0.1 - - [20/Sep/2023 15:33:22] "GET / HTTP/1.1" 200 -
2023-09-20 15:33:22,626 INFO: 127.0.0.1 - - [20/Sep/2023 15:33:22] "[36mGET /static/js/script.js?v=2 HTTP/1.1[0m" 304 -
2023-09-20 15:33:22,630 INFO: 127.0.0.1 - - [20/Sep/2023 15:33:22] "[36mGET /static/css/style.css?v=2 HTTP/1.1[0m" 304 -
2023-09-20 15:43:35,110 INFO: 127.0.0.1 - - [20/Sep/2023 15:43:35] "GET / HTTP/1.1" 200 -
2023-09-20 15:43:35,139 INFO: 127.0.0.1 - - [20/Sep/2023 15:43:35] "GET /static/css/style.css?v=2 HTTP/1.1" 200 -
2023-09-20 15:43:35,140 INFO: 127.0.0.1 - - [20/Sep/2023 15:43:35] "[36mGET /static/js/script.js?v=2 HTTP/1.1[0m" 304 -
2023-09-20 15:44:05,976 INFO: 127.0.0.1 - - [20/Sep/2023 15:44:05] "GET / HTTP/1.1" 200 -
2023-09-20 15:44:05,996 INFO: 127.0.0.1 - - [20/Sep/2023 15:44:05] "GET /static/css/style.css?v=2 HTTP/1.1" 200 -
2023-09-20 15:44:05,997 INFO: 127.0.0.1 - - [20/Sep/2023 15:44:05] "[36mGET /static/js/script.js?v=2 HTTP/1.1[0m" 304 -
2023-09-20 15:44:54,128 INFO: 127.0.0.1 - - [20/Sep/2023 15:44:54] "GET / HTTP/1.1" 200 -
2023-09-20 15:44:54,156 INFO: 127.0.0.1 - - [20/Sep/2023 15:44:54] "GET /static/css/style.css?v=2 HTTP/1.1" 200 -
2023-09-20 15:44:54,156 INFO: 127.0.0.1 - - [20/Sep/2023 15:44:54] "[36mGET /static/js/script.js?v=2 HTTP/1.1[0m" 304 -
2023-09-20 15:45:16,118 INFO: 127.0.0.1 - - [20/Sep/2023 15:45:16] "GET / HTTP/1.1" 200 -
2023-09-20 15:45:16,135 INFO: 127.0.0.1 - - [20/Sep/2023 15:45:16] "[36mGET /static/css/style.css?v=2 HTTP/1.1[0m" 304 -
2023-09-20 15:45:16,136 INFO: 127.0.0.1 - - [20/Sep/2023 15:45:16] "[36mGET /static/js/script.js?v=2 HTTP/1.1[0m" 304 -
2023-09-20 15:45:54,586 INFO: 127.0.0.1 - - [20/Sep/2023 15:45:54] "[36mGET /static/css/style.css?v=2 HTTP/1.1[0m" 304 -
2023-09-20 15:47:35,509 INFO: 127.0.0.1 - - [20/Sep/2023 15:47:35] "GET / HTTP/1.1" 200 -
2023-09-20 15:47:35,530 INFO: 127.0.0.1 - - [20/Sep/2023 15:47:35] "GET /static/css/style.css?v=2 HTTP/1.1" 200 -
2023-09-20 15:47:35,530 INFO: 127.0.0.1 - - [20/Sep/2023 15:47:35] "[36mGET /static/js/script.js?v=2 HTTP/1.1[0m" 304 -
2023-09-20 15:47:53,315 DEBUG: Code execution started
2023-09-20 15:47:53,322 INFO: [31m[1mWARNING: This is a development server. Do not use it in a production deployment. Use a production WSGI server instead.[0m
 * Running on http://127.0.0.1:5000
2023-09-20 15:47:53,322 INFO: [33mPress CTRL+C to quit[0m
2023-09-20 15:47:55,441 INFO: 127.0.0.1 - - [20/Sep/2023 15:47:55] "GET / HTTP/1.1" 200 -
2023-09-20 15:47:55,498 INFO: 127.0.0.1 - - [20/Sep/2023 15:47:55] "[36mGET /static/css/style.css?v=2 HTTP/1.1[0m" 304 -
2023-09-20 15:47:55,499 INFO: 127.0.0.1 - - [20/Sep/2023 15:47:55] "[36mGET /static/js/script.js?v=2 HTTP/1.1[0m" 304 -
2023-09-20 15:48:01,366 INFO: start executing python code
2023-09-20 15:48:01,366 DEBUG: Python code executed, output: Hello,world!
2023-09-20 15:48:01,367 INFO: 127.0.0.1 - - [20/Sep/2023 15:48:01] "POST /runcode HTTP/1.1" 200 -
2023-09-20 15:48:42,147 INFO: 127.0.0.1 - - [20/Sep/2023 15:48:42] "GET / HTTP/1.1" 200 -
2023-09-20 15:48:42,167 INFO: 127.0.0.1 - - [20/Sep/2023 15:48:42] "GET /static/css/style.css?v=2 HTTP/1.1" 200 -
2023-09-20 15:48:42,170 INFO: 127.0.0.1 - - [20/Sep/2023 15:48:42] "[36mGET /static/js/script.js?v=2 HTTP/1.1[0m" 304 -
2023-09-20 15:48:52,126 INFO: 127.0.0.1 - - [20/Sep/2023 15:48:52] "GET / HTTP/1.1" 200 -
2023-09-20 15:48:52,139 INFO: 127.0.0.1 - - [20/Sep/2023 15:48:52] "GET /static/css/style.css?v=2 HTTP/1.1" 200 -
2023-09-20 15:48:52,139 INFO: 127.0.0.1 - - [20/Sep/2023 15:48:52] "[36mGET /static/js/script.js?v=2 HTTP/1.1[0m" 304 -
2023-09-20 15:49:47,433 INFO: 127.0.0.1 - - [20/Sep/2023 15:49:47] "[36mGET /static/css/style.css?v=2 HTTP/1.1[0m" 304 -
2023-09-20 15:49:55,095 INFO: 127.0.0.1 - - [20/Sep/2023 15:49:55] "GET / HTTP/1.1" 200 -
2023-09-20 15:49:55,107 INFO: 127.0.0.1 - - [20/Sep/2023 15:49:55] "GET /static/css/style.css?v=2 HTTP/1.1" 200 -
2023-09-20 15:49:55,107 INFO: 127.0.0.1 - - [20/Sep/2023 15:49:55] "[36mGET /static/js/script.js?v=2 HTTP/1.1[0m" 304 -
2023-09-20 15:51:03,127 INFO: 127.0.0.1 - - [20/Sep/2023 15:51:03] "GET / HTTP/1.1" 200 -
2023-09-20 15:51:03,149 INFO: 127.0.0.1 - - [20/Sep/2023 15:51:03] "GET /static/css/style.css?v=2 HTTP/1.1" 200 -
2023-09-20 15:51:03,149 INFO: 127.0.0.1 - - [20/Sep/2023 15:51:03] "[36mGET /static/js/script.js?v=2 HTTP/1.1[0m" 304 -
2023-09-20 15:51:15,414 INFO: 127.0.0.1 - - [20/Sep/2023 15:51:15] "GET / HTTP/1.1" 200 -
2023-09-20 15:51:15,428 INFO: 127.0.0.1 - - [20/Sep/2023 15:51:15] "GET /static/css/style.css?v=2 HTTP/1.1" 200 -
2023-09-20 15:51:15,428 INFO: 127.0.0.1 - - [20/Sep/2023 15:51:15] "[36mGET /static/js/script.js?v=2 HTTP/1.1[0m" 304 -
2023-09-20 15:51:23,626 INFO: 127.0.0.1 - - [20/Sep/2023 15:51:23] "GET / HTTP/1.1" 200 -
2023-09-20 15:51:23,638 INFO: 127.0.0.1 - - [20/Sep/2023 15:51:23] "GET /static/css/style.css?v=2 HTTP/1.1" 200 -
2023-09-20 15:51:23,638 INFO: 127.0.0.1 - - [20/Sep/2023 15:51:23] "[36mGET /static/js/script.js?v=2 HTTP/1.1[0m" 304 -
2023-09-20 15:51:26,216 INFO: 127.0.0.1 - - [20/Sep/2023 15:51:26] "[36mGET /static/css/style.css?v=2 HTTP/1.1[0m" 304 -
2023-09-20 15:59:52,846 INFO: 127.0.0.1 - - [20/Sep/2023 15:59:52] "GET / HTTP/1.1" 200 -
2023-09-20 15:59:52,871 INFO: 127.0.0.1 - - [20/Sep/2023 15:59:52] "GET /static/css/style.css?v=2 HTTP/1.1" 200 -
2023-09-20 15:59:52,879 INFO: 127.0.0.1 - - [20/Sep/2023 15:59:52] "[36mGET /static/js/script.js?v=2 HTTP/1.1[0m" 304 -
2023-09-20 16:00:24,898 INFO: 127.0.0.1 - - [20/Sep/2023 16:00:24] "GET / HTTP/1.1" 200 -
2023-09-20 16:00:24,916 INFO: 127.0.0.1 - - [20/Sep/2023 16:00:24] "GET /static/css/style.css?v=2 HTTP/1.1" 200 -
2023-09-20 16:00:24,916 INFO: 127.0.0.1 - - [20/Sep/2023 16:00:24] "[36mGET /static/js/script.js?v=2 HTTP/1.1[0m" 304 -
2023-09-20 16:00:50,264 DEBUG: Code execution started
2023-09-20 16:00:50,270 INFO: [31m[1mWARNING: This is a development server. Do not use it in a production deployment. Use a production WSGI server instead.[0m
 * Running on http://127.0.0.1:5000
2023-09-20 16:00:50,270 INFO: [33mPress CTRL+C to quit[0m
2023-09-20 16:00:54,467 INFO: 127.0.0.1 - - [20/Sep/2023 16:00:54] "GET / HTTP/1.1" 200 -
2023-09-20 16:00:54,528 INFO: 127.0.0.1 - - [20/Sep/2023 16:00:54] "GET /static/css/style.css?v=2 HTTP/1.1" 200 -
2023-09-20 16:00:54,529 INFO: 127.0.0.1 - - [20/Sep/2023 16:00:54] "[36mGET /static/js/script.js?v=2 HTTP/1.1[0m" 304 -
2023-09-20 16:01:01,336 INFO: 127.0.0.1 - - [20/Sep/2023 16:01:01] "[36mGET /static/css/style.css?v=2 HTTP/1.1[0m" 304 -
2023-09-20 16:05:06,628 INFO: 127.0.0.1 - - [20/Sep/2023 16:05:06] "GET / HTTP/1.1" 200 -
2023-09-20 16:05:06,647 INFO: 127.0.0.1 - - [20/Sep/2023 16:05:06] "GET /static/css/style.css?v=2 HTTP/1.1" 200 -
2023-09-20 16:05:06,648 INFO: 127.0.0.1 - - [20/Sep/2023 16:05:06] "[36mGET /static/js/script.js?v=2 HTTP/1.1[0m" 304 -
2023-09-20 16:16:44,104 INFO: start executing python code
2023-09-20 16:16:44,104 DEBUG: Python code executed, output: hHelogdkgjgjfhgdgdgdgjdgjgk;djgkldjkgljklgkgkgd
2023-09-20 16:16:44,105 INFO: 127.0.0.1 - - [20/Sep/2023 16:16:44] "POST /runcode HTTP/1.1" 200 -
2023-09-20 16:22:32,886 INFO: 127.0.0.1 - - [20/Sep/2023 16:22:32] "GET / HTTP/1.1" 200 -
2023-09-20 16:22:32,904 INFO: 127.0.0.1 - - [20/Sep/2023 16:22:32] "GET /static/css/style.css?v=2 HTTP/1.1" 200 -
2023-09-20 16:22:32,905 INFO: 127.0.0.1 - - [20/Sep/2023 16:22:32] "[36mGET /static/js/script.js?v=2 HTTP/1.1[0m" 304 -
2023-09-20 16:24:57,866 INFO: start executing python code
2023-09-20 16:24:57,866 DEBUG: Python code executed, output: Hello,world!
2023-09-20 16:24:57,866 INFO: 127.0.0.1 - - [20/Sep/2023 16:24:57] "POST /runcode HTTP/1.1" 200 -
2023-09-20 16:25:02,692 INFO: 127.0.0.1 - - [20/Sep/2023 16:25:02] "[36mGET /static/css/style.css?v=2 HTTP/1.1[0m" 304 -
2023-09-20 16:25:10,630 INFO: 127.0.0.1 - - [20/Sep/2023 16:25:10] "GET / HTTP/1.1" 200 -
2023-09-20 16:25:10,648 INFO: 127.0.0.1 - - [20/Sep/2023 16:25:10] "GET /static/css/style.css?v=2 HTTP/1.1" 200 -
2023-09-20 16:25:10,649 INFO: 127.0.0.1 - - [20/Sep/2023 16:25:10] "[36mGET /static/js/script.js?v=2 HTTP/1.1[0m" 304 -
2023-09-20 16:27:10,576 INFO: start executing python code
2023-09-20 16:27:10,576 DEBUG: Python code executed, output: Hello,world!
2023-09-20 16:27:10,577 INFO: 127.0.0.1 - - [20/Sep/2023 16:27:10] "POST /runcode HTTP/1.1" 200 -
2023-09-20 16:27:11,211 INFO: start executing python code
2023-09-20 16:27:11,211 DEBUG: Python code executed, output: Hello,world!
2023-09-20 16:27:11,211 INFO: 127.0.0.1 - - [20/Sep/2023 16:27:11] "POST /runcode HTTP/1.1" 200 -
2023-09-20 16:27:16,257 INFO: start executing c or cpp code
2023-09-20 16:27:16,258 DEBUG: Code file created at builds/ruby/code.ruby
2023-09-20 16:27:16,260 INFO: 127.0.0.1 - - [20/Sep/2023 16:27:16] "POST /runcode HTTP/1.1" 200 -
2023-09-20 16:30:21,813 INFO: 127.0.0.1 - - [20/Sep/2023 16:30:21] "GET / HTTP/1.1" 200 -
2023-09-20 16:30:21,832 INFO: 127.0.0.1 - - [20/Sep/2023 16:30:21] "[36mGET /static/css/style.css?v=2 HTTP/1.1[0m" 304 -
2023-09-20 16:30:21,833 INFO: 127.0.0.1 - - [20/Sep/2023 16:30:21] "GET /static/js/script.js?v=2 HTTP/1.1" 200 -
2023-09-20 16:30:35,026 INFO: 127.0.0.1 - - [20/Sep/2023 16:30:35] "GET / HTTP/1.1" 200 -
2023-09-20 16:30:35,042 INFO: 127.0.0.1 - - [20/Sep/2023 16:30:35] "[36mGET /static/css/style.css?v=2 HTTP/1.1[0m" 304 -
2023-09-20 16:30:35,043 INFO: 127.0.0.1 - - [20/Sep/2023 16:30:35] "GET /static/js/script.js?v=2 HTTP/1.1" 200 -
2023-09-20 16:30:38,689 INFO: start executing c or cpp code
2023-09-20 16:30:38,690 DEBUG: Code file created at builds/cpp/code.cpp
2023-09-20 16:30:40,055 INFO: Code compiled with command: g++ builds/cpp/code.cpp -o builds/cpp/code
2023-09-20 16:30:40,099 INFO: Code executed, stdout: hello,world!, stderr: None
2023-09-20 16:30:40,099 INFO: 127.0.0.1 - - [20/Sep/2023 16:30:40] "POST /runcode HTTP/1.1" 200 -
2023-09-20 16:30:50,923 INFO: start executing c# code
2023-09-20 16:30:53,508 DEBUG: Code file created at builds/cs/Program.cs
2023-09-20 16:30:56,190 INFO: 127.0.0.1 - - [20/Sep/2023 16:30:56] "POST /runcode HTTP/1.1" 200 -
2023-09-20 16:31:27,267 INFO: 127.0.0.1 - - [20/Sep/2023 16:31:27] "GET / HTTP/1.1" 200 -
2023-09-20 16:31:27,287 INFO: 127.0.0.1 - - [20/Sep/2023 16:31:27] "[36mGET /static/css/style.css?v=2 HTTP/1.1[0m" 304 -
2023-09-20 16:31:27,288 INFO: 127.0.0.1 - - [20/Sep/2023 16:31:27] "GET /static/js/script.js?v=2 HTTP/1.1" 200 -
2023-09-20 16:31:30,272 INFO: start executing c# code
2023-09-20 16:31:31,213 DEBUG: Code file created at builds/cs/Program.cs
2023-09-20 16:31:33,347 INFO: Code compiled with command: dotnet build builds/cs
2023-09-20 16:31:34,462 INFO: Code executed, stdout: Hello,world!, stderr: None
2023-09-20 16:31:34,462 INFO: 127.0.0.1 - - [20/Sep/2023 16:31:34] "POST /runcode HTTP/1.1" 200 -
2023-09-20 16:33:24,407 INFO: 127.0.0.1 - - [20/Sep/2023 16:33:24] "GET / HTTP/1.1" 200 -
2023-09-20 16:33:24,425 INFO: 127.0.0.1 - - [20/Sep/2023 16:33:24] "[36mGET /static/css/style.css?v=2 HTTP/1.1[0m" 304 -
2023-09-20 16:33:24,426 INFO: 127.0.0.1 - - [20/Sep/2023 16:33:24] "GET /static/js/script.js?v=2 HTTP/1.1" 200 -
2023-09-20 16:33:26,990 INFO: start executing c or cpp code
2023-09-20 16:33:26,991 DEBUG: Code file created at builds/c/code.c
2023-09-20 16:33:27,165 INFO: 127.0.0.1 - - [20/Sep/2023 16:33:27] "POST /runcode HTTP/1.1" 200 -
2023-09-20 16:33:41,434 INFO: 127.0.0.1 - - [20/Sep/2023 16:33:41] "GET / HTTP/1.1" 200 -
2023-09-20 16:33:41,449 INFO: 127.0.0.1 - - [20/Sep/2023 16:33:41] "[36mGET /static/css/style.css?v=2 HTTP/1.1[0m" 304 -
2023-09-20 16:33:41,451 INFO: 127.0.0.1 - - [20/Sep/2023 16:33:41] "GET /static/js/script.js?v=2 HTTP/1.1" 200 -
2023-09-20 16:33:46,967 INFO: start executing c or cpp code
2023-09-20 16:33:46,968 DEBUG: Code file created at builds/c/code.c
2023-09-20 16:33:47,127 INFO: Code compiled with command: gcc builds/c/code.c -o builds/c/code
2023-09-20 16:33:47,161 INFO: Code executed, stdout: Hello world, stderr: None
2023-09-20 16:33:47,161 INFO: 127.0.0.1 - - [20/Sep/2023 16:33:47] "POST /runcode HTTP/1.1" 200 -
2023-09-20 16:34:08,454 INFO: 127.0.0.1 - - [20/Sep/2023 16:34:08] "[36mGET /static/css/style.css?v=2 HTTP/1.1[0m" 304 -
2023-09-20 16:38:58,685 INFO: 127.0.0.1 - - [20/Sep/2023 16:38:58] "GET / HTTP/1.1" 200 -
2023-09-20 16:38:58,703 INFO: 127.0.0.1 - - [20/Sep/2023 16:38:58] "GET /static/css/style.css?v=2 HTTP/1.1" 200 -
2023-09-20 16:38:58,703 INFO: 127.0.0.1 - - [20/Sep/2023 16:38:58] "[36mGET /static/js/script.js?v=2 HTTP/1.1[0m" 304 -
2023-09-20 16:40:25,307 INFO: 127.0.0.1 - - [20/Sep/2023 16:40:25] "GET / HTTP/1.1" 200 -
2023-09-20 16:40:25,327 INFO: 127.0.0.1 - - [20/Sep/2023 16:40:25] "GET /static/css/style.css?v=2 HTTP/1.1" 200 -
2023-09-20 16:40:25,328 INFO: 127.0.0.1 - - [20/Sep/2023 16:40:25] "[36mGET /static/js/script.js?v=2 HTTP/1.1[0m" 304 -
2023-09-20 16:42:37,213 INFO: 127.0.0.1 - - [20/Sep/2023 16:42:37] "GET / HTTP/1.1" 200 -
2023-09-20 16:42:37,230 INFO: 127.0.0.1 - - [20/Sep/2023 16:42:37] "GET /static/css/style.css?v=2 HTTP/1.1" 200 -
2023-09-20 16:42:37,231 INFO: 127.0.0.1 - - [20/Sep/2023 16:42:37] "[36mGET /static/js/script.js?v=2 HTTP/1.1[0m" 304 -
2023-09-20 16:45:37,358 INFO: 127.0.0.1 - - [20/Sep/2023 16:45:37] "GET / HTTP/1.1" 200 -
2023-09-20 16:45:37,379 INFO: 127.0.0.1 - - [20/Sep/2023 16:45:37] "[36mGET /static/js/script.js?v=2 HTTP/1.1[0m" 304 -
2023-09-20 16:45:37,379 INFO: 127.0.0.1 - - [20/Sep/2023 16:45:37] "GET /static/css/style.css?v=2 HTTP/1.1" 200 -
2023-09-20 16:47:01,002 INFO: 127.0.0.1 - - [20/Sep/2023 16:47:01] "GET / HTTP/1.1" 200 -
2023-09-20 16:47:01,019 INFO: 127.0.0.1 - - [20/Sep/2023 16:47:01] "GET /static/css/style.css?v=2 HTTP/1.1" 200 -
2023-09-20 16:47:01,028 INFO: 127.0.0.1 - - [20/Sep/2023 16:47:01] "[36mGET /static/js/script.js?v=2 HTTP/1.1[0m" 304 -
2023-09-20 16:48:31,841 INFO: 127.0.0.1 - - [20/Sep/2023 16:48:31] "GET / HTTP/1.1" 200 -
2023-09-20 16:48:31,861 INFO: 127.0.0.1 - - [20/Sep/2023 16:48:31] "GET /static/css/style.css?v=2 HTTP/1.1" 200 -
2023-09-20 16:48:31,869 INFO: 127.0.0.1 - - [20/Sep/2023 16:48:31] "[36mGET /static/js/script.js?v=2 HTTP/1.1[0m" 304 -
2023-09-20 16:52:19,350 INFO: 127.0.0.1 - - [20/Sep/2023 16:52:19] "GET / HTTP/1.1" 200 -
2023-09-20 16:52:19,371 INFO: 127.0.0.1 - - [20/Sep/2023 16:52:19] "GET /static/css/style.css?v=2 HTTP/1.1" 200 -
2023-09-20 16:52:19,371 INFO: 127.0.0.1 - - [20/Sep/2023 16:52:19] "[36mGET /static/js/script.js?v=2 HTTP/1.1[0m" 304 -
2023-09-20 16:53:09,122 INFO: 127.0.0.1 - - [20/Sep/2023 16:53:09] "GET / HTTP/1.1" 200 -
2023-09-20 16:53:09,140 INFO: 127.0.0.1 - - [20/Sep/2023 16:53:09] "GET /static/css/style.css?v=2 HTTP/1.1" 200 -
2023-09-20 16:53:09,140 INFO: 127.0.0.1 - - [20/Sep/2023 16:53:09] "[36mGET /static/js/script.js?v=2 HTTP/1.1[0m" 304 -
2023-09-20 16:53:26,442 INFO: 127.0.0.1 - - [20/Sep/2023 16:53:26] "GET / HTTP/1.1" 200 -
2023-09-20 16:53:26,455 INFO: 127.0.0.1 - - [20/Sep/2023 16:53:26] "GET /static/css/style.css?v=2 HTTP/1.1" 200 -
2023-09-20 16:53:26,456 INFO: 127.0.0.1 - - [20/Sep/2023 16:53:26] "[36mGET /static/js/script.js?v=2 HTTP/1.1[0m" 304 -
2023-09-20 16:54:22,727 INFO: 127.0.0.1 - - [20/Sep/2023 16:54:22] "[36mGET /static/css/style.css?v=2 HTTP/1.1[0m" 304 -
2023-09-20 16:55:11,011 INFO: 127.0.0.1 - - [20/Sep/2023 16:55:11] "GET / HTTP/1.1" 200 -
2023-09-20 16:55:11,036 INFO: 127.0.0.1 - - [20/Sep/2023 16:55:11] "[36mGET /static/css/style.css?v=2 HTTP/1.1[0m" 304 -
2023-09-20 16:55:11,037 INFO: 127.0.0.1 - - [20/Sep/2023 16:55:11] "[36mGET /static/js/script.js?v=2 HTTP/1.1[0m" 304 -
2023-09-20 16:55:25,057 INFO: 127.0.0.1 - - [20/Sep/2023 16:55:25] "GET / HTTP/1.1" 200 -
2023-09-20 16:55:25,073 INFO: 127.0.0.1 - - [20/Sep/2023 16:55:25] "GET /static/css/style.css?v=2 HTTP/1.1" 200 -
2023-09-20 16:55:25,074 INFO: 127.0.0.1 - - [20/Sep/2023 16:55:25] "[36mGET /static/js/script.js?v=2 HTTP/1.1[0m" 304 -
2023-09-20 17:00:29,315 INFO: 127.0.0.1 - - [20/Sep/2023 17:00:29] "GET / HTTP/1.1" 200 -
2023-09-20 17:00:29,336 INFO: 127.0.0.1 - - [20/Sep/2023 17:00:29] "GET /static/css/style.css?v=2 HTTP/1.1" 200 -
2023-09-20 17:00:29,336 INFO: 127.0.0.1 - - [20/Sep/2023 17:00:29] "[36mGET /static/js/script.js?v=2 HTTP/1.1[0m" 304 -
2023-09-20 17:00:36,252 INFO: 127.0.0.1 - - [20/Sep/2023 17:00:36] "[36mGET /static/css/style.css?v=2 HTTP/1.1[0m" 304 -
2023-09-20 17:01:46,754 INFO: 127.0.0.1 - - [20/Sep/2023 17:01:46] "GET / HTTP/1.1" 200 -
2023-09-20 17:01:46,773 INFO: 127.0.0.1 - - [20/Sep/2023 17:01:46] "[36mGET /static/js/script.js?v=2 HTTP/1.1[0m" 304 -
2023-09-20 17:01:46,773 INFO: 127.0.0.1 - - [20/Sep/2023 17:01:46] "GET /static/css/style.css?v=2 HTTP/1.1" 200 -
2023-09-20 17:05:27,467 INFO: 127.0.0.1 - - [20/Sep/2023 17:05:27] "GET / HTTP/1.1" 200 -
2023-09-20 17:05:27,488 INFO: 127.0.0.1 - - [20/Sep/2023 17:05:27] "GET /static/css/style.css?v=2 HTTP/1.1" 200 -
2023-09-20 17:05:27,489 INFO: 127.0.0.1 - - [20/Sep/2023 17:05:27] "[36mGET /static/js/script.js?v=2 HTTP/1.1[0m" 304 -
2023-09-20 17:05:48,759 INFO: 127.0.0.1 - - [20/Sep/2023 17:05:48] "GET / HTTP/1.1" 200 -
2023-09-20 17:05:48,772 INFO: 127.0.0.1 - - [20/Sep/2023 17:05:48] "GET /static/css/style.css?v=2 HTTP/1.1" 200 -
2023-09-20 17:05:48,773 INFO: 127.0.0.1 - - [20/Sep/2023 17:05:48] "[36mGET /static/js/script.js?v=2 HTTP/1.1[0m" 304 -
2023-09-20 17:05:50,892 INFO: 127.0.0.1 - - [20/Sep/2023 17:05:50] "GET / HTTP/1.1" 200 -
2023-09-20 17:05:50,905 INFO: 127.0.0.1 - - [20/Sep/2023 17:05:50] "[36mGET /static/css/style.css?v=2 HTTP/1.1[0m" 304 -
2023-09-20 17:05:50,906 INFO: 127.0.0.1 - - [20/Sep/2023 17:05:50] "[36mGET /static/js/script.js?v=2 HTTP/1.1[0m" 304 -
2023-09-20 17:08:08,025 INFO: 127.0.0.1 - - [20/Sep/2023 17:08:08] "GET / HTTP/1.1" 200 -
2023-09-20 17:08:08,045 INFO: 127.0.0.1 - - [20/Sep/2023 17:08:08] "GET /static/css/style.css?v=2 HTTP/1.1" 200 -
2023-09-20 17:08:08,046 INFO: 127.0.0.1 - - [20/Sep/2023 17:08:08] "[36mGET /static/js/script.js?v=2 HTTP/1.1[0m" 304 -
2023-09-20 17:08:15,518 INFO: 127.0.0.1 - - [20/Sep/2023 17:08:15] "GET / HTTP/1.1" 200 -
2023-09-20 17:08:15,550 INFO: 127.0.0.1 - - [20/Sep/2023 17:08:15] "[36mGET /static/js/script.js?v=2 HTTP/1.1[0m" 304 -
2023-09-20 17:08:15,550 INFO: 127.0.0.1 - - [20/Sep/2023 17:08:15] "[36mGET /static/css/style.css?v=2 HTTP/1.1[0m" 304 -
2023-09-20 17:08:32,871 INFO: 127.0.0.1 - - [20/Sep/2023 17:08:32] "GET / HTTP/1.1" 200 -
2023-09-20 17:08:32,884 INFO: 127.0.0.1 - - [20/Sep/2023 17:08:32] "[36mGET /static/css/style.css?v=2 HTTP/1.1[0m" 304 -
2023-09-20 17:08:32,885 INFO: 127.0.0.1 - - [20/Sep/2023 17:08:32] "[36mGET /static/js/script.js?v=2 HTTP/1.1[0m" 304 -
2023-09-20 17:08:33,970 INFO: 127.0.0.1 - - [20/Sep/2023 17:08:33] "GET / HTTP/1.1" 200 -
2023-09-20 17:08:33,988 INFO: 127.0.0.1 - - [20/Sep/2023 17:08:33] "[36mGET /static/css/style.css?v=2 HTTP/1.1[0m" 304 -
2023-09-20 17:08:33,988 INFO: 127.0.0.1 - - [20/Sep/2023 17:08:33] "[36mGET /static/js/script.js?v=2 HTTP/1.1[0m" 304 -
2023-09-20 17:08:34,347 INFO: 127.0.0.1 - - [20/Sep/2023 17:08:34] "GET / HTTP/1.1" 200 -
2023-09-20 17:08:34,360 INFO: 127.0.0.1 - - [20/Sep/2023 17:08:34] "[36mGET /static/css/style.css?v=2 HTTP/1.1[0m" 304 -
2023-09-20 17:08:34,360 INFO: 127.0.0.1 - - [20/Sep/2023 17:08:34] "[36mGET /static/js/script.js?v=2 HTTP/1.1[0m" 304 -
2023-09-20 17:08:34,877 INFO: 127.0.0.1 - - [20/Sep/2023 17:08:34] "GET / HTTP/1.1" 200 -
2023-09-20 17:08:34,890 INFO: 127.0.0.1 - - [20/Sep/2023 17:08:34] "[36mGET /static/css/style.css?v=2 HTTP/1.1[0m" 304 -
2023-09-20 17:08:34,890 INFO: 127.0.0.1 - - [20/Sep/2023 17:08:34] "[36mGET /static/js/script.js?v=2 HTTP/1.1[0m" 304 -
2023-09-20 17:09:06,432 DEBUG: Code execution started
2023-09-20 17:09:06,439 INFO: [31m[1mWARNING: This is a development server. Do not use it in a production deployment. Use a production WSGI server instead.[0m
 * Running on http://127.0.0.1:5000
2023-09-20 17:09:06,439 INFO: [33mPress CTRL+C to quit[0m
2023-09-20 17:09:07,840 INFO: 127.0.0.1 - - [20/Sep/2023 17:09:07] "GET / HTTP/1.1" 200 -
2023-09-20 17:09:07,932 INFO: 127.0.0.1 - - [20/Sep/2023 17:09:07] "[36mGET /static/css/style.css?v=2 HTTP/1.1[0m" 304 -
2023-09-20 17:09:07,932 INFO: 127.0.0.1 - - [20/Sep/2023 17:09:07] "[36mGET /static/js/script.js?v=2 HTTP/1.1[0m" 304 -
2023-09-20 17:09:09,233 INFO: 127.0.0.1 - - [20/Sep/2023 17:09:09] "GET / HTTP/1.1" 200 -
2023-09-20 17:09:09,257 INFO: 127.0.0.1 - - [20/Sep/2023 17:09:09] "[36mGET /static/css/style.css?v=2 HTTP/1.1[0m" 304 -
2023-09-20 17:09:09,258 INFO: 127.0.0.1 - - [20/Sep/2023 17:09:09] "[36mGET /static/js/script.js?v=2 HTTP/1.1[0m" 304 -
2023-09-20 17:09:09,657 INFO: 127.0.0.1 - - [20/Sep/2023 17:09:09] "GET / HTTP/1.1" 200 -
2023-09-20 17:09:09,672 INFO: 127.0.0.1 - - [20/Sep/2023 17:09:09] "[36mGET /static/css/style.css?v=2 HTTP/1.1[0m" 304 -
2023-09-20 17:09:09,672 INFO: 127.0.0.1 - - [20/Sep/2023 17:09:09] "[36mGET /static/js/script.js?v=2 HTTP/1.1[0m" 304 -
2023-09-20 17:09:14,035 INFO: 127.0.0.1 - - [20/Sep/2023 17:09:14] "GET / HTTP/1.1" 200 -
2023-09-20 17:09:14,051 INFO: 127.0.0.1 - - [20/Sep/2023 17:09:14] "[36mGET /static/css/style.css?v=2 HTTP/1.1[0m" 304 -
2023-09-20 17:09:14,051 INFO: 127.0.0.1 - - [20/Sep/2023 17:09:14] "[36mGET /static/js/script.js?v=2 HTTP/1.1[0m" 304 -
2023-09-20 17:09:55,980 INFO: 127.0.0.1 - - [20/Sep/2023 17:09:55] "[36mGET /static/css/style.css?v=2 HTTP/1.1[0m" 304 -
2023-09-20 17:20:44,328 INFO: 127.0.0.1 - - [20/Sep/2023 17:20:44] "GET / HTTP/1.1" 200 -
2023-09-20 17:20:44,360 INFO: 127.0.0.1 - - [20/Sep/2023 17:20:44] "[36mGET /static/css/style.css?v=2 HTTP/1.1[0m" 304 -
2023-09-20 17:20:44,361 INFO: 127.0.0.1 - - [20/Sep/2023 17:20:44] "[36mGET /static/js/script.js?v=2 HTTP/1.1[0m" 304 -
2023-09-20 17:23:31,080 INFO: 127.0.0.1 - - [20/Sep/2023 17:23:31] "GET / HTTP/1.1" 200 -
2023-09-20 17:23:31,110 INFO: 127.0.0.1 - - [20/Sep/2023 17:23:31] "GET /static/css/style.css?v=2 HTTP/1.1" 200 -
2023-09-20 17:23:31,113 INFO: 127.0.0.1 - - [20/Sep/2023 17:23:31] "[36mGET /static/js/script.js?v=2 HTTP/1.1[0m" 304 -
2023-09-20 17:23:41,494 INFO: 127.0.0.1 - - [20/Sep/2023 17:23:41] "GET / HTTP/1.1" 200 -
2023-09-20 17:23:41,509 INFO: 127.0.0.1 - - [20/Sep/2023 17:23:41] "GET /static/css/style.css?v=2 HTTP/1.1" 200 -
2023-09-20 17:23:41,509 INFO: 127.0.0.1 - - [20/Sep/2023 17:23:41] "[36mGET /static/js/script.js?v=2 HTTP/1.1[0m" 304 -
2023-09-20 17:23:48,285 INFO: 127.0.0.1 - - [20/Sep/2023 17:23:48] "GET / HTTP/1.1" 200 -
2023-09-20 17:23:48,301 INFO: 127.0.0.1 - - [20/Sep/2023 17:23:48] "GET /static/css/style.css?v=2 HTTP/1.1" 200 -
2023-09-20 17:23:48,302 INFO: 127.0.0.1 - - [20/Sep/2023 17:23:48] "[36mGET /static/js/script.js?v=2 HTTP/1.1[0m" 304 -
2023-09-20 17:23:52,268 INFO: start executing python code
2023-09-20 17:23:52,268 DEBUG: Python code executed, output: Hello,world!
2023-09-20 17:23:52,268 INFO: 127.0.0.1 - - [20/Sep/2023 17:23:52] "POST /runcode HTTP/1.1" 200 -
