2023-09-19 20:54:14,505 DEBUG: Code execution started
2023-09-19 20:54:14,506 DEBUG: Code execution started
2023-09-19 20:54:14,513 INFO: [31m[1mWARNING: This is a development server. Do not use it in a production deployment. Use a production WSGI server instead.[0m
 * Running on http://127.0.0.1:5000
2023-09-19 20:54:14,513 INFO: [33mPress CTRL+C to quit[0m
2023-09-19 20:54:34,232 INFO: 127.0.0.1 - - [19/Sep/2023 20:54:34] "GET / HTTP/1.1" 200 -
2023-09-19 20:54:34,400 INFO: 127.0.0.1 - - [19/Sep/2023 20:54:34] "[36mGET /static/css/style.css HTTP/1.1[0m" 304 -
2023-09-19 20:54:34,408 INFO: 127.0.0.1 - - [19/Sep/2023 20:54:34] "[36mGET /static/js/script.js HTTP/1.1[0m" 304 -
2023-09-19 20:54:38,199 INFO: 127.0.0.1 - - [19/Sep/2023 20:54:38] "GET / HTTP/1.1" 200 -
2023-09-19 20:54:38,212 INFO: 127.0.0.1 - - [19/Sep/2023 20:54:38] "[36mGET /static/css/style.css HTTP/1.1[0m" 304 -
2023-09-19 20:54:38,214 INFO: 127.0.0.1 - - [19/Sep/2023 20:54:38] "[36mGET /static/js/script.js HTTP/1.1[0m" 304 -
2023-09-19 20:54:46,881 DEBUG: Python code executed, output: Hello:^
2023-09-19 20:54:46,881 INFO: 127.0.0.1 - - [19/Sep/2023 20:54:46] "POST /runcode HTTP/1.1" 200 -
2023-09-19 21:00:24,239 DEBUG: Code execution started
2023-09-19 21:00:24,247 INFO: [31m[1mWARNING: This is a development server. Do not use it in a production deployment. Use a production WSGI server instead.[0m
 * Running on http://127.0.0.1:5000
2023-09-19 21:00:24,247 INFO: [33mPress CTRL+C to quit[0m
2023-09-19 21:00:51,457 INFO: 127.0.0.1 - - [19/Sep/2023 21:00:51] "GET / HTTP/1.1" 200 -
2023-09-19 21:00:51,600 INFO: 127.0.0.1 - - [19/Sep/2023 21:00:51] "[36mGET /static/js/script.js HTTP/1.1[0m" 304 -
2023-09-19 21:00:51,604 INFO: 127.0.0.1 - - [19/Sep/2023 21:00:51] "[36mGET /static/css/style.css HTTP/1.1[0m" 304 -
2023-09-19 21:01:01,205 DEBUG: Code file created at builds/js/code.js
2023-09-19 21:01:01,254 DEBUG: Code compiled with command: node builds/js/code.js -o builds/js/code
2023-09-19 21:01:01,255 INFO: 127.0.0.1 - - [19/Sep/2023 21:01:01] "POST /runcode HTTP/1.1" 200 -
2023-09-19 21:03:50,884 DEBUG: Code execution started
2023-09-19 21:03:50,893 INFO: [31m[1mWARNING: This is a development server. Do not use it in a production deployment. Use a production WSGI server instead.[0m
 * Running on http://127.0.0.1:5000
2023-09-19 21:03:50,894 INFO: [33mPress CTRL+C to quit[0m
2023-09-19 21:03:54,284 INFO: 127.0.0.1 - - [19/Sep/2023 21:03:54] "GET / HTTP/1.1" 200 -
2023-09-19 21:03:54,422 INFO: 127.0.0.1 - - [19/Sep/2023 21:03:54] "[36mGET /static/css/style.css HTTP/1.1[0m" 304 -
2023-09-19 21:03:54,425 INFO: 127.0.0.1 - - [19/Sep/2023 21:03:54] "[36mGET /static/js/script.js HTTP/1.1[0m" 304 -
2023-09-19 21:04:04,754 INFO: 127.0.0.1 - - [19/Sep/2023 21:04:04] "GET / HTTP/1.1" 200 -
2023-09-19 21:04:04,764 INFO: 127.0.0.1 - - [19/Sep/2023 21:04:04] "[36mGET /static/css/style.css HTTP/1.1[0m" 304 -
2023-09-19 21:04:04,767 INFO: 127.0.0.1 - - [19/Sep/2023 21:04:04] "[36mGET /static/js/script.js HTTP/1.1[0m" 304 -
2023-09-19 21:04:20,177 INFO: 127.0.0.1 - - [19/Sep/2023 21:04:20] "GET / HTTP/1.1" 200 -
2023-09-19 21:04:20,195 INFO: 127.0.0.1 - - [19/Sep/2023 21:04:20] "[36mGET /static/css/style.css HTTP/1.1[0m" 304 -
2023-09-19 21:04:20,201 INFO: 127.0.0.1 - - [19/Sep/2023 21:04:20] "[36mGET /static/js/script.js HTTP/1.1[0m" 304 -
2023-09-19 21:04:27,799 DEBUG: Code file created at builds/js/code.js
2023-09-19 21:04:27,855 DEBUG: Code compiled with command: node builds/js/code.js -o builds/js/code
2023-09-19 21:04:27,857 INFO: 127.0.0.1 - - [19/Sep/2023 21:04:27] "POST /runcode HTTP/1.1" 200 -
2023-09-19 21:09:50,027 DEBUG: Code execution started
2023-09-19 21:09:50,034 INFO: [31m[1mWARNING: This is a development server. Do not use it in a production deployment. Use a production WSGI server instead.[0m
 * Running on http://127.0.0.1:5000
2023-09-19 21:09:50,034 INFO: [33mPress CTRL+C to quit[0m
2023-09-19 21:09:52,940 INFO: 127.0.0.1 - - [19/Sep/2023 21:09:52] "GET / HTTP/1.1" 200 -
2023-09-19 21:09:53,078 INFO: 127.0.0.1 - - [19/Sep/2023 21:09:53] "[36mGET /static/css/style.css HTTP/1.1[0m" 304 -
2023-09-19 21:09:53,082 INFO: 127.0.0.1 - - [19/Sep/2023 21:09:53] "GET /static/js/script.js HTTP/1.1" 200 -
2023-09-19 21:10:00,028 DEBUG: Code file created at builds/js/code.js
2023-09-19 21:10:00,078 DEBUG: Code compiled with command: node builds/js/code.js -o builds/js/code
2023-09-19 21:10:00,079 INFO: 127.0.0.1 - - [19/Sep/2023 21:10:00] "POST /runcode HTTP/1.1" 200 -
2023-09-19 21:12:00,462 DEBUG: Code execution started
2023-09-19 21:12:00,478 INFO: [31m[1mWARNING: This is a development server. Do not use it in a production deployment. Use a production WSGI server instead.[0m
 * Running on http://127.0.0.1:5000
2023-09-19 21:12:00,478 INFO: [33mPress CTRL+C to quit[0m
2023-09-19 21:12:23,328 DEBUG: Code file created at builds/js/code.js
2023-09-19 21:12:23,379 DEBUG: Code compiled with command: node builds/js/code.js -o builds/js/code
2023-09-19 21:12:23,381 INFO: 127.0.0.1 - - [19/Sep/2023 21:12:23] "POST /runcode HTTP/1.1" 200 -
2023-09-19 21:12:29,065 INFO: 127.0.0.1 - - [19/Sep/2023 21:12:29] "GET / HTTP/1.1" 200 -
2023-09-19 21:12:29,081 INFO: 127.0.0.1 - - [19/Sep/2023 21:12:29] "[36mGET /static/css/style.css HTTP/1.1[0m" 304 -
2023-09-19 21:12:29,081 INFO: 127.0.0.1 - - [19/Sep/2023 21:12:29] "[36mGET /static/js/script.js HTTP/1.1[0m" 304 -
2023-09-19 21:12:37,606 DEBUG: Code file created at builds/js/code.js
2023-09-19 21:12:37,652 DEBUG: Code compiled with command: node builds/js/code.js -o builds/js/code
2023-09-19 21:12:37,654 INFO: 127.0.0.1 - - [19/Sep/2023 21:12:37] "POST /runcode HTTP/1.1" 200 -
2023-09-19 21:12:49,060 DEBUG: Code execution started
2023-09-19 21:12:49,076 INFO: [31m[1mWARNING: This is a development server. Do not use it in a production deployment. Use a production WSGI server instead.[0m
 * Running on http://127.0.0.1:5000
2023-09-19 21:12:49,077 INFO: [33mPress CTRL+C to quit[0m
2023-09-19 21:12:54,458 DEBUG: Code file created at builds/js/code.js
2023-09-19 21:12:54,508 DEBUG: Code compiled with command: node builds/js/code.js -o builds/js/code
2023-09-19 21:12:54,509 INFO: 127.0.0.1 - - [19/Sep/2023 21:12:54] "POST /runcode HTTP/1.1" 200 -
2023-09-19 21:13:22,210 INFO: 127.0.0.1 - - [19/Sep/2023 21:13:22] "[36mGET /static/css/style.css HTTP/1.1[0m" 304 -
2023-09-19 21:17:41,451 DEBUG: Code execution started
2023-09-19 21:17:41,467 INFO: [31m[1mWARNING: This is a development server. Do not use it in a production deployment. Use a production WSGI server instead.[0m
 * Running on http://127.0.0.1:5000
2023-09-19 21:17:41,467 INFO: [33mPress CTRL+C to quit[0m
2023-09-19 21:17:46,048 INFO: 127.0.0.1 - - [19/Sep/2023 21:17:46] "GET / HTTP/1.1" 200 -
2023-09-19 21:17:46,066 INFO: 127.0.0.1 - - [19/Sep/2023 21:17:46] "GET /static/css/style.css HTTP/1.1" 200 -
2023-09-19 21:17:46,068 INFO: 127.0.0.1 - - [19/Sep/2023 21:17:46] "[36mGET /static/js/script.js HTTP/1.1[0m" 304 -
2023-09-19 21:18:00,982 INFO: 127.0.0.1 - - [19/Sep/2023 21:18:00] "GET / HTTP/1.1" 200 -
2023-09-19 21:18:00,996 INFO: 127.0.0.1 - - [19/Sep/2023 21:18:00] "[36mGET /static/css/style.css HTTP/1.1[0m" 304 -
2023-09-19 21:18:00,996 INFO: 127.0.0.1 - - [19/Sep/2023 21:18:00] "[36mGET /static/js/script.js HTTP/1.1[0m" 304 -
2023-09-19 21:18:02,360 INFO: 127.0.0.1 - - [19/Sep/2023 21:18:02] "GET / HTTP/1.1" 200 -
2023-09-19 21:18:02,374 INFO: 127.0.0.1 - - [19/Sep/2023 21:18:02] "[36mGET /static/css/style.css HTTP/1.1[0m" 304 -
2023-09-19 21:18:02,375 INFO: 127.0.0.1 - - [19/Sep/2023 21:18:02] "[36mGET /static/js/script.js HTTP/1.1[0m" 304 -
2023-09-19 21:18:03,742 INFO: 127.0.0.1 - - [19/Sep/2023 21:18:03] "GET / HTTP/1.1" 200 -
2023-09-19 21:18:03,752 INFO: 127.0.0.1 - - [19/Sep/2023 21:18:03] "[36mGET /static/css/style.css HTTP/1.1[0m" 304 -
2023-09-19 21:18:03,755 INFO: 127.0.0.1 - - [19/Sep/2023 21:18:03] "[36mGET /static/js/script.js HTTP/1.1[0m" 304 -
2023-09-19 21:18:06,162 INFO: 127.0.0.1 - - [19/Sep/2023 21:18:06] "GET / HTTP/1.1" 200 -
2023-09-19 21:18:06,185 INFO: 127.0.0.1 - - [19/Sep/2023 21:18:06] "[36mGET /static/css/style.css HTTP/1.1[0m" 304 -
2023-09-19 21:18:06,187 INFO: 127.0.0.1 - - [19/Sep/2023 21:18:06] "[36mGET /static/js/script.js HTTP/1.1[0m" 304 -
2023-09-19 21:18:15,587 DEBUG: Code execution started
2023-09-19 21:18:15,602 INFO: [31m[1mWARNING: This is a development server. Do not use it in a production deployment. Use a production WSGI server instead.[0m
 * Running on http://127.0.0.1:5000
2023-09-19 21:18:15,603 INFO: [33mPress CTRL+C to quit[0m
2023-09-19 21:18:35,326 INFO: 127.0.0.1 - - [19/Sep/2023 21:18:35] "GET / HTTP/1.1" 200 -
2023-09-19 21:18:35,368 INFO: 127.0.0.1 - - [19/Sep/2023 21:18:35] "[36mGET /static/css/style.css HTTP/1.1[0m" 304 -
2023-09-19 21:18:35,372 INFO: 127.0.0.1 - - [19/Sep/2023 21:18:35] "[36mGET /static/js/script.js HTTP/1.1[0m" 304 -
2023-09-19 21:18:37,453 INFO: 127.0.0.1 - - [19/Sep/2023 21:18:37] "[36mGET /static/css/style.css HTTP/1.1[0m" 304 -
2023-09-19 21:18:50,390 DEBUG: Code file created at builds/js/code.js
2023-09-19 21:18:50,441 DEBUG: Code compiled with command: node builds/js/code.js -o builds/js/code
2023-09-19 21:18:50,443 INFO: 127.0.0.1 - - [19/Sep/2023 21:18:50] "POST /runcode HTTP/1.1" 200 -
2023-09-19 21:18:51,585 DEBUG: Code file created at builds/js/code.js
2023-09-19 21:18:51,631 DEBUG: Code compiled with command: node builds/js/code.js -o builds/js/code
2023-09-19 21:18:51,633 INFO: 127.0.0.1 - - [19/Sep/2023 21:18:51] "POST /runcode HTTP/1.1" 200 -
2023-09-19 21:18:51,986 DEBUG: Code file created at builds/js/code.js
2023-09-19 21:18:52,034 DEBUG: Code compiled with command: node builds/js/code.js -o builds/js/code
2023-09-19 21:18:52,035 INFO: 127.0.0.1 - - [19/Sep/2023 21:18:52] "POST /runcode HTTP/1.1" 200 -
2023-09-19 21:19:50,201 DEBUG: Code execution started
2023-09-19 21:19:50,218 INFO: [31m[1mWARNING: This is a development server. Do not use it in a production deployment. Use a production WSGI server instead.[0m
 * Running on http://127.0.0.1:5000
2023-09-19 21:19:50,218 INFO: [33mPress CTRL+C to quit[0m
2023-09-19 21:19:52,415 DEBUG: Code file created at builds/js/code.js
2023-09-19 21:19:52,463 DEBUG: Code compiled with command: node builds/js/code.js -o builds/js/code
2023-09-19 21:19:52,465 INFO: 127.0.0.1 - - [19/Sep/2023 21:19:52] "POST /runcode HTTP/1.1" 200 -
2023-09-19 21:19:57,063 DEBUG: Code file created at builds/js/code.js
2023-09-19 21:19:57,108 DEBUG: Code compiled with command: node builds/js/code.js -o builds/js/code
2023-09-19 21:19:57,109 INFO: 127.0.0.1 - - [19/Sep/2023 21:19:57] "POST /runcode HTTP/1.1" 200 -
2023-09-19 21:20:02,638 INFO: 127.0.0.1 - - [19/Sep/2023 21:20:02] "GET / HTTP/1.1" 200 -
2023-09-19 21:20:02,653 INFO: 127.0.0.1 - - [19/Sep/2023 21:20:02] "[36mGET /static/css/style.css HTTP/1.1[0m" 304 -
2023-09-19 21:20:02,655 INFO: 127.0.0.1 - - [19/Sep/2023 21:20:02] "[36mGET /static/js/script.js HTTP/1.1[0m" 304 -
2023-09-19 21:20:08,275 DEBUG: Code file created at builds/js/code.js
2023-09-19 21:20:08,332 DEBUG: Code compiled with command: node builds/js/code.js -o builds/js/code
2023-09-19 21:20:08,333 INFO: 127.0.0.1 - - [19/Sep/2023 21:20:08] "POST /runcode HTTP/1.1" 200 -
2023-09-19 21:20:40,018 DEBUG: Code execution started
2023-09-19 21:20:40,055 INFO: [31m[1mWARNING: This is a development server. Do not use it in a production deployment. Use a production WSGI server instead.[0m
 * Running on http://127.0.0.1:5000
2023-09-19 21:20:40,055 INFO: [33mPress CTRL+C to quit[0m
2023-09-19 21:20:40,060 INFO:  * Restarting with stat
2023-09-19 21:20:40,373 DEBUG: Code execution started
2023-09-19 21:20:40,379 WARNING:  * Debugger is active!
2023-09-19 21:20:40,525 INFO:  * Debugger PIN: 149-708-726
2023-09-19 21:20:43,667 INFO: 127.0.0.1 - - [19/Sep/2023 21:20:43] "GET / HTTP/1.1" 200 -
2023-09-19 21:20:43,683 INFO: 127.0.0.1 - - [19/Sep/2023 21:20:43] "[36mGET /static/css/style.css HTTP/1.1[0m" 304 -
2023-09-19 21:20:43,685 INFO: 127.0.0.1 - - [19/Sep/2023 21:20:43] "[36mGET /static/js/script.js HTTP/1.1[0m" 304 -
2023-09-19 21:20:48,775 DEBUG: Code file created at builds/js/code.js
2023-09-19 21:20:48,827 DEBUG: Code compiled with command: node builds/js/code.js -o builds/js/code
2023-09-19 21:20:48,830 INFO: 127.0.0.1 - - [19/Sep/2023 21:20:48] "POST /runcode HTTP/1.1" 200 -
2023-09-19 21:21:41,633 DEBUG: Code execution started
2023-09-19 21:21:41,649 INFO: [31m[1mWARNING: This is a development server. Do not use it in a production deployment. Use a production WSGI server instead.[0m
 * Running on http://127.0.0.1:5000
2023-09-19 21:21:41,649 INFO: [33mPress CTRL+C to quit[0m
2023-09-19 21:22:09,618 DEBUG: Code file created at builds/js/code.js
2023-09-19 21:22:09,665 DEBUG: Code compiled with command: node builds/js/code.js -o builds/js/code
2023-09-19 21:22:09,667 INFO: 127.0.0.1 - - [19/Sep/2023 21:22:09] "POST /runcode HTTP/1.1" 200 -
2023-09-19 21:24:04,341 INFO:  * Detected change in 'E:\\VSCodeProject\\OPC\\main.py', reloading
2023-09-19 21:24:04,383 INFO:  * Restarting with stat
2023-09-19 21:24:04,759 DEBUG: Code execution started
2023-09-19 21:24:04,767 WARNING:  * Debugger is active!
2023-09-19 21:24:04,774 INFO:  * Debugger PIN: 149-708-726
2023-09-19 21:24:14,895 INFO:  * Detected change in 'E:\\VSCodeProject\\OPC\\utils\\execute.py', reloading
2023-09-19 21:24:14,944 INFO:  * Restarting with stat
2023-09-19 21:24:15,300 DEBUG: Code execution started
2023-09-19 21:24:15,315 WARNING:  * Debugger is active!
2023-09-19 21:24:15,333 INFO:  * Debugger PIN: 149-708-726
2023-09-19 21:24:31,571 INFO:  * Detected change in 'E:\\VSCodeProject\\OPC\\main.py', reloading
2023-09-19 21:24:31,608 INFO:  * Restarting with stat
2023-09-19 21:24:31,951 DEBUG: Code execution started
2023-09-19 21:24:31,959 WARNING:  * Debugger is active!
2023-09-19 21:24:31,965 INFO:  * Debugger PIN: 149-708-726
2023-09-19 21:24:35,372 DEBUG: Code execution started
2023-09-19 21:24:35,389 INFO: [31m[1mWARNING: This is a development server. Do not use it in a production deployment. Use a production WSGI server instead.[0m
 * Running on http://127.0.0.1:5000
2023-09-19 21:24:35,389 INFO: [33mPress CTRL+C to quit[0m
2023-09-19 21:24:37,449 INFO: 127.0.0.1 - - [19/Sep/2023 21:24:37] "GET / HTTP/1.1" 200 -
2023-09-19 21:24:37,464 INFO: 127.0.0.1 - - [19/Sep/2023 21:24:37] "[36mGET /static/css/style.css HTTP/1.1[0m" 304 -
2023-09-19 21:24:37,468 INFO: 127.0.0.1 - - [19/Sep/2023 21:24:37] "[36mGET /static/js/script.js HTTP/1.1[0m" 304 -
2023-09-19 21:24:43,534 DEBUG: Python code executed, output: 23
2023-09-19 21:24:43,534 INFO: 127.0.0.1 - - [19/Sep/2023 21:24:43] "POST /runcode HTTP/1.1" 200 -
2023-09-19 21:25:04,161 DEBUG: Code file created at builds/cpp/code.cpp
2023-09-19 21:25:04,739 DEBUG: Code compiled with command: g++ builds/cpp/code.cpp -o builds/cpp/code
2023-09-19 21:25:04,805 DEBUG: Code executed, stdout: 23, stderr: None
2023-09-19 21:25:04,806 INFO: 127.0.0.1 - - [19/Sep/2023 21:25:04] "POST /runcode HTTP/1.1" 200 -
2023-09-19 21:25:07,895 DEBUG: Code file created at builds/cpp/code.cpp
2023-09-19 21:25:08,306 DEBUG: Code compiled with command: g++ builds/cpp/code.cpp -o builds/cpp/code
2023-09-19 21:25:08,358 DEBUG: Code executed, stdout: 2433, stderr: None
2023-09-19 21:25:08,358 INFO: 127.0.0.1 - - [19/Sep/2023 21:25:08] "POST /runcode HTTP/1.1" 200 -
2023-09-19 21:25:16,338 DEBUG: Code file created at builds/js/code.js
2023-09-19 21:25:16,387 DEBUG: Code compiled with command: node builds/js/code.js -o builds/js/code
2023-09-19 21:25:16,388 INFO: 127.0.0.1 - - [19/Sep/2023 21:25:16] "POST /runcode HTTP/1.1" 200 -
2023-09-19 21:26:16,841 INFO:  * Detected change in 'E:\\VSCodeProject\\OPC\\utils\\execute.py', reloading
2023-09-19 21:26:16,891 INFO:  * Restarting with stat
2023-09-19 21:26:17,318 DEBUG: Code execution started
2023-09-19 21:26:17,327 WARNING:  * Debugger is active!
2023-09-19 21:26:17,331 INFO:  * Debugger PIN: 149-708-726
2023-09-19 21:27:04,803 INFO:  * Detected change in 'E:\\VSCodeProject\\OPC\\utils\\execute.py', reloading
2023-09-19 21:27:04,844 INFO:  * Restarting with stat
2023-09-19 21:27:05,174 DEBUG: Code execution started
2023-09-19 21:27:05,185 WARNING:  * Debugger is active!
2023-09-19 21:27:05,190 INFO:  * Debugger PIN: 149-708-726
2023-09-19 21:27:46,531 INFO:  * Detected change in 'E:\\VSCodeProject\\OPC\\utils\\execute.py', reloading
2023-09-19 21:27:46,579 INFO:  * Restarting with stat
2023-09-19 21:27:46,986 DEBUG: Code execution started
2023-09-19 21:27:46,995 WARNING:  * Debugger is active!
2023-09-19 21:27:46,999 INFO:  * Debugger PIN: 149-708-726
2023-09-19 21:27:54,892 DEBUG: Code execution started
2023-09-19 21:27:54,909 INFO: [31m[1mWARNING: This is a development server. Do not use it in a production deployment. Use a production WSGI server instead.[0m
 * Running on http://127.0.0.1:5000
2023-09-19 21:27:54,909 INFO: [33mPress CTRL+C to quit[0m
2023-09-19 21:27:56,780 INFO: 127.0.0.1 - - [19/Sep/2023 21:27:56] "GET / HTTP/1.1" 200 -
2023-09-19 21:27:56,798 INFO: 127.0.0.1 - - [19/Sep/2023 21:27:56] "[36mGET /static/css/style.css HTTP/1.1[0m" 304 -
2023-09-19 21:27:56,801 INFO: 127.0.0.1 - - [19/Sep/2023 21:27:56] "[36mGET /static/js/script.js HTTP/1.1[0m" 304 -
2023-09-19 21:28:01,856 INFO: 127.0.0.1 - - [19/Sep/2023 21:28:01] "GET / HTTP/1.1" 200 -
2023-09-19 21:28:01,867 INFO: 127.0.0.1 - - [19/Sep/2023 21:28:01] "[36mGET /static/css/style.css HTTP/1.1[0m" 304 -
2023-09-19 21:28:01,870 INFO: 127.0.0.1 - - [19/Sep/2023 21:28:01] "[36mGET /static/js/script.js HTTP/1.1[0m" 304 -
2023-09-19 21:28:38,642 DEBUG: Python code executed, output: 2
2023-09-19 21:28:38,642 INFO: 127.0.0.1 - - [19/Sep/2023 21:28:38] "POST /runcode HTTP/1.1" 200 -
2023-09-19 21:28:57,236 DEBUG: Code file created at builds/cpp/code.cpp
2023-09-19 21:28:57,646 DEBUG: Code compiled with command: g++ builds/cpp/code.cpp -o builds/cpp/code
2023-09-19 21:28:57,702 DEBUG: Code executed, stdout: 2, stderr: None
2023-09-19 21:28:57,703 INFO: 127.0.0.1 - - [19/Sep/2023 21:28:57] "POST /runcode HTTP/1.1" 200 -
2023-09-19 21:28:59,503 DEBUG: Code file created at builds/cpp/code.cpp
2023-09-19 21:28:59,913 DEBUG: Code compiled with command: g++ builds/cpp/code.cpp -o builds/cpp/code
2023-09-19 21:28:59,967 DEBUG: Code executed, stdout: 4, stderr: None
2023-09-19 21:28:59,968 INFO: 127.0.0.1 - - [19/Sep/2023 21:28:59] "POST /runcode HTTP/1.1" 200 -
2023-09-19 21:31:13,772 DEBUG: Code execution started
2023-09-19 21:31:13,795 INFO: [31m[1mWARNING: This is a development server. Do not use it in a production deployment. Use a production WSGI server instead.[0m
 * Running on http://127.0.0.1:5000
2023-09-19 21:31:13,795 INFO: [33mPress CTRL+C to quit[0m
2023-09-19 21:31:18,674 INFO: 127.0.0.1 - - [19/Sep/2023 21:31:18] "GET / HTTP/1.1" 200 -
2023-09-19 21:31:18,696 INFO: 127.0.0.1 - - [19/Sep/2023 21:31:18] "[36mGET /static/css/style.css HTTP/1.1[0m" 304 -
2023-09-19 21:31:18,697 INFO: 127.0.0.1 - - [19/Sep/2023 21:31:18] "[36mGET /static/js/script.js HTTP/1.1[0m" 304 -
2023-09-19 21:32:21,666 INFO: 127.0.0.1 - - [19/Sep/2023 21:32:21] "GET / HTTP/1.1" 200 -
2023-09-19 21:32:21,687 INFO: 127.0.0.1 - - [19/Sep/2023 21:32:21] "[36mGET /static/css/style.css HTTP/1.1[0m" 304 -
2023-09-19 21:32:21,694 INFO: 127.0.0.1 - - [19/Sep/2023 21:32:21] "[36mGET /static/js/script.js HTTP/1.1[0m" 304 -
2023-09-19 21:32:32,590 INFO: 127.0.0.1 - - [19/Sep/2023 21:32:32] "GET / HTTP/1.1" 200 -
2023-09-19 21:32:32,598 INFO: 127.0.0.1 - - [19/Sep/2023 21:32:32] "GET /static/css/style.css HTTP/1.1" 200 -
2023-09-19 21:32:32,600 INFO: 127.0.0.1 - - [19/Sep/2023 21:32:32] "GET /static/js/script.js HTTP/1.1" 200 -
2023-09-19 21:32:32,788 INFO: 127.0.0.1 - - [19/Sep/2023 21:32:32] "[33mGET /favicon.ico HTTP/1.1[0m" 404 -
2023-09-19 21:32:56,701 INFO: 127.0.0.1 - - [19/Sep/2023 21:32:56] "GET / HTTP/1.1" 200 -
2023-09-19 21:32:56,715 INFO: 127.0.0.1 - - [19/Sep/2023 21:32:56] "[36mGET /static/css/style.css HTTP/1.1[0m" 304 -
2023-09-19 21:32:56,718 INFO: 127.0.0.1 - - [19/Sep/2023 21:32:56] "[36mGET /static/js/script.js HTTP/1.1[0m" 304 -
2023-09-19 21:33:11,241 DEBUG: Code execution started
2023-09-19 21:33:11,259 INFO: [31m[1mWARNING: This is a development server. Do not use it in a production deployment. Use a production WSGI server instead.[0m
 * Running on http://127.0.0.1:5000
2023-09-19 21:33:11,259 INFO: [33mPress CTRL+C to quit[0m
2023-09-19 21:33:12,188 INFO: 127.0.0.1 - - [19/Sep/2023 21:33:12] "GET / HTTP/1.1" 200 -
2023-09-19 21:33:12,200 INFO: 127.0.0.1 - - [19/Sep/2023 21:33:12] "[36mGET /static/css/style.css HTTP/1.1[0m" 304 -
2023-09-19 21:33:12,204 INFO: 127.0.0.1 - - [19/Sep/2023 21:33:12] "[36mGET /static/js/script.js HTTP/1.1[0m" 304 -
2023-09-19 21:33:12,987 INFO: 127.0.0.1 - - [19/Sep/2023 21:33:12] "GET / HTTP/1.1" 200 -
2023-09-19 21:33:13,002 INFO: 127.0.0.1 - - [19/Sep/2023 21:33:13] "[36mGET /static/css/style.css HTTP/1.1[0m" 304 -
2023-09-19 21:33:13,005 INFO: 127.0.0.1 - - [19/Sep/2023 21:33:13] "[36mGET /static/js/script.js HTTP/1.1[0m" 304 -
2023-09-19 21:33:13,613 INFO: 127.0.0.1 - - [19/Sep/2023 21:33:13] "GET / HTTP/1.1" 200 -
2023-09-19 21:33:13,624 INFO: 127.0.0.1 - - [19/Sep/2023 21:33:13] "[36mGET /static/css/style.css HTTP/1.1[0m" 304 -
2023-09-19 21:33:13,627 INFO: 127.0.0.1 - - [19/Sep/2023 21:33:13] "[36mGET /static/js/script.js HTTP/1.1[0m" 304 -
2023-09-19 21:33:14,160 INFO: 127.0.0.1 - - [19/Sep/2023 21:33:14] "GET / HTTP/1.1" 200 -
2023-09-19 21:33:14,170 INFO: 127.0.0.1 - - [19/Sep/2023 21:33:14] "[36mGET /static/css/style.css HTTP/1.1[0m" 304 -
2023-09-19 21:33:14,171 INFO: 127.0.0.1 - - [19/Sep/2023 21:33:14] "[36mGET /static/js/script.js HTTP/1.1[0m" 304 -
2023-09-19 21:33:56,707 INFO: 127.0.0.1 - - [19/Sep/2023 21:33:56] "GET / HTTP/1.1" 200 -
2023-09-19 21:33:56,727 INFO: 127.0.0.1 - - [19/Sep/2023 21:33:56] "[36mGET /static/css/style.css HTTP/1.1[0m" 304 -
2023-09-19 21:33:56,729 INFO: 127.0.0.1 - - [19/Sep/2023 21:33:56] "[36mGET /static/js/script.js HTTP/1.1[0m" 304 -
2023-09-19 21:34:20,836 DEBUG: Code file created at builds/c/code.c
2023-09-19 21:34:21,047 DEBUG: Code compiled with command: gcc builds/c/code.c -o builds/c/code
2023-09-19 21:34:21,092 DEBUG: Code executed, stdout: Hello, World!, stderr: None
2023-09-19 21:34:21,093 INFO: 127.0.0.1 - - [19/Sep/2023 21:34:21] "POST /runcode HTTP/1.1" 200 -
2023-09-19 21:34:27,648 DEBUG: Code file created at builds/js/code.js
2023-09-19 21:34:27,699 DEBUG: Code compiled with command: node builds/js/code.js -o builds/js/code
2023-09-19 21:34:27,700 INFO: 127.0.0.1 - - [19/Sep/2023 21:34:27] "POST /runcode HTTP/1.1" 200 -
2023-09-19 21:35:11,595 INFO:  * Detected change in 'E:\\VSCodeProject\\OPC\\utils\\execute.py', reloading
2023-09-19 21:35:11,650 INFO:  * Restarting with stat
2023-09-19 21:35:12,004 DEBUG: Code execution started
2023-09-19 21:35:12,016 WARNING:  * Debugger is active!
2023-09-19 21:35:12,021 INFO:  * Debugger PIN: 149-708-726
2023-09-19 21:35:12,385 DEBUG: Code execution started
2023-09-19 21:35:12,408 INFO: [31m[1mWARNING: This is a development server. Do not use it in a production deployment. Use a production WSGI server instead.[0m
 * Running on http://127.0.0.1:5000
2023-09-19 21:35:12,408 INFO: [33mPress CTRL+C to quit[0m
2023-09-19 21:35:15,399 INFO: 127.0.0.1 - - [19/Sep/2023 21:35:15] "GET / HTTP/1.1" 200 -
2023-09-19 21:35:15,417 INFO: 127.0.0.1 - - [19/Sep/2023 21:35:15] "[36mGET /static/css/style.css HTTP/1.1[0m" 304 -
2023-09-19 21:35:15,419 INFO: 127.0.0.1 - - [19/Sep/2023 21:35:15] "[36mGET /static/js/script.js HTTP/1.1[0m" 304 -
2023-09-19 21:35:24,222 DEBUG: Code file created at builds/js/code.js
2023-09-19 21:35:24,274 DEBUG: Code compiled with command: node builds/js/code.js -o builds/js/code
2023-09-19 21:35:24,275 INFO: 127.0.0.1 - - [19/Sep/2023 21:35:24] "POST /runcode HTTP/1.1" 200 -
2023-09-19 21:35:39,208 DEBUG: Code file created at builds/js/code.js
2023-09-19 21:35:39,281 DEBUG: Code compiled with command: node builds/js/code.js -o builds/js/code
2023-09-19 21:35:39,285 INFO: 127.0.0.1 - - [19/Sep/2023 21:35:39] "POST /runcode HTTP/1.1" 200 -
2023-09-19 21:35:41,428 DEBUG: Code file created at builds/js/code.js
2023-09-19 21:35:41,499 DEBUG: Code compiled with command: node builds/js/code.js -o builds/js/code
2023-09-19 21:35:41,501 INFO: 127.0.0.1 - - [19/Sep/2023 21:35:41] "POST /runcode HTTP/1.1" 200 -
2023-09-19 21:35:41,743 DEBUG: Code file created at builds/js/code.js
2023-09-19 21:35:41,803 DEBUG: Code compiled with command: node builds/js/code.js -o builds/js/code
2023-09-19 21:35:41,805 INFO: 127.0.0.1 - - [19/Sep/2023 21:35:41] "POST /runcode HTTP/1.1" 200 -
2023-09-19 21:35:43,633 INFO: 127.0.0.1 - - [19/Sep/2023 21:35:43] "POST /runcode HTTP/1.1" 200 -
2023-09-19 21:36:03,272 DEBUG: Code execution started
2023-09-19 21:36:03,292 INFO: [31m[1mWARNING: This is a development server. Do not use it in a production deployment. Use a production WSGI server instead.[0m
 * Running on http://127.0.0.1:5000
2023-09-19 21:36:03,292 INFO: [33mPress CTRL+C to quit[0m
2023-09-19 21:36:07,197 INFO: 127.0.0.1 - - [19/Sep/2023 21:36:07] "GET / HTTP/1.1" 200 -
2023-09-19 21:36:07,346 INFO: 127.0.0.1 - - [19/Sep/2023 21:36:07] "GET /static/js/script.js?v=2 HTTP/1.1" 200 -
2023-09-19 21:36:07,349 INFO: 127.0.0.1 - - [19/Sep/2023 21:36:07] "GET /static/css/style.css?v=2 HTTP/1.1" 200 -
2023-09-19 21:36:19,427 INFO: 127.0.0.1 - - [19/Sep/2023 21:36:19] "[36mGET /static/css/style.css?v=2 HTTP/1.1[0m" 304 -
2023-09-19 21:38:03,837 INFO: 127.0.0.1 - - [19/Sep/2023 21:38:03] "GET / HTTP/1.1" 200 -
2023-09-19 21:38:03,860 INFO: 127.0.0.1 - - [19/Sep/2023 21:38:03] "[36mGET /static/js/script.js?v=2 HTTP/1.1[0m" 304 -
2023-09-19 21:38:03,861 INFO: 127.0.0.1 - - [19/Sep/2023 21:38:03] "GET /static/css/style.css?v=2 HTTP/1.1" 200 -
2023-09-19 21:38:28,981 INFO: 127.0.0.1 - - [19/Sep/2023 21:38:28] "GET / HTTP/1.1" 200 -
2023-09-19 21:38:28,996 INFO: 127.0.0.1 - - [19/Sep/2023 21:38:28] "GET /static/css/style.css?v=2 HTTP/1.1" 200 -
2023-09-19 21:38:28,998 INFO: 127.0.0.1 - - [19/Sep/2023 21:38:28] "[36mGET /static/js/script.js?v=2 HTTP/1.1[0m" 304 -
2023-09-19 21:38:44,704 INFO: 127.0.0.1 - - [19/Sep/2023 21:38:44] "GET / HTTP/1.1" 200 -
2023-09-19 21:38:44,718 INFO: 127.0.0.1 - - [19/Sep/2023 21:38:44] "GET /static/css/style.css?v=2 HTTP/1.1" 200 -
2023-09-19 21:38:44,720 INFO: 127.0.0.1 - - [19/Sep/2023 21:38:44] "[36mGET /static/js/script.js?v=2 HTTP/1.1[0m" 304 -
2023-09-19 21:38:55,607 INFO: 127.0.0.1 - - [19/Sep/2023 21:38:55] "GET / HTTP/1.1" 200 -
2023-09-19 21:38:55,622 INFO: 127.0.0.1 - - [19/Sep/2023 21:38:55] "GET /static/css/style.css?v=2 HTTP/1.1" 200 -
2023-09-19 21:38:55,624 INFO: 127.0.0.1 - - [19/Sep/2023 21:38:55] "[36mGET /static/js/script.js?v=2 HTTP/1.1[0m" 304 -
2023-09-19 21:39:04,299 INFO: 127.0.0.1 - - [19/Sep/2023 21:39:04] "GET / HTTP/1.1" 200 -
2023-09-19 21:39:04,320 INFO: 127.0.0.1 - - [19/Sep/2023 21:39:04] "GET /static/css/style.css?v=2 HTTP/1.1" 200 -
2023-09-19 21:39:04,322 INFO: 127.0.0.1 - - [19/Sep/2023 21:39:04] "[36mGET /static/js/script.js?v=2 HTTP/1.1[0m" 304 -
2023-09-19 21:39:14,516 INFO: 127.0.0.1 - - [19/Sep/2023 21:39:14] "GET / HTTP/1.1" 200 -
2023-09-19 21:39:14,529 INFO: 127.0.0.1 - - [19/Sep/2023 21:39:14] "GET /static/css/style.css?v=2 HTTP/1.1" 200 -
2023-09-19 21:39:14,534 INFO: 127.0.0.1 - - [19/Sep/2023 21:39:14] "[36mGET /static/js/script.js?v=2 HTTP/1.1[0m" 304 -
2023-09-19 21:39:55,666 INFO: 127.0.0.1 - - [19/Sep/2023 21:39:55] "GET / HTTP/1.1" 200 -
2023-09-19 21:39:55,680 INFO: 127.0.0.1 - - [19/Sep/2023 21:39:55] "GET /static/css/style.css?v=2 HTTP/1.1" 200 -
2023-09-19 21:39:55,684 INFO: 127.0.0.1 - - [19/Sep/2023 21:39:55] "[36mGET /static/js/script.js?v=2 HTTP/1.1[0m" 304 -
2023-09-19 21:40:02,631 INFO: 127.0.0.1 - - [19/Sep/2023 21:40:02] "GET / HTTP/1.1" 200 -
2023-09-19 21:40:02,648 INFO: 127.0.0.1 - - [19/Sep/2023 21:40:02] "GET /static/css/style.css?v=2 HTTP/1.1" 200 -
2023-09-19 21:40:02,650 INFO: 127.0.0.1 - - [19/Sep/2023 21:40:02] "[36mGET /static/js/script.js?v=2 HTTP/1.1[0m" 304 -
2023-09-19 21:40:20,406 INFO: 127.0.0.1 - - [19/Sep/2023 21:40:20] "GET / HTTP/1.1" 200 -
2023-09-19 21:40:20,428 INFO: 127.0.0.1 - - [19/Sep/2023 21:40:20] "GET /static/css/style.css?v=2 HTTP/1.1" 200 -
2023-09-19 21:40:20,429 INFO: 127.0.0.1 - - [19/Sep/2023 21:40:20] "[36mGET /static/js/script.js?v=2 HTTP/1.1[0m" 304 -
2023-09-19 21:40:28,254 INFO: 127.0.0.1 - - [19/Sep/2023 21:40:28] "GET / HTTP/1.1" 200 -
2023-09-19 21:40:28,267 INFO: 127.0.0.1 - - [19/Sep/2023 21:40:28] "GET /static/css/style.css?v=2 HTTP/1.1" 200 -
2023-09-19 21:40:28,270 INFO: 127.0.0.1 - - [19/Sep/2023 21:40:28] "[36mGET /static/js/script.js?v=2 HTTP/1.1[0m" 304 -
2023-09-19 21:40:32,489 INFO: 127.0.0.1 - - [19/Sep/2023 21:40:32] "GET / HTTP/1.1" 200 -
2023-09-19 21:40:32,503 INFO: 127.0.0.1 - - [19/Sep/2023 21:40:32] "GET /static/css/style.css?v=2 HTTP/1.1" 200 -
2023-09-19 21:40:32,505 INFO: 127.0.0.1 - - [19/Sep/2023 21:40:32] "[36mGET /static/js/script.js?v=2 HTTP/1.1[0m" 304 -
2023-09-19 21:40:49,252 INFO: 127.0.0.1 - - [19/Sep/2023 21:40:49] "GET / HTTP/1.1" 200 -
2023-09-19 21:40:49,267 INFO: 127.0.0.1 - - [19/Sep/2023 21:40:49] "GET /static/css/style.css?v=2 HTTP/1.1" 200 -
2023-09-19 21:40:49,273 INFO: 127.0.0.1 - - [19/Sep/2023 21:40:49] "[36mGET /static/js/script.js?v=2 HTTP/1.1[0m" 304 -
2023-09-19 21:41:10,111 INFO: 127.0.0.1 - - [19/Sep/2023 21:41:10] "GET / HTTP/1.1" 200 -
2023-09-19 21:41:10,125 INFO: 127.0.0.1 - - [19/Sep/2023 21:41:10] "GET /static/css/style.css?v=2 HTTP/1.1" 200 -
2023-09-19 21:41:10,127 INFO: 127.0.0.1 - - [19/Sep/2023 21:41:10] "[36mGET /static/js/script.js?v=2 HTTP/1.1[0m" 304 -
2023-09-19 21:41:33,165 INFO: 127.0.0.1 - - [19/Sep/2023 21:41:33] "GET / HTTP/1.1" 200 -
2023-09-19 21:41:33,185 INFO: 127.0.0.1 - - [19/Sep/2023 21:41:33] "GET /static/css/style.css?v=2 HTTP/1.1" 200 -
2023-09-19 21:41:33,187 INFO: 127.0.0.1 - - [19/Sep/2023 21:41:33] "[36mGET /static/js/script.js?v=2 HTTP/1.1[0m" 304 -
2023-09-19 21:42:07,237 INFO: 127.0.0.1 - - [19/Sep/2023 21:42:07] "GET / HTTP/1.1" 200 -
2023-09-19 21:42:07,254 INFO: 127.0.0.1 - - [19/Sep/2023 21:42:07] "GET /static/css/style.css?v=2 HTTP/1.1" 200 -
2023-09-19 21:42:07,259 INFO: 127.0.0.1 - - [19/Sep/2023 21:42:07] "[36mGET /static/js/script.js?v=2 HTTP/1.1[0m" 304 -
2023-09-19 21:42:16,949 INFO: 127.0.0.1 - - [19/Sep/2023 21:42:16] "GET / HTTP/1.1" 200 -
2023-09-19 21:42:16,963 INFO: 127.0.0.1 - - [19/Sep/2023 21:42:16] "GET /static/css/style.css?v=2 HTTP/1.1" 200 -
2023-09-19 21:42:16,967 INFO: 127.0.0.1 - - [19/Sep/2023 21:42:16] "[36mGET /static/js/script.js?v=2 HTTP/1.1[0m" 304 -
2023-09-19 21:42:24,456 INFO: 127.0.0.1 - - [19/Sep/2023 21:42:24] "GET / HTTP/1.1" 200 -
2023-09-19 21:42:24,469 INFO: 127.0.0.1 - - [19/Sep/2023 21:42:24] "GET /static/css/style.css?v=2 HTTP/1.1" 200 -
2023-09-19 21:42:24,474 INFO: 127.0.0.1 - - [19/Sep/2023 21:42:24] "[36mGET /static/js/script.js?v=2 HTTP/1.1[0m" 304 -
2023-09-19 21:42:36,951 INFO: 127.0.0.1 - - [19/Sep/2023 21:42:36] "GET / HTTP/1.1" 200 -
2023-09-19 21:42:36,972 INFO: 127.0.0.1 - - [19/Sep/2023 21:42:36] "GET /static/css/style.css?v=2 HTTP/1.1" 200 -
2023-09-19 21:42:36,974 INFO: 127.0.0.1 - - [19/Sep/2023 21:42:36] "[36mGET /static/js/script.js?v=2 HTTP/1.1[0m" 304 -
2023-09-19 21:42:58,123 INFO: 127.0.0.1 - - [19/Sep/2023 21:42:58] "GET / HTTP/1.1" 200 -
2023-09-19 21:42:58,137 INFO: 127.0.0.1 - - [19/Sep/2023 21:42:58] "GET /static/css/style.css?v=2 HTTP/1.1" 200 -
2023-09-19 21:42:58,142 INFO: 127.0.0.1 - - [19/Sep/2023 21:42:58] "[36mGET /static/js/script.js?v=2 HTTP/1.1[0m" 304 -
2023-09-19 21:43:45,929 INFO: 127.0.0.1 - - [19/Sep/2023 21:43:45] "GET / HTTP/1.1" 200 -
2023-09-19 21:43:45,953 INFO: 127.0.0.1 - - [19/Sep/2023 21:43:45] "GET /static/css/style.css?v=2 HTTP/1.1" 200 -
2023-09-19 21:43:45,955 INFO: 127.0.0.1 - - [19/Sep/2023 21:43:45] "[36mGET /static/js/script.js?v=2 HTTP/1.1[0m" 304 -
2023-09-19 21:44:21,728 INFO: 127.0.0.1 - - [19/Sep/2023 21:44:21] "GET / HTTP/1.1" 200 -
2023-09-19 21:44:21,744 INFO: 127.0.0.1 - - [19/Sep/2023 21:44:21] "GET /static/css/style.css?v=2 HTTP/1.1" 200 -
2023-09-19 21:44:21,748 INFO: 127.0.0.1 - - [19/Sep/2023 21:44:21] "[36mGET /static/js/script.js?v=2 HTTP/1.1[0m" 304 -
2023-09-19 21:44:35,535 INFO: 127.0.0.1 - - [19/Sep/2023 21:44:35] "GET / HTTP/1.1" 200 -
2023-09-19 21:44:35,548 INFO: 127.0.0.1 - - [19/Sep/2023 21:44:35] "GET /static/css/style.css?v=2 HTTP/1.1" 200 -
2023-09-19 21:44:35,553 INFO: 127.0.0.1 - - [19/Sep/2023 21:44:35] "[36mGET /static/js/script.js?v=2 HTTP/1.1[0m" 304 -
2023-09-19 21:44:38,241 INFO: 127.0.0.1 - - [19/Sep/2023 21:44:38] "GET / HTTP/1.1" 200 -
2023-09-19 21:44:38,256 INFO: 127.0.0.1 - - [19/Sep/2023 21:44:38] "GET /static/css/style.css?v=2 HTTP/1.1" 200 -
2023-09-19 21:44:38,259 INFO: 127.0.0.1 - - [19/Sep/2023 21:44:38] "[36mGET /static/js/script.js?v=2 HTTP/1.1[0m" 304 -
2023-09-19 21:44:45,980 INFO: 127.0.0.1 - - [19/Sep/2023 21:44:45] "GET / HTTP/1.1" 200 -
2023-09-19 21:44:46,000 INFO: 127.0.0.1 - - [19/Sep/2023 21:44:46] "GET /static/css/style.css?v=2 HTTP/1.1" 200 -
2023-09-19 21:44:46,002 INFO: 127.0.0.1 - - [19/Sep/2023 21:44:46] "[36mGET /static/js/script.js?v=2 HTTP/1.1[0m" 304 -
2023-09-19 21:45:08,227 INFO: 127.0.0.1 - - [19/Sep/2023 21:45:08] "GET / HTTP/1.1" 200 -
2023-09-19 21:45:08,239 INFO: 127.0.0.1 - - [19/Sep/2023 21:45:08] "GET /static/css/style.css?v=2 HTTP/1.1" 200 -
2023-09-19 21:45:08,242 INFO: 127.0.0.1 - - [19/Sep/2023 21:45:08] "[36mGET /static/js/script.js?v=2 HTTP/1.1[0m" 304 -
2023-09-19 21:45:43,416 INFO: 127.0.0.1 - - [19/Sep/2023 21:45:43] "GET / HTTP/1.1" 200 -
2023-09-19 21:45:43,431 INFO: 127.0.0.1 - - [19/Sep/2023 21:45:43] "GET /static/css/style.css?v=2 HTTP/1.1" 200 -
2023-09-19 21:45:43,434 INFO: 127.0.0.1 - - [19/Sep/2023 21:45:43] "[36mGET /static/js/script.js?v=2 HTTP/1.1[0m" 304 -
2023-09-19 21:45:51,538 INFO: 127.0.0.1 - - [19/Sep/2023 21:45:51] "GET / HTTP/1.1" 200 -
2023-09-19 21:45:51,559 INFO: 127.0.0.1 - - [19/Sep/2023 21:45:51] "GET /static/css/style.css?v=2 HTTP/1.1" 200 -
2023-09-19 21:45:51,560 INFO: 127.0.0.1 - - [19/Sep/2023 21:45:51] "[36mGET /static/js/script.js?v=2 HTTP/1.1[0m" 304 -
2023-09-19 21:46:11,697 INFO: 127.0.0.1 - - [19/Sep/2023 21:46:11] "GET / HTTP/1.1" 200 -
2023-09-19 21:46:11,711 INFO: 127.0.0.1 - - [19/Sep/2023 21:46:11] "GET /static/css/style.css?v=2 HTTP/1.1" 200 -
2023-09-19 21:46:11,714 INFO: 127.0.0.1 - - [19/Sep/2023 21:46:11] "[36mGET /static/js/script.js?v=2 HTTP/1.1[0m" 304 -
2023-09-19 21:46:14,545 INFO: 127.0.0.1 - - [19/Sep/2023 21:46:14] "GET / HTTP/1.1" 200 -
2023-09-19 21:46:14,559 INFO: 127.0.0.1 - - [19/Sep/2023 21:46:14] "[36mGET /static/css/style.css?v=2 HTTP/1.1[0m" 304 -
2023-09-19 21:46:14,565 INFO: 127.0.0.1 - - [19/Sep/2023 21:46:14] "[36mGET /static/js/script.js?v=2 HTTP/1.1[0m" 304 -
2023-09-19 21:46:57,629 INFO: 127.0.0.1 - - [19/Sep/2023 21:46:57] "GET / HTTP/1.1" 200 -
2023-09-19 21:46:57,649 INFO: 127.0.0.1 - - [19/Sep/2023 21:46:57] "GET /static/css/style.css?v=2 HTTP/1.1" 200 -
2023-09-19 21:46:57,651 INFO: 127.0.0.1 - - [19/Sep/2023 21:46:57] "[36mGET /static/js/script.js?v=2 HTTP/1.1[0m" 304 -
2023-09-19 21:47:51,951 INFO: 127.0.0.1 - - [19/Sep/2023 21:47:51] "GET / HTTP/1.1" 200 -
2023-09-19 21:47:51,968 INFO: 127.0.0.1 - - [19/Sep/2023 21:47:51] "GET /static/css/style.css?v=2 HTTP/1.1" 200 -
2023-09-19 21:47:51,973 INFO: 127.0.0.1 - - [19/Sep/2023 21:47:51] "[36mGET /static/js/script.js?v=2 HTTP/1.1[0m" 304 -
2023-09-19 21:48:03,730 INFO: 127.0.0.1 - - [19/Sep/2023 21:48:03] "GET / HTTP/1.1" 200 -
2023-09-19 21:48:03,751 INFO: 127.0.0.1 - - [19/Sep/2023 21:48:03] "GET /static/css/style.css?v=2 HTTP/1.1" 200 -
2023-09-19 21:48:03,752 INFO: 127.0.0.1 - - [19/Sep/2023 21:48:03] "[36mGET /static/js/script.js?v=2 HTTP/1.1[0m" 304 -
2023-09-19 21:48:43,012 INFO: 127.0.0.1 - - [19/Sep/2023 21:48:43] "GET / HTTP/1.1" 200 -
2023-09-19 21:48:43,028 INFO: 127.0.0.1 - - [19/Sep/2023 21:48:43] "GET /static/css/style.css?v=2 HTTP/1.1" 200 -
2023-09-19 21:48:43,034 INFO: 127.0.0.1 - - [19/Sep/2023 21:48:43] "[36mGET /static/js/script.js?v=2 HTTP/1.1[0m" 304 -
2023-09-19 21:49:25,463 INFO: 127.0.0.1 - - [19/Sep/2023 21:49:25] "GET / HTTP/1.1" 200 -
2023-09-19 21:49:25,485 INFO: 127.0.0.1 - - [19/Sep/2023 21:49:25] "[36mGET /static/css/style.css?v=2 HTTP/1.1[0m" 304 -
2023-09-19 21:49:25,487 INFO: 127.0.0.1 - - [19/Sep/2023 21:49:25] "[36mGET /static/js/script.js?v=2 HTTP/1.1[0m" 304 -
2023-09-19 21:50:50,418 INFO: 127.0.0.1 - - [19/Sep/2023 21:50:50] "GET / HTTP/1.1" 200 -
2023-09-19 21:50:50,436 INFO: 127.0.0.1 - - [19/Sep/2023 21:50:50] "GET /static/css/style.css?v=2 HTTP/1.1" 200 -
2023-09-19 21:50:50,444 INFO: 127.0.0.1 - - [19/Sep/2023 21:50:50] "[36mGET /static/js/script.js?v=2 HTTP/1.1[0m" 304 -
2023-09-19 21:50:56,197 DEBUG: Code execution started
2023-09-19 21:50:56,216 INFO: [31m[1mWARNING: This is a development server. Do not use it in a production deployment. Use a production WSGI server instead.[0m
 * Running on http://127.0.0.1:5000
2023-09-19 21:50:56,216 INFO: [33mPress CTRL+C to quit[0m
2023-09-19 21:50:57,991 INFO: 127.0.0.1 - - [19/Sep/2023 21:50:57] "GET / HTTP/1.1" 200 -
2023-09-19 21:50:58,176 INFO: 127.0.0.1 - - [19/Sep/2023 21:50:58] "[36mGET /static/css/style.css?v=2 HTTP/1.1[0m" 304 -
2023-09-19 21:50:58,184 INFO: 127.0.0.1 - - [19/Sep/2023 21:50:58] "[36mGET /static/js/script.js?v=2 HTTP/1.1[0m" 304 -
2023-09-19 21:53:20,165 DEBUG: Code execution started
2023-09-19 21:53:20,184 INFO: [31m[1mWARNING: This is a development server. Do not use it in a production deployment. Use a production WSGI server instead.[0m
 * Running on http://127.0.0.1:5000
2023-09-19 21:53:20,184 INFO: [33mPress CTRL+C to quit[0m
2023-09-19 21:53:24,614 INFO: 127.0.0.1 - - [19/Sep/2023 21:53:24] "GET / HTTP/1.1" 200 -
2023-09-19 21:53:24,796 INFO: 127.0.0.1 - - [19/Sep/2023 21:53:24] "[36mGET /static/js/script.js?v=2 HTTP/1.1[0m" 304 -
2023-09-19 21:53:24,801 INFO: 127.0.0.1 - - [19/Sep/2023 21:53:24] "GET /static/css/style.css?v=2 HTTP/1.1" 200 -
2023-09-19 21:53:33,632 INFO: 127.0.0.1 - - [19/Sep/2023 21:53:33] "GET / HTTP/1.1" 200 -
2023-09-19 21:53:33,647 INFO: 127.0.0.1 - - [19/Sep/2023 21:53:33] "[36mGET /static/css/style.css?v=2 HTTP/1.1[0m" 304 -
2023-09-19 21:53:33,649 INFO: 127.0.0.1 - - [19/Sep/2023 21:53:33] "[36mGET /static/js/script.js?v=2 HTTP/1.1[0m" 304 -
2023-09-19 21:54:14,534 INFO: 127.0.0.1 - - [19/Sep/2023 21:54:14] "GET / HTTP/1.1" 200 -
2023-09-19 21:54:14,551 INFO: 127.0.0.1 - - [19/Sep/2023 21:54:14] "GET /static/css/style.css?v=2 HTTP/1.1" 200 -
2023-09-19 21:54:14,552 INFO: 127.0.0.1 - - [19/Sep/2023 21:54:14] "[36mGET /static/js/script.js?v=2 HTTP/1.1[0m" 304 -
2023-09-19 21:54:20,133 DEBUG: Code execution started
2023-09-19 21:54:20,151 INFO: [31m[1mWARNING: This is a development server. Do not use it in a production deployment. Use a production WSGI server instead.[0m
 * Running on http://127.0.0.1:5000
2023-09-19 21:54:20,151 INFO: [33mPress CTRL+C to quit[0m
2023-09-19 21:54:23,769 INFO: 127.0.0.1 - - [19/Sep/2023 21:54:23] "GET / HTTP/1.1" 200 -
2023-09-19 21:54:23,944 INFO: 127.0.0.1 - - [19/Sep/2023 21:54:23] "[36mGET /static/css/style.css?v=2 HTTP/1.1[0m" 304 -
2023-09-19 21:54:23,948 INFO: 127.0.0.1 - - [19/Sep/2023 21:54:23] "[36mGET /static/js/script.js?v=2 HTTP/1.1[0m" 304 -
2023-09-19 21:55:05,054 INFO: 127.0.0.1 - - [19/Sep/2023 21:55:05] "GET / HTTP/1.1" 200 -
2023-09-19 21:55:05,070 INFO: 127.0.0.1 - - [19/Sep/2023 21:55:05] "GET /static/css/style.css?v=2 HTTP/1.1" 200 -
2023-09-19 21:55:05,071 INFO: 127.0.0.1 - - [19/Sep/2023 21:55:05] "[36mGET /static/js/script.js?v=2 HTTP/1.1[0m" 304 -
2023-09-19 21:58:14,804 INFO: 127.0.0.1 - - [19/Sep/2023 21:58:14] "GET / HTTP/1.1" 200 -
2023-09-19 21:58:14,824 INFO: 127.0.0.1 - - [19/Sep/2023 21:58:14] "GET /static/css/style.css?v=2 HTTP/1.1" 200 -
2023-09-19 21:58:14,825 INFO: 127.0.0.1 - - [19/Sep/2023 21:58:14] "[36mGET /static/js/script.js?v=2 HTTP/1.1[0m" 304 -
2023-09-19 21:58:26,217 INFO: 127.0.0.1 - - [19/Sep/2023 21:58:26] "GET / HTTP/1.1" 200 -
2023-09-19 21:58:26,230 INFO: 127.0.0.1 - - [19/Sep/2023 21:58:26] "[36mGET /static/css/style.css?v=2 HTTP/1.1[0m" 304 -
2023-09-19 21:58:26,236 INFO: 127.0.0.1 - - [19/Sep/2023 21:58:26] "[36mGET /static/js/script.js?v=2 HTTP/1.1[0m" 304 -
2023-09-19 21:58:49,298 INFO: 127.0.0.1 - - [19/Sep/2023 21:58:49] "GET / HTTP/1.1" 200 -
2023-09-19 21:58:49,315 INFO: 127.0.0.1 - - [19/Sep/2023 21:58:49] "GET /static/css/style.css?v=2 HTTP/1.1" 200 -
2023-09-19 21:58:49,317 INFO: 127.0.0.1 - - [19/Sep/2023 21:58:49] "[36mGET /static/js/script.js?v=2 HTTP/1.1[0m" 304 -
2023-09-19 21:58:54,874 INFO: 127.0.0.1 - - [19/Sep/2023 21:58:54] "GET / HTTP/1.1" 200 -
2023-09-19 21:58:54,888 INFO: 127.0.0.1 - - [19/Sep/2023 21:58:54] "GET /static/css/style.css?v=2 HTTP/1.1" 200 -
2023-09-19 21:58:54,892 INFO: 127.0.0.1 - - [19/Sep/2023 21:58:54] "[36mGET /static/js/script.js?v=2 HTTP/1.1[0m" 304 -
2023-09-19 21:59:44,151 INFO: 127.0.0.1 - - [19/Sep/2023 21:59:44] "GET / HTTP/1.1" 200 -
2023-09-19 21:59:44,175 INFO: 127.0.0.1 - - [19/Sep/2023 21:59:44] "GET /static/css/style.css?v=2 HTTP/1.1" 200 -
2023-09-19 21:59:44,176 INFO: 127.0.0.1 - - [19/Sep/2023 21:59:44] "[36mGET /static/js/script.js?v=2 HTTP/1.1[0m" 304 -
2023-09-19 22:01:26,291 INFO: 127.0.0.1 - - [19/Sep/2023 22:01:26] "GET / HTTP/1.1" 200 -
2023-09-19 22:01:26,310 INFO: 127.0.0.1 - - [19/Sep/2023 22:01:26] "GET /static/css/style.css?v=2 HTTP/1.1" 200 -
2023-09-19 22:01:26,315 INFO: 127.0.0.1 - - [19/Sep/2023 22:01:26] "[36mGET /static/js/script.js?v=2 HTTP/1.1[0m" 304 -
2023-09-19 22:01:50,408 INFO: 127.0.0.1 - - [19/Sep/2023 22:01:50] "GET / HTTP/1.1" 200 -
2023-09-19 22:01:50,421 INFO: 127.0.0.1 - - [19/Sep/2023 22:01:50] "GET /static/css/style.css?v=2 HTTP/1.1" 200 -
2023-09-19 22:01:50,425 INFO: 127.0.0.1 - - [19/Sep/2023 22:01:50] "[36mGET /static/js/script.js?v=2 HTTP/1.1[0m" 304 -
2023-09-19 22:03:25,290 INFO: 127.0.0.1 - - [19/Sep/2023 22:03:25] "GET / HTTP/1.1" 200 -
2023-09-19 22:03:25,314 INFO: 127.0.0.1 - - [19/Sep/2023 22:03:25] "GET /static/css/style.css?v=2 HTTP/1.1" 200 -
2023-09-19 22:03:25,316 INFO: 127.0.0.1 - - [19/Sep/2023 22:03:25] "[36mGET /static/js/script.js?v=2 HTTP/1.1[0m" 304 -
2023-09-19 22:04:21,533 INFO: 127.0.0.1 - - [19/Sep/2023 22:04:21] "GET / HTTP/1.1" 200 -
2023-09-19 22:04:21,547 INFO: 127.0.0.1 - - [19/Sep/2023 22:04:21] "GET /static/css/style.css?v=2 HTTP/1.1" 200 -
2023-09-19 22:04:21,551 INFO: 127.0.0.1 - - [19/Sep/2023 22:04:21] "[36mGET /static/js/script.js?v=2 HTTP/1.1[0m" 304 -
2023-09-19 22:04:52,151 INFO: start executing python code
2023-09-19 22:04:52,151 DEBUG: Python code executed, output: 234
2023-09-19 22:04:55,950 INFO: 127.0.0.1 - - [19/Sep/2023 22:04:55] "POST /runcode HTTP/1.1" 200 -
2023-09-19 22:04:57,386 INFO: start executing python code
2023-09-19 22:04:57,386 DEBUG: Python code executed, output: 234
2023-09-19 22:04:57,387 INFO: 127.0.0.1 - - [19/Sep/2023 22:04:57] "POST /runcode HTTP/1.1" 200 -
2023-09-19 22:06:20,814 INFO: 127.0.0.1 - - [19/Sep/2023 22:06:20] "GET / HTTP/1.1" 200 -
2023-09-19 22:06:20,832 INFO: 127.0.0.1 - - [19/Sep/2023 22:06:20] "GET /static/css/style.css?v=2 HTTP/1.1" 200 -
2023-09-19 22:06:20,836 INFO: 127.0.0.1 - - [19/Sep/2023 22:06:20] "[36mGET /static/js/script.js?v=2 HTTP/1.1[0m" 304 -
2023-09-19 22:06:37,122 INFO: start executing javascript code
2023-09-19 22:06:37,122 DEBUG: Code file created at builds/js/code.js
2023-09-19 22:07:03,559 INFO: Code executed, stdout: 23, stderr: None
2023-09-19 22:07:15,208 INFO: 127.0.0.1 - - [19/Sep/2023 22:07:15] "POST /runcode HTTP/1.1" 200 -
2023-09-19 22:07:56,934 INFO: 127.0.0.1 - - [19/Sep/2023 22:07:56] "GET / HTTP/1.1" 200 -
2023-09-19 22:07:56,953 INFO: 127.0.0.1 - - [19/Sep/2023 22:07:56] "GET /static/css/style.css?v=2 HTTP/1.1" 200 -
2023-09-19 22:07:56,960 INFO: 127.0.0.1 - - [19/Sep/2023 22:07:56] "[36mGET /static/js/script.js?v=2 HTTP/1.1[0m" 304 -
2023-09-19 22:08:07,476 INFO: 127.0.0.1 - - [19/Sep/2023 22:08:07] "GET / HTTP/1.1" 200 -
2023-09-19 22:08:07,488 INFO: 127.0.0.1 - - [19/Sep/2023 22:08:07] "[36mGET /static/css/style.css?v=2 HTTP/1.1[0m" 304 -
2023-09-19 22:08:07,492 INFO: 127.0.0.1 - - [19/Sep/2023 22:08:07] "[36mGET /static/js/script.js?v=2 HTTP/1.1[0m" 304 -
2023-09-19 22:10:23,453 INFO: 127.0.0.1 - - [19/Sep/2023 22:10:23] "GET / HTTP/1.1" 200 -
2023-09-19 22:10:23,475 INFO: 127.0.0.1 - - [19/Sep/2023 22:10:23] "[36mGET /static/css/style.css?v=2 HTTP/1.1[0m" 304 -
2023-09-19 22:10:23,479 INFO: 127.0.0.1 - - [19/Sep/2023 22:10:23] "[36mGET /static/js/script.js?v=2 HTTP/1.1[0m" 304 -
2023-09-19 22:10:24,813 INFO: 127.0.0.1 - - [19/Sep/2023 22:10:24] "GET / HTTP/1.1" 200 -
2023-09-19 22:10:24,829 INFO: 127.0.0.1 - - [19/Sep/2023 22:10:24] "[36mGET /static/css/style.css?v=2 HTTP/1.1[0m" 304 -
2023-09-19 22:10:24,832 INFO: 127.0.0.1 - - [19/Sep/2023 22:10:24] "[36mGET /static/js/script.js?v=2 HTTP/1.1[0m" 304 -
2023-09-19 22:10:33,412 INFO: 127.0.0.1 - - [19/Sep/2023 22:10:33] "GET / HTTP/1.1" 200 -
2023-09-19 22:10:33,427 INFO: 127.0.0.1 - - [19/Sep/2023 22:10:33] "[36mGET /static/css/style.css?v=2 HTTP/1.1[0m" 304 -
2023-09-19 22:10:33,429 INFO: 127.0.0.1 - - [19/Sep/2023 22:10:33] "[36mGET /static/js/script.js?v=2 HTTP/1.1[0m" 304 -
2023-09-19 22:10:38,153 DEBUG: Code execution started
2023-09-19 22:10:38,172 INFO: [31m[1mWARNING: This is a development server. Do not use it in a production deployment. Use a production WSGI server instead.[0m
 * Running on http://127.0.0.1:5000
2023-09-19 22:10:38,172 INFO: [33mPress CTRL+C to quit[0m
2023-09-19 22:10:43,475 INFO: 127.0.0.1 - - [19/Sep/2023 22:10:43] "GET / HTTP/1.1" 200 -
2023-09-19 22:10:43,668 INFO: 127.0.0.1 - - [19/Sep/2023 22:10:43] "[36mGET /static/js/script.js?v=2 HTTP/1.1[0m" 304 -
2023-09-19 22:10:43,673 INFO: 127.0.0.1 - - [19/Sep/2023 22:10:43] "[36mGET /static/css/style.css?v=2 HTTP/1.1[0m" 304 -
2023-09-19 22:11:01,579 INFO: 127.0.0.1 - - [19/Sep/2023 22:11:01] "GET / HTTP/1.1" 200 -
2023-09-19 22:11:01,595 INFO: 127.0.0.1 - - [19/Sep/2023 22:11:01] "GET /static/css/style.css?v=2 HTTP/1.1" 200 -
2023-09-19 22:11:01,597 INFO: 127.0.0.1 - - [19/Sep/2023 22:11:01] "[36mGET /static/js/script.js?v=2 HTTP/1.1[0m" 304 -
2023-09-19 22:12:18,113 INFO: 127.0.0.1 - - [19/Sep/2023 22:12:18] "GET / HTTP/1.1" 200 -
2023-09-19 22:12:18,137 INFO: 127.0.0.1 - - [19/Sep/2023 22:12:18] "[36mGET /static/css/style.css?v=2 HTTP/1.1[0m" 304 -
2023-09-19 22:12:18,138 INFO: 127.0.0.1 - - [19/Sep/2023 22:12:18] "[36mGET /static/js/script.js?v=2 HTTP/1.1[0m" 304 -
2023-09-19 22:13:02,185 INFO: 127.0.0.1 - - [19/Sep/2023 22:13:02] "GET / HTTP/1.1" 200 -
2023-09-19 22:13:02,199 INFO: 127.0.0.1 - - [19/Sep/2023 22:13:02] "[36mGET /static/css/style.css?v=2 HTTP/1.1[0m" 304 -
2023-09-19 22:13:02,201 INFO: 127.0.0.1 - - [19/Sep/2023 22:13:02] "[36mGET /static/js/script.js?v=2 HTTP/1.1[0m" 304 -
2023-09-19 22:18:05,278 INFO: 127.0.0.1 - - [19/Sep/2023 22:18:05] "GET / HTTP/1.1" 200 -
2023-09-19 22:18:05,295 INFO: 127.0.0.1 - - [19/Sep/2023 22:18:05] "[36mGET /static/css/style.css?v=2 HTTP/1.1[0m" 304 -
2023-09-19 22:18:05,300 INFO: 127.0.0.1 - - [19/Sep/2023 22:18:05] "[36mGET /static/js/script.js?v=2 HTTP/1.1[0m" 304 -
2023-09-19 22:18:12,719 DEBUG: Code execution started
2023-09-19 22:18:12,735 INFO: [31m[1mWARNING: This is a development server. Do not use it in a production deployment. Use a production WSGI server instead.[0m
 * Running on http://127.0.0.1:5000
2023-09-19 22:18:12,735 INFO: [33mPress CTRL+C to quit[0m
2023-09-19 22:18:14,496 INFO: 127.0.0.1 - - [19/Sep/2023 22:18:14] "GET / HTTP/1.1" 200 -
2023-09-19 22:18:14,648 INFO: 127.0.0.1 - - [19/Sep/2023 22:18:14] "[36mGET /static/js/script.js?v=2 HTTP/1.1[0m" 304 -
2023-09-19 22:18:14,650 INFO: 127.0.0.1 - - [19/Sep/2023 22:18:14] "[36mGET /static/css/style.css?v=2 HTTP/1.1[0m" 304 -
2023-09-19 22:34:53,874 DEBUG: Code execution started
2023-09-19 22:34:53,892 INFO: [31m[1mWARNING: This is a development server. Do not use it in a production deployment. Use a production WSGI server instead.[0m
 * Running on http://127.0.0.1:5000
2023-09-19 22:34:53,892 INFO: [33mPress CTRL+C to quit[0m
2023-09-19 22:37:14,470 DEBUG: Code execution started
2023-09-19 22:37:14,491 INFO: [31m[1mWARNING: This is a development server. Do not use it in a production deployment. Use a production WSGI server instead.[0m
 * Running on http://127.0.0.1:5000
2023-09-19 22:37:14,492 INFO: [33mPress CTRL+C to quit[0m
2023-09-19 22:37:32,333 INFO: start executing c# code
2023-09-19 22:37:32,334 DEBUG: Code file created at builds/cs/code.cs
2023-09-19 22:37:33,441 INFO: start executing c# code
2023-09-19 22:37:33,441 DEBUG: Code file created at builds/cs/code.cs
2023-09-19 22:37:33,925 ERROR: Exception on /runcode [POST]
Traceback (most recent call last):
  File "E:\VSCodeProject\OPC\main.py", line 93, in run_code
    output, error = execute_code({'lang': language, 'code': code})
                    ^^^^^^^^^^^^^^^^^^^^^^^^^^^^^^^^^^^^^^^^^^^^^^
  File "E:\VSCodeProject\OPC\utils\execute.py", line 35, in execute_code
    return execute_cs_code(params)
           ^^^^^^^^^^^^^^^^^^^^^^^
  File "E:\VSCodeProject\OPC\utils\execute.py", line 67, in execute_cs_code
    subprocess.run(['dotnet', 'new', 'console', '-o', path], check=True)
  File "C:\Program Files\WindowsApps\PythonSoftwareFoundation.Python.3.11_3.11.1520.0_x64__qbz5n2kfra8p0\Lib\subprocess.py", line 571, in run
    raise CalledProcessError(retcode, process.args,
subprocess.CalledProcessError: Command '['dotnet', 'new', 'console', '-o', 'builds/cs']' returned non-zero exit status 73.

During handling of the above exception, another exception occurred:

Traceback (most recent call last):
  File "E:\VSCodeProject\OPC\venv\Lib\site-packages\flask\app.py", line 2190, in wsgi_app
    response = self.full_dispatch_request()
               ^^^^^^^^^^^^^^^^^^^^^^^^^^^^
  File "E:\VSCodeProject\OPC\venv\Lib\site-packages\flask\app.py", line 1486, in full_dispatch_request
    rv = self.handle_user_exception(e)
         ^^^^^^^^^^^^^^^^^^^^^^^^^^^^^
  File "E:\VSCodeProject\OPC\venv\Lib\site-packages\flask\app.py", line 1484, in full_dispatch_request
    rv = self.dispatch_request()
         ^^^^^^^^^^^^^^^^^^^^^^^
  File "E:\VSCodeProject\OPC\venv\Lib\site-packages\flask\app.py", line 1469, in dispatch_request
    return self.ensure_sync(self.view_functions[rule.endpoint])(**view_args)
           ^^^^^^^^^^^^^^^^^^^^^^^^^^^^^^^^^^^^^^^^^^^^^^^^^^^^^^^^^^^^^^^^^
  File "E:\VSCodeProject\OPC\main.py", line 96, in run_code
    error = e.stderr.strip() or str(e)
            ^^^^^^^^^^^^^^
AttributeError: 'NoneType' object has no attribute 'strip'
2023-09-19 22:37:33,933 INFO: 127.0.0.1 - - [19/Sep/2023 22:37:33] "[35m[1mPOST /runcode HTTP/1.1[0m" 500 -
2023-09-19 22:37:39,124 ERROR: Exception on /runcode [POST]
Traceback (most recent call last):
  File "E:\VSCodeProject\OPC\main.py", line 93, in run_code
    output, error = execute_code({'lang': language, 'code': code})
                    ^^^^^^^^^^^^^^^^^^^^^^^^^^^^^^^^^^^^^^^^^^^^^^
  File "E:\VSCodeProject\OPC\utils\execute.py", line 35, in execute_code
    return execute_cs_code(params)
           ^^^^^^^^^^^^^^^^^^^^^^^
  File "E:\VSCodeProject\OPC\utils\execute.py", line 71, in execute_cs_code
    subprocess.run(cmd, check=True)
  File "C:\Program Files\WindowsApps\PythonSoftwareFoundation.Python.3.11_3.11.1520.0_x64__qbz5n2kfra8p0\Lib\subprocess.py", line 571, in run
    raise CalledProcessError(retcode, process.args,
subprocess.CalledProcessError: Command '['dotnet', 'build', 'builds/cs']' returned non-zero exit status 1.

During handling of the above exception, another exception occurred:

Traceback (most recent call last):
  File "E:\VSCodeProject\OPC\venv\Lib\site-packages\flask\app.py", line 2190, in wsgi_app
    response = self.full_dispatch_request()
               ^^^^^^^^^^^^^^^^^^^^^^^^^^^^
  File "E:\VSCodeProject\OPC\venv\Lib\site-packages\flask\app.py", line 1486, in full_dispatch_request
    rv = self.handle_user_exception(e)
         ^^^^^^^^^^^^^^^^^^^^^^^^^^^^^
  File "E:\VSCodeProject\OPC\venv\Lib\site-packages\flask\app.py", line 1484, in full_dispatch_request
    rv = self.dispatch_request()
         ^^^^^^^^^^^^^^^^^^^^^^^
  File "E:\VSCodeProject\OPC\venv\Lib\site-packages\flask\app.py", line 1469, in dispatch_request
    return self.ensure_sync(self.view_functions[rule.endpoint])(**view_args)
           ^^^^^^^^^^^^^^^^^^^^^^^^^^^^^^^^^^^^^^^^^^^^^^^^^^^^^^^^^^^^^^^^^
  File "E:\VSCodeProject\OPC\main.py", line 96, in run_code
    error = e.stderr.strip() or str(e)
            ^^^^^^^^^^^^^^
AttributeError: 'NoneType' object has no attribute 'strip'
2023-09-19 22:37:39,127 INFO: 127.0.0.1 - - [19/Sep/2023 22:37:39] "[35m[1mPOST /runcode HTTP/1.1[0m" 500 -
2023-09-19 22:38:20,573 DEBUG: Code execution started
2023-09-19 22:38:20,589 INFO: [31m[1mWARNING: This is a development server. Do not use it in a production deployment. Use a production WSGI server instead.[0m
 * Running on http://127.0.0.1:5000
2023-09-19 22:38:20,589 INFO: [33mPress CTRL+C to quit[0m
2023-09-19 22:38:22,801 INFO: 127.0.0.1 - - [19/Sep/2023 22:38:22] "GET / HTTP/1.1" 200 -
2023-09-19 22:38:22,963 INFO: 127.0.0.1 - - [19/Sep/2023 22:38:22] "[36mGET /static/css/style.css?v=2 HTTP/1.1[0m" 304 -
2023-09-19 22:38:22,967 INFO: 127.0.0.1 - - [19/Sep/2023 22:38:22] "[36mGET /static/js/script.js?v=2 HTTP/1.1[0m" 304 -
2023-09-19 22:38:37,249 INFO: start executing c# code
2023-09-19 22:38:37,724 ERROR: Exception on /runcode [POST]
Traceback (most recent call last):
  File "E:\VSCodeProject\OPC\main.py", line 93, in run_code
    output, error = execute_code({'lang': language, 'code': code})
                    ^^^^^^^^^^^^^^^^^^^^^^^^^^^^^^^^^^^^^^^^^^^^^^
  File "E:\VSCodeProject\OPC\utils\execute.py", line 35, in execute_code
    return execute_cs_code(params)
           ^^^^^^^^^^^^^^^^^^^^^^^
  File "E:\VSCodeProject\OPC\utils\execute.py", line 66, in execute_cs_code
    subprocess.run(['dotnet', 'new', 'console', '-o', path], check=True)
  File "C:\Program Files\WindowsApps\PythonSoftwareFoundation.Python.3.11_3.11.1520.0_x64__qbz5n2kfra8p0\Lib\subprocess.py", line 571, in run
    raise CalledProcessError(retcode, process.args,
subprocess.CalledProcessError: Command '['dotnet', 'new', 'console', '-o', 'builds/cs']' returned non-zero exit status 73.

During handling of the above exception, another exception occurred:

Traceback (most recent call last):
  File "E:\VSCodeProject\OPC\venv\Lib\site-packages\flask\app.py", line 2190, in wsgi_app
    response = self.full_dispatch_request()
               ^^^^^^^^^^^^^^^^^^^^^^^^^^^^
  File "E:\VSCodeProject\OPC\venv\Lib\site-packages\flask\app.py", line 1486, in full_dispatch_request
    rv = self.handle_user_exception(e)
         ^^^^^^^^^^^^^^^^^^^^^^^^^^^^^
  File "E:\VSCodeProject\OPC\venv\Lib\site-packages\flask\app.py", line 1484, in full_dispatch_request
    rv = self.dispatch_request()
         ^^^^^^^^^^^^^^^^^^^^^^^
  File "E:\VSCodeProject\OPC\venv\Lib\site-packages\flask\app.py", line 1469, in dispatch_request
    return self.ensure_sync(self.view_functions[rule.endpoint])(**view_args)
           ^^^^^^^^^^^^^^^^^^^^^^^^^^^^^^^^^^^^^^^^^^^^^^^^^^^^^^^^^^^^^^^^^
  File "E:\VSCodeProject\OPC\main.py", line 96, in run_code
    error = e.stderr.strip() or str(e)
            ^^^^^^^^^^^^^^
AttributeError: 'NoneType' object has no attribute 'strip'
2023-09-19 22:38:37,730 INFO: 127.0.0.1 - - [19/Sep/2023 22:38:37] "[35m[1mPOST /runcode HTTP/1.1[0m" 500 -
2023-09-19 22:39:11,407 DEBUG: Code execution started
2023-09-19 22:39:11,426 INFO: [31m[1mWARNING: This is a development server. Do not use it in a production deployment. Use a production WSGI server instead.[0m
 * Running on http://127.0.0.1:5000
2023-09-19 22:39:11,426 INFO: [33mPress CTRL+C to quit[0m
2023-09-19 22:39:14,308 INFO: start executing c# code
2023-09-19 22:39:15,468 DEBUG: Code file created at builds/cs/Program.cs
2023-09-19 22:39:16,720 ERROR: Exception on /runcode [POST]
Traceback (most recent call last):
  File "E:\VSCodeProject\OPC\main.py", line 93, in run_code
    output, error = execute_code({'lang': language, 'code': code})
                    ^^^^^^^^^^^^^^^^^^^^^^^^^^^^^^^^^^^^^^^^^^^^^^
  File "E:\VSCodeProject\OPC\utils\execute.py", line 35, in execute_code
    return execute_cs_code(params)
           ^^^^^^^^^^^^^^^^^^^^^^^
  File "E:\VSCodeProject\OPC\utils\execute.py", line 69, in execute_cs_code
    subprocess.run(cmd, check=True)
  File "C:\Program Files\WindowsApps\PythonSoftwareFoundation.Python.3.11_3.11.1520.0_x64__qbz5n2kfra8p0\Lib\subprocess.py", line 571, in run
    raise CalledProcessError(retcode, process.args,
subprocess.CalledProcessError: Command '['dotnet', 'build', 'builds/cs']' returned non-zero exit status 1.

During handling of the above exception, another exception occurred:

Traceback (most recent call last):
  File "E:\VSCodeProject\OPC\venv\Lib\site-packages\flask\app.py", line 2190, in wsgi_app
    response = self.full_dispatch_request()
               ^^^^^^^^^^^^^^^^^^^^^^^^^^^^
  File "E:\VSCodeProject\OPC\venv\Lib\site-packages\flask\app.py", line 1486, in full_dispatch_request
    rv = self.handle_user_exception(e)
         ^^^^^^^^^^^^^^^^^^^^^^^^^^^^^
  File "E:\VSCodeProject\OPC\venv\Lib\site-packages\flask\app.py", line 1484, in full_dispatch_request
    rv = self.dispatch_request()
         ^^^^^^^^^^^^^^^^^^^^^^^
  File "E:\VSCodeProject\OPC\venv\Lib\site-packages\flask\app.py", line 1469, in dispatch_request
    return self.ensure_sync(self.view_functions[rule.endpoint])(**view_args)
           ^^^^^^^^^^^^^^^^^^^^^^^^^^^^^^^^^^^^^^^^^^^^^^^^^^^^^^^^^^^^^^^^^
  File "E:\VSCodeProject\OPC\main.py", line 96, in run_code
    error = e.stderr.strip() or str(e)
            ^^^^^^^^^^^^^^
AttributeError: 'NoneType' object has no attribute 'strip'
2023-09-19 22:39:16,727 INFO: 127.0.0.1 - - [19/Sep/2023 22:39:16] "[35m[1mPOST /runcode HTTP/1.1[0m" 500 -
2023-09-19 22:39:49,869 DEBUG: Code execution started
2023-09-19 22:39:49,887 INFO: [31m[1mWARNING: This is a development server. Do not use it in a production deployment. Use a production WSGI server instead.[0m
 * Running on http://127.0.0.1:5000
2023-09-19 22:39:49,887 INFO: [33mPress CTRL+C to quit[0m
2023-09-19 22:39:57,244 INFO: start executing c# code
2023-09-19 22:39:58,374 DEBUG: Code file created at builds/cs/Program.cs
2023-09-19 22:39:59,596 ERROR: Exception on /runcode [POST]
Traceback (most recent call last):
  File "E:\VSCodeProject\OPC\main.py", line 93, in run_code
    output, error = execute_code({'lang': language, 'code': code})
                    ^^^^^^^^^^^^^^^^^^^^^^^^^^^^^^^^^^^^^^^^^^^^^^
  File "E:\VSCodeProject\OPC\utils\execute.py", line 35, in execute_code
    return execute_cs_code(params)
           ^^^^^^^^^^^^^^^^^^^^^^^
  File "E:\VSCodeProject\OPC\utils\execute.py", line 69, in execute_cs_code
    subprocess.run(cmd, check=True)
  File "C:\Program Files\WindowsApps\PythonSoftwareFoundation.Python.3.11_3.11.1520.0_x64__qbz5n2kfra8p0\Lib\subprocess.py", line 571, in run
    raise CalledProcessError(retcode, process.args,
subprocess.CalledProcessError: Command '['dotnet', 'build', 'builds/cs']' returned non-zero exit status 1.

During handling of the above exception, another exception occurred:

Traceback (most recent call last):
  File "E:\VSCodeProject\OPC\venv\Lib\site-packages\flask\app.py", line 2190, in wsgi_app
    response = self.full_dispatch_request()
               ^^^^^^^^^^^^^^^^^^^^^^^^^^^^
  File "E:\VSCodeProject\OPC\venv\Lib\site-packages\flask\app.py", line 1486, in full_dispatch_request
    rv = self.handle_user_exception(e)
         ^^^^^^^^^^^^^^^^^^^^^^^^^^^^^
  File "E:\VSCodeProject\OPC\venv\Lib\site-packages\flask\app.py", line 1484, in full_dispatch_request
    rv = self.dispatch_request()
         ^^^^^^^^^^^^^^^^^^^^^^^
  File "E:\VSCodeProject\OPC\venv\Lib\site-packages\flask\app.py", line 1469, in dispatch_request
    return self.ensure_sync(self.view_functions[rule.endpoint])(**view_args)
           ^^^^^^^^^^^^^^^^^^^^^^^^^^^^^^^^^^^^^^^^^^^^^^^^^^^^^^^^^^^^^^^^^
  File "E:\VSCodeProject\OPC\main.py", line 96, in run_code
    error = e.stderr.strip() or str(e)
            ^^^^^^^^^^^^^^
AttributeError: 'NoneType' object has no attribute 'strip'
2023-09-19 22:39:59,603 INFO: 127.0.0.1 - - [19/Sep/2023 22:39:59] "[35m[1mPOST /runcode HTTP/1.1[0m" 500 -
2023-09-19 22:40:27,961 INFO: start executing c# code
2023-09-19 22:40:39,808 DEBUG: Code file created at builds/cs/Program.cs
2023-09-19 22:40:43,797 ERROR: Exception on /runcode [POST]
Traceback (most recent call last):
  File "E:\VSCodeProject\OPC\main.py", line 93, in run_code
    output, error = execute_code({'lang': language, 'code': code})
                    ^^^^^^^^^^^^^^^^^^^^^^^^^^^^^^^^^^^^^^^^^^^^^^
  File "E:\VSCodeProject\OPC\utils\execute.py", line 35, in execute_code
    return execute_cs_code(params)
           ^^^^^^^^^^^^^^^^^^^^^^^
  File "E:\VSCodeProject\OPC\utils\execute.py", line 69, in execute_cs_code
    subprocess.run(cmd, check=True)
  File "C:\Program Files\WindowsApps\PythonSoftwareFoundation.Python.3.11_3.11.1520.0_x64__qbz5n2kfra8p0\Lib\subprocess.py", line 571, in run
    raise CalledProcessError(retcode, process.args,
subprocess.CalledProcessError: Command '['dotnet', 'build', 'builds/cs']' returned non-zero exit status 1.

During handling of the above exception, another exception occurred:

Traceback (most recent call last):
  File "E:\VSCodeProject\OPC\venv\Lib\site-packages\flask\app.py", line 2190, in wsgi_app
    response = self.full_dispatch_request()
               ^^^^^^^^^^^^^^^^^^^^^^^^^^^^
  File "E:\VSCodeProject\OPC\venv\Lib\site-packages\flask\app.py", line 1486, in full_dispatch_request
    rv = self.handle_user_exception(e)
         ^^^^^^^^^^^^^^^^^^^^^^^^^^^^^
  File "E:\VSCodeProject\OPC\venv\Lib\site-packages\flask\app.py", line 1484, in full_dispatch_request
    rv = self.dispatch_request()
         ^^^^^^^^^^^^^^^^^^^^^^^
  File "E:\VSCodeProject\OPC\venv\Lib\site-packages\flask\app.py", line 1469, in dispatch_request
    return self.ensure_sync(self.view_functions[rule.endpoint])(**view_args)
           ^^^^^^^^^^^^^^^^^^^^^^^^^^^^^^^^^^^^^^^^^^^^^^^^^^^^^^^^^^^^^^^^^
  File "E:\VSCodeProject\OPC\main.py", line 96, in run_code
    error = e.stderr.strip() or str(e)
            ^^^^^^^^^^^^^^
AttributeError: 'NoneType' object has no attribute 'strip'
2023-09-19 22:40:43,803 INFO: 127.0.0.1 - - [19/Sep/2023 22:40:43] "[35m[1mPOST /runcode HTTP/1.1[0m" 500 -
2023-09-19 22:41:13,038 INFO: start executing c# code
2023-09-19 22:41:17,514 DEBUG: Code file created at builds/cs/Program.cs
2023-09-19 22:41:21,412 INFO: Code compiled with command: dotnet build builds/cs
2023-09-19 22:41:26,202 INFO: Code executed, stdout: HELLO, stderr: None
2023-09-19 22:41:50,699 INFO: 127.0.0.1 - - [19/Sep/2023 22:41:50] "POST /runcode HTTP/1.1" 200 -
2023-09-19 22:42:12,234 INFO: start executing c# code
2023-09-19 22:42:16,254 DEBUG: Code file created at builds/cs/Program.cs
2023-09-19 22:42:18,632 INFO: Code compiled with command: dotnet build builds/cs
2023-09-19 22:42:20,838 INFO: Code executed, stdout: 26, stderr: None
2023-09-19 22:42:21,164 INFO: 127.0.0.1 - - [19/Sep/2023 22:42:21] "POST /runcode HTTP/1.1" 200 -
2023-09-19 22:55:18,526 DEBUG: Code execution started
2023-09-19 22:55:18,551 INFO: [31m[1mWARNING: This is a development server. Do not use it in a production deployment. Use a production WSGI server instead.[0m
 * Running on http://127.0.0.1:5000
2023-09-19 22:55:18,551 INFO: [33mPress CTRL+C to quit[0m
2023-09-19 22:55:22,863 INFO: 127.0.0.1 - - [19/Sep/2023 22:55:22] "GET / HTTP/1.1" 200 -
2023-09-19 22:55:23,015 INFO: 127.0.0.1 - - [19/Sep/2023 22:55:23] "[36mGET /static/js/script.js?v=2 HTTP/1.1[0m" 304 -
2023-09-19 22:55:23,017 INFO: 127.0.0.1 - - [19/Sep/2023 22:55:23] "[36mGET /static/css/style.css?v=2 HTTP/1.1[0m" 304 -
2023-09-19 22:55:56,767 ERROR: Exception on /runcode [POST]
Traceback (most recent call last):
  File "E:\VSCodeProject\OPC\main.py", line 51, in run_code
    subprocess.run(compile_cmd, check=True)
  File "C:\Program Files\WindowsApps\PythonSoftwareFoundation.Python.3.11_3.11.1520.0_x64__qbz5n2kfra8p0\Lib\subprocess.py", line 571, in run
    raise CalledProcessError(retcode, process.args,
subprocess.CalledProcessError: Command '['go', 'build', '-o', 'builds/go/execute.go']' returned non-zero exit status 1.

During handling of the above exception, another exception occurred:

Traceback (most recent call last):
  File "E:\VSCodeProject\OPC\venv\Lib\site-packages\flask\app.py", line 2190, in wsgi_app
    response = self.full_dispatch_request()
               ^^^^^^^^^^^^^^^^^^^^^^^^^^^^
  File "E:\VSCodeProject\OPC\venv\Lib\site-packages\flask\app.py", line 1486, in full_dispatch_request
    rv = self.handle_user_exception(e)
         ^^^^^^^^^^^^^^^^^^^^^^^^^^^^^
  File "E:\VSCodeProject\OPC\venv\Lib\site-packages\flask\app.py", line 1484, in full_dispatch_request
    rv = self.dispatch_request()
         ^^^^^^^^^^^^^^^^^^^^^^^
  File "E:\VSCodeProject\OPC\venv\Lib\site-packages\flask\app.py", line 1469, in dispatch_request
    return self.ensure_sync(self.view_functions[rule.endpoint])(**view_args)
           ^^^^^^^^^^^^^^^^^^^^^^^^^^^^^^^^^^^^^^^^^^^^^^^^^^^^^^^^^^^^^^^^^
  File "E:\VSCodeProject\OPC\main.py", line 60, in run_code
    error = e.stderr.strip() or str(e)
            ^^^^^^^^^^^^^^
AttributeError: 'NoneType' object has no attribute 'strip'
2023-09-19 22:55:56,772 INFO: 127.0.0.1 - - [19/Sep/2023 22:55:56] "[35m[1mPOST /runcode HTTP/1.1[0m" 500 -
2023-09-19 22:56:28,122 DEBUG: Code execution started
2023-09-19 22:56:28,138 INFO: [31m[1mWARNING: This is a development server. Do not use it in a production deployment. Use a production WSGI server instead.[0m
 * Running on http://127.0.0.1:5000
2023-09-19 22:56:28,139 INFO: [33mPress CTRL+C to quit[0m
2023-09-19 22:56:30,323 INFO: 127.0.0.1 - - [19/Sep/2023 22:56:30] "GET / HTTP/1.1" 200 -
2023-09-19 22:56:30,485 INFO: 127.0.0.1 - - [19/Sep/2023 22:56:30] "[36mGET /static/js/script.js?v=2 HTTP/1.1[0m" 304 -
2023-09-19 22:56:30,489 INFO: 127.0.0.1 - - [19/Sep/2023 22:56:30] "[36mGET /static/css/style.css?v=2 HTTP/1.1[0m" 304 -
2023-09-19 22:56:33,577 ERROR: Exception on /runcode [POST]
Traceback (most recent call last):
  File "E:\VSCodeProject\OPC\main.py", line 51, in run_code
    subprocess.run(compile_cmd, check=True)
  File "C:\Program Files\WindowsApps\PythonSoftwareFoundation.Python.3.11_3.11.1520.0_x64__qbz5n2kfra8p0\Lib\subprocess.py", line 571, in run
    raise CalledProcessError(retcode, process.args,
subprocess.CalledProcessError: Command '['go', 'build', '-o', 'builds/go/execute.go']' returned non-zero exit status 1.

During handling of the above exception, another exception occurred:

Traceback (most recent call last):
  File "E:\VSCodeProject\OPC\venv\Lib\site-packages\flask\app.py", line 2190, in wsgi_app
    response = self.full_dispatch_request()
               ^^^^^^^^^^^^^^^^^^^^^^^^^^^^
  File "E:\VSCodeProject\OPC\venv\Lib\site-packages\flask\app.py", line 1486, in full_dispatch_request
    rv = self.handle_user_exception(e)
         ^^^^^^^^^^^^^^^^^^^^^^^^^^^^^
  File "E:\VSCodeProject\OPC\venv\Lib\site-packages\flask\app.py", line 1484, in full_dispatch_request
    rv = self.dispatch_request()
         ^^^^^^^^^^^^^^^^^^^^^^^
  File "E:\VSCodeProject\OPC\venv\Lib\site-packages\flask\app.py", line 1469, in dispatch_request
    return self.ensure_sync(self.view_functions[rule.endpoint])(**view_args)
           ^^^^^^^^^^^^^^^^^^^^^^^^^^^^^^^^^^^^^^^^^^^^^^^^^^^^^^^^^^^^^^^^^
  File "E:\VSCodeProject\OPC\main.py", line 60, in run_code
    error = e.stderr.strip() or str(e)
            ^^^^^^^^^^^^^^
AttributeError: 'NoneType' object has no attribute 'strip'
2023-09-19 22:56:33,584 INFO: 127.0.0.1 - - [19/Sep/2023 22:56:33] "[35m[1mPOST /runcode HTTP/1.1[0m" 500 -
2023-09-19 22:56:44,442 ERROR: Exception on /runcode [POST]
Traceback (most recent call last):
  File "E:\VSCodeProject\OPC\main.py", line 51, in run_code
    subprocess.run(compile_cmd, check=True)
  File "C:\Program Files\WindowsApps\PythonSoftwareFoundation.Python.3.11_3.11.1520.0_x64__qbz5n2kfra8p0\Lib\subprocess.py", line 571, in run
    raise CalledProcessError(retcode, process.args,
subprocess.CalledProcessError: Command '['go', 'build', '-o', 'builds/go/execute.go']' returned non-zero exit status 1.

During handling of the above exception, another exception occurred:

Traceback (most recent call last):
  File "E:\VSCodeProject\OPC\venv\Lib\site-packages\flask\app.py", line 2190, in wsgi_app
    response = self.full_dispatch_request()
               ^^^^^^^^^^^^^^^^^^^^^^^^^^^^
  File "E:\VSCodeProject\OPC\venv\Lib\site-packages\flask\app.py", line 1486, in full_dispatch_request
    rv = self.handle_user_exception(e)
         ^^^^^^^^^^^^^^^^^^^^^^^^^^^^^
  File "E:\VSCodeProject\OPC\venv\Lib\site-packages\flask\app.py", line 1484, in full_dispatch_request
    rv = self.dispatch_request()
         ^^^^^^^^^^^^^^^^^^^^^^^
  File "E:\VSCodeProject\OPC\venv\Lib\site-packages\flask\app.py", line 1469, in dispatch_request
    return self.ensure_sync(self.view_functions[rule.endpoint])(**view_args)
           ^^^^^^^^^^^^^^^^^^^^^^^^^^^^^^^^^^^^^^^^^^^^^^^^^^^^^^^^^^^^^^^^^
  File "E:\VSCodeProject\OPC\main.py", line 60, in run_code
    error = e.stderr.strip() or str(e)
            ^^^^^^^^^^^^^^
AttributeError: 'NoneType' object has no attribute 'strip'
2023-09-19 22:56:44,449 INFO: 127.0.0.1 - - [19/Sep/2023 22:56:44] "[35m[1mPOST /runcode HTTP/1.1[0m" 500 -
2023-09-19 22:56:51,065 ERROR: Exception on /runcode [POST]
Traceback (most recent call last):
  File "E:\VSCodeProject\OPC\main.py", line 51, in run_code
    subprocess.run(compile_cmd, check=True)
  File "C:\Program Files\WindowsApps\PythonSoftwareFoundation.Python.3.11_3.11.1520.0_x64__qbz5n2kfra8p0\Lib\subprocess.py", line 571, in run
    raise CalledProcessError(retcode, process.args,
subprocess.CalledProcessError: Command '['go', 'build', '-o', 'builds/go/execute.go']' returned non-zero exit status 1.

During handling of the above exception, another exception occurred:

Traceback (most recent call last):
  File "E:\VSCodeProject\OPC\venv\Lib\site-packages\flask\app.py", line 2190, in wsgi_app
    response = self.full_dispatch_request()
               ^^^^^^^^^^^^^^^^^^^^^^^^^^^^
  File "E:\VSCodeProject\OPC\venv\Lib\site-packages\flask\app.py", line 1486, in full_dispatch_request
    rv = self.handle_user_exception(e)
         ^^^^^^^^^^^^^^^^^^^^^^^^^^^^^
  File "E:\VSCodeProject\OPC\venv\Lib\site-packages\flask\app.py", line 1484, in full_dispatch_request
    rv = self.dispatch_request()
         ^^^^^^^^^^^^^^^^^^^^^^^
  File "E:\VSCodeProject\OPC\venv\Lib\site-packages\flask\app.py", line 1469, in dispatch_request
    return self.ensure_sync(self.view_functions[rule.endpoint])(**view_args)
           ^^^^^^^^^^^^^^^^^^^^^^^^^^^^^^^^^^^^^^^^^^^^^^^^^^^^^^^^^^^^^^^^^
  File "E:\VSCodeProject\OPC\main.py", line 60, in run_code
    error = e.stderr.strip() or str(e)
            ^^^^^^^^^^^^^^
AttributeError: 'NoneType' object has no attribute 'strip'
2023-09-19 22:56:51,068 INFO: 127.0.0.1 - - [19/Sep/2023 22:56:51] "[35m[1mPOST /runcode HTTP/1.1[0m" 500 -
2023-09-19 22:57:09,767 DEBUG: Code execution started
2023-09-19 22:57:09,786 INFO: [31m[1mWARNING: This is a development server. Do not use it in a production deployment. Use a production WSGI server instead.[0m
 * Running on http://127.0.0.1:5000
2023-09-19 22:57:09,786 INFO: [33mPress CTRL+C to quit[0m
2023-09-19 22:57:11,088 ERROR: Exception on /runcode [POST]
Traceback (most recent call last):
  File "E:\VSCodeProject\OPC\main.py", line 51, in run_code
    subprocess.run(compile_cmd, check=True)
  File "C:\Program Files\WindowsApps\PythonSoftwareFoundation.Python.3.11_3.11.1520.0_x64__qbz5n2kfra8p0\Lib\subprocess.py", line 571, in run
    raise CalledProcessError(retcode, process.args,
subprocess.CalledProcessError: Command '['go', 'build', '-o', 'builds/go/execute.go']' returned non-zero exit status 1.

During handling of the above exception, another exception occurred:

Traceback (most recent call last):
  File "E:\VSCodeProject\OPC\venv\Lib\site-packages\flask\app.py", line 2190, in wsgi_app
    response = self.full_dispatch_request()
               ^^^^^^^^^^^^^^^^^^^^^^^^^^^^
  File "E:\VSCodeProject\OPC\venv\Lib\site-packages\flask\app.py", line 1486, in full_dispatch_request
    rv = self.handle_user_exception(e)
         ^^^^^^^^^^^^^^^^^^^^^^^^^^^^^
  File "E:\VSCodeProject\OPC\venv\Lib\site-packages\flask\app.py", line 1484, in full_dispatch_request
    rv = self.dispatch_request()
         ^^^^^^^^^^^^^^^^^^^^^^^
  File "E:\VSCodeProject\OPC\venv\Lib\site-packages\flask\app.py", line 1469, in dispatch_request
    return self.ensure_sync(self.view_functions[rule.endpoint])(**view_args)
           ^^^^^^^^^^^^^^^^^^^^^^^^^^^^^^^^^^^^^^^^^^^^^^^^^^^^^^^^^^^^^^^^^
  File "E:\VSCodeProject\OPC\main.py", line 60, in run_code
    error = e.stderr.strip() or str(e)
            ^^^^^^^^^^^^^^
AttributeError: 'NoneType' object has no attribute 'strip'
2023-09-19 22:57:11,095 INFO: 127.0.0.1 - - [19/Sep/2023 22:57:11] "[35m[1mPOST /runcode HTTP/1.1[0m" 500 -
2023-09-19 22:57:12,589 INFO: 127.0.0.1 - - [19/Sep/2023 22:57:12] "GET / HTTP/1.1" 200 -
2023-09-19 22:57:12,735 INFO: 127.0.0.1 - - [19/Sep/2023 22:57:12] "[36mGET /static/js/script.js?v=2 HTTP/1.1[0m" 304 -
2023-09-19 22:57:12,738 INFO: 127.0.0.1 - - [19/Sep/2023 22:57:12] "[36mGET /static/css/style.css?v=2 HTTP/1.1[0m" 304 -
2023-09-19 22:57:16,774 ERROR: Exception on /runcode [POST]
Traceback (most recent call last):
  File "E:\VSCodeProject\OPC\main.py", line 51, in run_code
    subprocess.run(compile_cmd, check=True)
  File "C:\Program Files\WindowsApps\PythonSoftwareFoundation.Python.3.11_3.11.1520.0_x64__qbz5n2kfra8p0\Lib\subprocess.py", line 571, in run
    raise CalledProcessError(retcode, process.args,
subprocess.CalledProcessError: Command '['go', 'build', '-o', 'builds/go/execute.go']' returned non-zero exit status 1.

During handling of the above exception, another exception occurred:

Traceback (most recent call last):
  File "E:\VSCodeProject\OPC\venv\Lib\site-packages\flask\app.py", line 2190, in wsgi_app
    response = self.full_dispatch_request()
               ^^^^^^^^^^^^^^^^^^^^^^^^^^^^
  File "E:\VSCodeProject\OPC\venv\Lib\site-packages\flask\app.py", line 1486, in full_dispatch_request
    rv = self.handle_user_exception(e)
         ^^^^^^^^^^^^^^^^^^^^^^^^^^^^^
  File "E:\VSCodeProject\OPC\venv\Lib\site-packages\flask\app.py", line 1484, in full_dispatch_request
    rv = self.dispatch_request()
         ^^^^^^^^^^^^^^^^^^^^^^^
  File "E:\VSCodeProject\OPC\venv\Lib\site-packages\flask\app.py", line 1469, in dispatch_request
    return self.ensure_sync(self.view_functions[rule.endpoint])(**view_args)
           ^^^^^^^^^^^^^^^^^^^^^^^^^^^^^^^^^^^^^^^^^^^^^^^^^^^^^^^^^^^^^^^^^
  File "E:\VSCodeProject\OPC\main.py", line 60, in run_code
    error = e.stderr.strip() or str(e)
            ^^^^^^^^^^^^^^
AttributeError: 'NoneType' object has no attribute 'strip'
2023-09-19 22:57:16,776 INFO: 127.0.0.1 - - [19/Sep/2023 22:57:16] "[35m[1mPOST /runcode HTTP/1.1[0m" 500 -
2023-09-19 22:58:52,692 DEBUG: Code execution started
2023-09-19 22:58:52,715 INFO: [31m[1mWARNING: This is a development server. Do not use it in a production deployment. Use a production WSGI server instead.[0m
 * Running on http://127.0.0.1:5000
2023-09-19 22:58:52,715 INFO: [33mPress CTRL+C to quit[0m
2023-09-19 22:59:12,522 INFO: 127.0.0.1 - - [19/Sep/2023 22:59:12] "GET / HTTP/1.1" 200 -
2023-09-19 22:59:12,672 INFO: 127.0.0.1 - - [19/Sep/2023 22:59:12] "[36mGET /static/css/style.css?v=2 HTTP/1.1[0m" 304 -
2023-09-19 22:59:12,675 INFO: 127.0.0.1 - - [19/Sep/2023 22:59:12] "[36mGET /static/js/script.js?v=2 HTTP/1.1[0m" 304 -
2023-09-19 22:59:15,424 ERROR: Exception on /runcode [POST]
Traceback (most recent call last):
  File "E:\VSCodeProject\OPC\main.py", line 51, in run_code
    subprocess.run(compile_cmd, check=True)
  File "C:\Program Files\WindowsApps\PythonSoftwareFoundation.Python.3.11_3.11.1520.0_x64__qbz5n2kfra8p0\Lib\subprocess.py", line 571, in run
    raise CalledProcessError(retcode, process.args,
subprocess.CalledProcessError: Command '['go', 'build', '-o', 'builds/go/execute.go']' returned non-zero exit status 1.

During handling of the above exception, another exception occurred:

Traceback (most recent call last):
  File "E:\VSCodeProject\OPC\venv\Lib\site-packages\flask\app.py", line 2190, in wsgi_app
    response = self.full_dispatch_request()
               ^^^^^^^^^^^^^^^^^^^^^^^^^^^^
  File "E:\VSCodeProject\OPC\venv\Lib\site-packages\flask\app.py", line 1486, in full_dispatch_request
    rv = self.handle_user_exception(e)
         ^^^^^^^^^^^^^^^^^^^^^^^^^^^^^
  File "E:\VSCodeProject\OPC\venv\Lib\site-packages\flask\app.py", line 1484, in full_dispatch_request
    rv = self.dispatch_request()
         ^^^^^^^^^^^^^^^^^^^^^^^
  File "E:\VSCodeProject\OPC\venv\Lib\site-packages\flask\app.py", line 1469, in dispatch_request
    return self.ensure_sync(self.view_functions[rule.endpoint])(**view_args)
           ^^^^^^^^^^^^^^^^^^^^^^^^^^^^^^^^^^^^^^^^^^^^^^^^^^^^^^^^^^^^^^^^^
  File "E:\VSCodeProject\OPC\main.py", line 60, in run_code
    error = e.stderr.strip() or str(e)
            ^^^^^^^^^^^^^^
AttributeError: 'NoneType' object has no attribute 'strip'
2023-09-19 22:59:15,429 INFO: 127.0.0.1 - - [19/Sep/2023 22:59:15] "[35m[1mPOST /runcode HTTP/1.1[0m" 500 -
2023-09-19 22:59:32,983 DEBUG: Code execution started
2023-09-19 22:59:33,003 INFO: [31m[1mWARNING: This is a development server. Do not use it in a production deployment. Use a production WSGI server instead.[0m
 * Running on http://127.0.0.1:5000
2023-09-19 22:59:33,003 INFO: [33mPress CTRL+C to quit[0m
2023-09-19 22:59:35,450 ERROR: Exception on /runcode [POST]
Traceback (most recent call last):
  File "E:\VSCodeProject\OPC\main.py", line 51, in run_code
    subprocess.run(compile_cmd, check=True)
  File "C:\Program Files\WindowsApps\PythonSoftwareFoundation.Python.3.11_3.11.1520.0_x64__qbz5n2kfra8p0\Lib\subprocess.py", line 571, in run
    raise CalledProcessError(retcode, process.args,
subprocess.CalledProcessError: Command '['go', 'build', '-o', 'builds/go/execute.go']' returned non-zero exit status 1.

During handling of the above exception, another exception occurred:

Traceback (most recent call last):
  File "E:\VSCodeProject\OPC\venv\Lib\site-packages\flask\app.py", line 2190, in wsgi_app
    response = self.full_dispatch_request()
               ^^^^^^^^^^^^^^^^^^^^^^^^^^^^
  File "E:\VSCodeProject\OPC\venv\Lib\site-packages\flask\app.py", line 1486, in full_dispatch_request
    rv = self.handle_user_exception(e)
         ^^^^^^^^^^^^^^^^^^^^^^^^^^^^^
  File "E:\VSCodeProject\OPC\venv\Lib\site-packages\flask\app.py", line 1484, in full_dispatch_request
    rv = self.dispatch_request()
         ^^^^^^^^^^^^^^^^^^^^^^^
  File "E:\VSCodeProject\OPC\venv\Lib\site-packages\flask\app.py", line 1469, in dispatch_request
    return self.ensure_sync(self.view_functions[rule.endpoint])(**view_args)
           ^^^^^^^^^^^^^^^^^^^^^^^^^^^^^^^^^^^^^^^^^^^^^^^^^^^^^^^^^^^^^^^^^
  File "E:\VSCodeProject\OPC\main.py", line 60, in run_code
    error = e.stderr.strip() or str(e)
            ^^^^^^^^^^^^^^
AttributeError: 'NoneType' object has no attribute 'strip'
2023-09-19 22:59:35,457 INFO: 127.0.0.1 - - [19/Sep/2023 22:59:35] "[35m[1mPOST /runcode HTTP/1.1[0m" 500 -
2023-09-19 22:59:38,896 INFO: start executing python code
2023-09-19 22:59:38,897 INFO: 127.0.0.1 - - [19/Sep/2023 22:59:38] "POST /runcode HTTP/1.1" 200 -
2023-09-19 22:59:41,420 ERROR: Exception on /runcode [POST]
Traceback (most recent call last):
  File "E:\VSCodeProject\OPC\main.py", line 51, in run_code
    subprocess.run(compile_cmd, check=True)
  File "C:\Program Files\WindowsApps\PythonSoftwareFoundation.Python.3.11_3.11.1520.0_x64__qbz5n2kfra8p0\Lib\subprocess.py", line 571, in run
    raise CalledProcessError(retcode, process.args,
subprocess.CalledProcessError: Command '['go', 'build', '-o', 'builds/go/execute.go']' returned non-zero exit status 1.

During handling of the above exception, another exception occurred:

Traceback (most recent call last):
  File "E:\VSCodeProject\OPC\venv\Lib\site-packages\flask\app.py", line 2190, in wsgi_app
    response = self.full_dispatch_request()
               ^^^^^^^^^^^^^^^^^^^^^^^^^^^^
  File "E:\VSCodeProject\OPC\venv\Lib\site-packages\flask\app.py", line 1486, in full_dispatch_request
    rv = self.handle_user_exception(e)
         ^^^^^^^^^^^^^^^^^^^^^^^^^^^^^
  File "E:\VSCodeProject\OPC\venv\Lib\site-packages\flask\app.py", line 1484, in full_dispatch_request
    rv = self.dispatch_request()
         ^^^^^^^^^^^^^^^^^^^^^^^
  File "E:\VSCodeProject\OPC\venv\Lib\site-packages\flask\app.py", line 1469, in dispatch_request
    return self.ensure_sync(self.view_functions[rule.endpoint])(**view_args)
           ^^^^^^^^^^^^^^^^^^^^^^^^^^^^^^^^^^^^^^^^^^^^^^^^^^^^^^^^^^^^^^^^^
  File "E:\VSCodeProject\OPC\main.py", line 60, in run_code
    error = e.stderr.strip() or str(e)
            ^^^^^^^^^^^^^^
AttributeError: 'NoneType' object has no attribute 'strip'
2023-09-19 22:59:41,422 INFO: 127.0.0.1 - - [19/Sep/2023 22:59:41] "[35m[1mPOST /runcode HTTP/1.1[0m" 500 -
2023-09-19 22:59:57,855 INFO: 127.0.0.1 - - [19/Sep/2023 22:59:57] "POST /runcode HTTP/1.1" 200 -
2023-09-19 23:01:31,226 DEBUG: Code execution started
2023-09-19 23:01:31,242 INFO: [31m[1mWARNING: This is a development server. Do not use it in a production deployment. Use a production WSGI server instead.[0m
 * Running on http://127.0.0.1:5000
2023-09-19 23:01:31,242 INFO: [33mPress CTRL+C to quit[0m
2023-09-19 23:01:39,227 INFO: 127.0.0.1 - - [19/Sep/2023 23:01:39] "POST /runcode HTTP/1.1" 200 -
2023-09-19 23:02:11,441 DEBUG: Code execution started
2023-09-19 23:02:11,459 INFO: [31m[1mWARNING: This is a development server. Do not use it in a production deployment. Use a production WSGI server instead.[0m
 * Running on http://127.0.0.1:5000
2023-09-19 23:02:11,459 INFO: [33mPress CTRL+C to quit[0m
2023-09-19 23:02:20,248 INFO: start executing c or cpp code
2023-09-19 23:02:20,248 DEBUG: Code file created at builds/ruby/code.ruby
2023-09-19 23:02:20,398 INFO: Code executed, stdout: Hello, World!, stderr: None
2023-09-19 23:02:20,399 INFO: 127.0.0.1 - - [19/Sep/2023 23:02:20] "POST /runcode HTTP/1.1" 200 -
2023-09-19 23:02:28,853 INFO: start executing c or cpp code
2023-09-19 23:02:30,457 DEBUG: Code file created at builds/go/code.go
2023-09-19 23:02:35,192 INFO: 127.0.0.1 - - [19/Sep/2023 23:02:35] "POST /runcode HTTP/1.1" 200 -
2023-09-19 23:03:45,574 DEBUG: Code execution started
2023-09-19 23:03:45,590 INFO: [31m[1mWARNING: This is a development server. Do not use it in a production deployment. Use a production WSGI server instead.[0m
 * Running on http://127.0.0.1:5000
2023-09-19 23:03:45,591 INFO: [33mPress CTRL+C to quit[0m
2023-09-19 23:04:18,803 INFO: start executing c or cpp code
2023-09-19 23:04:19,997 DEBUG: Code file created at builds/go/code.go
2023-09-19 23:04:23,827 INFO: 127.0.0.1 - - [19/Sep/2023 23:04:23] "POST /runcode HTTP/1.1" 200 -
2023-09-19 23:04:56,859 DEBUG: Code execution started
2023-09-19 23:04:56,876 INFO: [31m[1mWARNING: This is a development server. Do not use it in a production deployment. Use a production WSGI server instead.[0m
 * Running on http://127.0.0.1:5000
2023-09-19 23:04:56,876 INFO: [33mPress CTRL+C to quit[0m
2023-09-19 23:05:31,874 INFO: start executing c or cpp code
2023-09-19 23:05:34,966 DEBUG: Code file created at builds/go/code.go
2023-09-19 23:07:53,670 DEBUG: Code execution started
2023-09-19 23:07:53,698 INFO: [31m[1mWARNING: This is a development server. Do not use it in a production deployment. Use a production WSGI server instead.[0m
 * Running on http://127.0.0.1:5000
2023-09-19 23:07:53,698 INFO: [33mPress CTRL+C to quit[0m
2023-09-19 23:08:48,782 INFO: start executing c or cpp code
2023-09-19 23:08:49,768 DEBUG: Code file created at builds/go/code.go
2023-09-19 23:08:53,956 INFO: 127.0.0.1 - - [19/Sep/2023 23:08:53] "POST /runcode HTTP/1.1" 200 -
2023-09-19 23:08:55,725 INFO: start executing c or cpp code
2023-09-19 23:09:11,181 DEBUG: Code file created at builds/go/code.go
2023-09-19 23:11:22,895 DEBUG: Code execution started
2023-09-19 23:11:22,913 INFO: [31m[1mWARNING: This is a development server. Do not use it in a production deployment. Use a production WSGI server instead.[0m
 * Running on http://127.0.0.1:5000
2023-09-19 23:11:22,913 INFO: [33mPress CTRL+C to quit[0m
2023-09-19 23:11:28,027 INFO: start executing c or cpp code
2023-09-19 23:11:29,168 DEBUG: Code file created at builds/go/code.go
2023-09-19 23:11:39,200 INFO: Code compiled with command: go build builds/go/code.go
2023-09-19 23:11:40,787 INFO: Code executed, stdout: , stderr: package builds/go is not in std (C:\Program Files\Go\src\builds\go)
2023-09-19 23:11:43,174 INFO: 127.0.0.1 - - [19/Sep/2023 23:11:43] "POST /runcode HTTP/1.1" 200 -
2023-09-19 23:13:15,934 DEBUG: Code execution started
2023-09-19 23:13:15,943 INFO: [31m[1mWARNING: This is a development server. Do not use it in a production deployment. Use a production WSGI server instead.[0m
 * Running on http://127.0.0.1:5000
2023-09-19 23:13:15,943 INFO: [33mPress CTRL+C to quit[0m
2023-09-19 23:13:19,559 INFO: 127.0.0.1 - - [19/Sep/2023 23:13:19] "GET / HTTP/1.1" 200 -
2023-09-19 23:13:19,698 INFO: 127.0.0.1 - - [19/Sep/2023 23:13:19] "GET /static/js/script.js?v=2 HTTP/1.1" 200 -
2023-09-19 23:13:19,701 INFO: 127.0.0.1 - - [19/Sep/2023 23:13:19] "[36mGET /static/css/style.css?v=2 HTTP/1.1[0m" 304 -
2023-09-19 23:14:01,016 INFO: 127.0.0.1 - - [19/Sep/2023 23:14:01] "GET / HTTP/1.1" 200 -
2023-09-19 23:14:01,034 INFO: 127.0.0.1 - - [19/Sep/2023 23:14:01] "[36mGET /static/css/style.css?v=2 HTTP/1.1[0m" 304 -
2023-09-19 23:14:01,034 INFO: 127.0.0.1 - - [19/Sep/2023 23:14:01] "GET /static/js/script.js?v=2 HTTP/1.1" 200 -
2023-09-19 23:14:49,837 INFO: 127.0.0.1 - - [19/Sep/2023 23:14:49] "GET / HTTP/1.1" 200 -
2023-09-19 23:14:49,849 INFO: 127.0.0.1 - - [19/Sep/2023 23:14:49] "[36mGET /static/css/style.css?v=2 HTTP/1.1[0m" 304 -
2023-09-19 23:14:49,852 INFO: 127.0.0.1 - - [19/Sep/2023 23:14:49] "GET /static/js/script.js?v=2 HTTP/1.1" 200 -
2023-09-19 23:15:45,907 INFO: 127.0.0.1 - - [19/Sep/2023 23:15:45] "GET / HTTP/1.1" 200 -
2023-09-19 23:15:45,918 INFO: 127.0.0.1 - - [19/Sep/2023 23:15:45] "[36mGET /static/css/style.css?v=2 HTTP/1.1[0m" 304 -
2023-09-19 23:15:45,922 INFO: 127.0.0.1 - - [19/Sep/2023 23:15:45] "GET /static/js/script.js?v=2 HTTP/1.1" 200 -
2023-09-19 23:15:49,873 INFO: 127.0.0.1 - - [19/Sep/2023 23:15:49] "GET / HTTP/1.1" 200 -
2023-09-19 23:15:49,882 INFO: 127.0.0.1 - - [19/Sep/2023 23:15:49] "[36mGET /static/css/style.css?v=2 HTTP/1.1[0m" 304 -
2023-09-19 23:15:49,885 INFO: 127.0.0.1 - - [19/Sep/2023 23:15:49] "[36mGET /static/js/script.js?v=2 HTTP/1.1[0m" 304 -
2023-09-19 23:15:55,204 INFO: 127.0.0.1 - - [19/Sep/2023 23:15:55] "GET / HTTP/1.1" 200 -
2023-09-19 23:15:55,216 INFO: 127.0.0.1 - - [19/Sep/2023 23:15:55] "[36mGET /static/css/style.css?v=2 HTTP/1.1[0m" 304 -
2023-09-19 23:15:55,219 INFO: 127.0.0.1 - - [19/Sep/2023 23:15:55] "GET /static/js/script.js?v=2 HTTP/1.1" 200 -
2023-09-19 23:16:06,177 INFO: 127.0.0.1 - - [19/Sep/2023 23:16:06] "GET / HTTP/1.1" 200 -
2023-09-19 23:16:06,196 INFO: 127.0.0.1 - - [19/Sep/2023 23:16:06] "[36mGET /static/css/style.css?v=2 HTTP/1.1[0m" 304 -
2023-09-19 23:16:06,198 INFO: 127.0.0.1 - - [19/Sep/2023 23:16:06] "GET /static/js/script.js?v=2 HTTP/1.1" 200 -
2023-09-19 23:16:07,776 INFO: 127.0.0.1 - - [19/Sep/2023 23:16:07] "[36mGET /static/css/style.css?v=2 HTTP/1.1[0m" 304 -
2023-09-19 23:16:16,729 INFO: 127.0.0.1 - - [19/Sep/2023 23:16:16] "GET / HTTP/1.1" 200 -
2023-09-19 23:16:16,738 INFO: 127.0.0.1 - - [19/Sep/2023 23:16:16] "[36mGET /static/css/style.css?v=2 HTTP/1.1[0m" 304 -
2023-09-19 23:16:16,742 INFO: 127.0.0.1 - - [19/Sep/2023 23:16:16] "GET /static/js/script.js?v=2 HTTP/1.1" 200 -
2023-09-19 23:16:38,618 INFO: 127.0.0.1 - - [19/Sep/2023 23:16:38] "GET / HTTP/1.1" 200 -
2023-09-19 23:16:38,628 INFO: 127.0.0.1 - - [19/Sep/2023 23:16:38] "[36mGET /static/css/style.css?v=2 HTTP/1.1[0m" 304 -
2023-09-19 23:16:38,631 INFO: 127.0.0.1 - - [19/Sep/2023 23:16:38] "GET /static/js/script.js?v=2 HTTP/1.1" 200 -
2023-09-19 23:16:55,088 INFO: 127.0.0.1 - - [19/Sep/2023 23:16:55] "GET / HTTP/1.1" 200 -
2023-09-19 23:16:55,097 INFO: 127.0.0.1 - - [19/Sep/2023 23:16:55] "[36mGET /static/css/style.css?v=2 HTTP/1.1[0m" 304 -
2023-09-19 23:16:55,100 INFO: 127.0.0.1 - - [19/Sep/2023 23:16:55] "GET /static/js/script.js?v=2 HTTP/1.1" 200 -
2023-09-19 23:18:10,979 INFO: 127.0.0.1 - - [19/Sep/2023 23:18:10] "GET / HTTP/1.1" 200 -
2023-09-19 23:18:10,997 INFO: 127.0.0.1 - - [19/Sep/2023 23:18:10] "[36mGET /static/css/style.css?v=2 HTTP/1.1[0m" 304 -
2023-09-19 23:18:11,000 INFO: 127.0.0.1 - - [19/Sep/2023 23:18:11] "GET /static/js/script.js?v=2 HTTP/1.1" 200 -
2023-09-19 23:18:22,955 INFO: 127.0.0.1 - - [19/Sep/2023 23:18:22] "GET / HTTP/1.1" 200 -
2023-09-19 23:18:22,966 INFO: 127.0.0.1 - - [19/Sep/2023 23:18:22] "[36mGET /static/css/style.css?v=2 HTTP/1.1[0m" 304 -
2023-09-19 23:18:22,969 INFO: 127.0.0.1 - - [19/Sep/2023 23:18:22] "GET /static/js/script.js?v=2 HTTP/1.1" 200 -
2023-09-19 23:18:30,163 INFO: start executing javascript code
2023-09-19 23:18:30,163 DEBUG: Code file created at builds/js/code.js
2023-09-19 23:18:30,214 INFO: Code executed, stdout: Hello,world!, stderr: None
2023-09-19 23:18:30,214 INFO: 127.0.0.1 - - [19/Sep/2023 23:18:30] "POST /runcode HTTP/1.1" 200 -
2023-09-19 23:18:32,157 INFO: start executing python code
2023-09-19 23:18:32,157 DEBUG: Python code executed, output: Hello,world!
2023-09-19 23:18:32,157 INFO: 127.0.0.1 - - [19/Sep/2023 23:18:32] "POST /runcode HTTP/1.1" 200 -
2023-09-19 23:18:35,488 INFO: start executing c or cpp code
2023-09-19 23:18:35,488 DEBUG: Code file created at builds/ruby/code.ruby
2023-09-19 23:18:35,631 INFO: Code executed, stdout: , stderr: builds/ruby/code.ruby:1:in `<main>': undefined method `pust' for main:Object (NoMethodError)

pust 'hello, world!'
^^^^
Did you mean?  puts
2023-09-19 23:18:35,631 INFO: 127.0.0.1 - - [19/Sep/2023 23:18:35] "POST /runcode HTTP/1.1" 200 -
2023-09-19 23:18:39,677 INFO: start executing c or cpp code
2023-09-19 23:18:39,677 DEBUG: Code file created at builds/ruby/code.ruby
2023-09-19 23:18:39,814 INFO: Code executed, stdout: hello, world!, stderr: None
2023-09-19 23:18:39,815 INFO: 127.0.0.1 - - [19/Sep/2023 23:18:39] "POST /runcode HTTP/1.1" 200 -
